2017-03-18 14:57:37 [scrapy.utils.log] INFO: Scrapy 1.3.3 started (bot: web_news)
2017-03-18 14:57:37 [scrapy.utils.log] INFO: Overridden settings: {'NEWSPIDER_MODULE': 'web_news.spiders', 'SPIDER_MODULES': ['web_news.spiders'], 'LOG_LEVEL': 'INFO', 'CONCURRENT_REQUESTS_PER_DOMAIN': 32, 'DUPEFILTER_CLASS': 'scrapy_redis.dupefilter.RFPDupeFilter', 'CONCURRENT_REQUESTS': 32, 'METAREFRESH_ENABLED': False, 'CONCURRENT_REQUESTS_PER_IP': 32, 'BOT_NAME': 'web_news', 'USER_AGENT': 'Mozilla/5.0 (Windows NT 10.0) AppleWebKit/537.36 (KHTML, like Gecko) Chrome/45.0.2454.101 Safari/537.36', 'SCHEDULER': 'scrapy_redis.scheduler.Scheduler', 'REDIRECT_ENABLED': False, 'LOG_FILE': 'dj_log/guangxidj.log', 'DOWNLOAD_DELAY': 0.25}
2017-03-18 14:57:37 [scrapy.middleware] INFO: Enabled extensions:
['scrapy.extensions.closespider.CloseSpider',
 'scrapy.extensions.logstats.LogStats',
 'scrapy.extensions.corestats.CoreStats']
2017-03-18 14:57:37 [guangxidj] INFO: get key 1
2017-03-18 14:57:37 [scrapy.middleware] INFO: Enabled downloader middlewares:
['scrapy.downloadermiddlewares.httpauth.HttpAuthMiddleware',
 'scrapy.downloadermiddlewares.downloadtimeout.DownloadTimeoutMiddleware',
 'scrapy.downloadermiddlewares.defaultheaders.DefaultHeadersMiddleware',
 'scrapy.downloadermiddlewares.useragent.UserAgentMiddleware',
 'scrapy.downloadermiddlewares.retry.RetryMiddleware',
 'scrapy.downloadermiddlewares.httpcompression.HttpCompressionMiddleware',
 'scrapy.downloadermiddlewares.cookies.CookiesMiddleware',
 'scrapy.downloadermiddlewares.stats.DownloaderStats']
2017-03-18 14:57:37 [scrapy.middleware] INFO: Enabled spider middlewares:
['scrapy.spidermiddlewares.httperror.HttpErrorMiddleware',
 'scrapy.spidermiddlewares.offsite.OffsiteMiddleware',
 'scrapy.spidermiddlewares.referer.RefererMiddleware',
 'scrapy.spidermiddlewares.urllength.UrlLengthMiddleware',
 'scrapy.spidermiddlewares.depth.DepthMiddleware']
2017-03-18 14:57:37 [scrapy.middleware] INFO: Enabled item pipelines:
['web_news.pipelines.MongoDBPipeline']
2017-03-18 14:57:37 [scrapy.core.engine] INFO: Spider opened
2017-03-18 14:57:37 [scrapy.extensions.logstats] INFO: Crawled 0 pages (at 0 pages/min), scraped 0 items (at 0 items/min)
2017-03-18 15:02:40 [guangxidj] INFO: wait 1 spiders to stop
2017-03-18 15:02:40 [guangxidj] INFO: all slave spider exit
2017-03-18 15:02:40 [guangxidj] INFO: publish to restart
2017-03-18 15:02:40 [guangxidj] INFO: restart
2017-03-18 15:02:40 [guangxidj] INFO: get key 1
2017-03-18 15:02:40 [scrapy.extensions.logstats] INFO: Crawled 1 pages (at 1 pages/min), scraped 0 items (at 0 items/min)
2017-03-18 15:07:41 [guangxidj] INFO: wait 1 spiders to stop
2017-03-18 15:07:41 [guangxidj] INFO: all slave spider exit
2017-03-18 15:07:41 [guangxidj] INFO: publish to restart
2017-03-18 15:07:41 [guangxidj] INFO: restart
2017-03-18 15:07:41 [guangxidj] INFO: get key 1
2017-03-18 15:07:41 [scrapy.extensions.logstats] INFO: Crawled 2 pages (at 1 pages/min), scraped 0 items (at 0 items/min)
2017-03-18 15:12:14 [scrapy.utils.log] INFO: Scrapy 1.3.3 started (bot: web_news)
2017-03-18 15:12:14 [scrapy.utils.log] INFO: Overridden settings: {'NEWSPIDER_MODULE': 'web_news.spiders', 'SPIDER_MODULES': ['web_news.spiders'], 'LOG_LEVEL': 'INFO', 'CONCURRENT_REQUESTS_PER_DOMAIN': 32, 'DUPEFILTER_CLASS': 'scrapy_redis.dupefilter.RFPDupeFilter', 'CONCURRENT_REQUESTS': 32, 'METAREFRESH_ENABLED': False, 'CONCURRENT_REQUESTS_PER_IP': 32, 'BOT_NAME': 'web_news', 'USER_AGENT': 'Mozilla/5.0 (Windows NT 10.0) AppleWebKit/537.36 (KHTML, like Gecko) Chrome/45.0.2454.101 Safari/537.36', 'SCHEDULER': 'scrapy_redis.scheduler.Scheduler', 'REDIRECT_ENABLED': False, 'LOG_FILE': 'dj_log/guangxidj.log', 'DOWNLOAD_DELAY': 0.25}
2017-03-18 15:12:14 [scrapy.middleware] INFO: Enabled extensions:
['scrapy.extensions.closespider.CloseSpider',
 'scrapy.extensions.logstats.LogStats',
 'scrapy.extensions.corestats.CoreStats']
2017-03-18 15:12:14 [guangxidj] INFO: get key 1
2017-03-18 15:12:14 [scrapy.middleware] INFO: Enabled downloader middlewares:
['scrapy.downloadermiddlewares.httpauth.HttpAuthMiddleware',
 'scrapy.downloadermiddlewares.downloadtimeout.DownloadTimeoutMiddleware',
 'scrapy.downloadermiddlewares.defaultheaders.DefaultHeadersMiddleware',
 'scrapy.downloadermiddlewares.useragent.UserAgentMiddleware',
 'scrapy.downloadermiddlewares.retry.RetryMiddleware',
 'scrapy.downloadermiddlewares.httpcompression.HttpCompressionMiddleware',
 'scrapy.downloadermiddlewares.cookies.CookiesMiddleware',
 'scrapy.downloadermiddlewares.stats.DownloaderStats']
2017-03-18 15:12:14 [scrapy.middleware] INFO: Enabled spider middlewares:
['scrapy.spidermiddlewares.httperror.HttpErrorMiddleware',
 'scrapy.spidermiddlewares.offsite.OffsiteMiddleware',
 'scrapy.spidermiddlewares.referer.RefererMiddleware',
 'scrapy.spidermiddlewares.urllength.UrlLengthMiddleware',
 'scrapy.spidermiddlewares.depth.DepthMiddleware']
2017-03-18 15:12:14 [scrapy.middleware] INFO: Enabled item pipelines:
['web_news.pipelines.MongoDBPipeline']
2017-03-18 15:12:14 [scrapy.core.engine] INFO: Spider opened
2017-03-18 15:12:14 [scrapy.extensions.logstats] INFO: Crawled 0 pages (at 0 pages/min), scraped 0 items (at 0 items/min)
2017-03-18 15:17:17 [guangxidj] INFO: wait 1 spiders to stop
2017-03-18 15:17:17 [guangxidj] INFO: all slave spider exit
2017-03-18 15:17:17 [guangxidj] INFO: publish to restart
2017-03-18 15:17:17 [guangxidj] INFO: restart
2017-03-18 15:17:17 [guangxidj] INFO: get key 1
2017-03-18 15:17:17 [scrapy.extensions.logstats] INFO: Crawled 1 pages (at 1 pages/min), scraped 0 items (at 0 items/min)
2017-03-18 15:22:18 [guangxidj] INFO: wait 1 spiders to stop
2017-03-18 15:22:18 [guangxidj] INFO: all slave spider exit
2017-03-18 15:22:18 [guangxidj] INFO: publish to restart
2017-03-18 15:22:18 [guangxidj] INFO: restart
2017-03-18 15:22:18 [guangxidj] INFO: get key 1
2017-03-18 15:22:18 [scrapy.extensions.logstats] INFO: Crawled 2 pages (at 1 pages/min), scraped 0 items (at 0 items/min)
2017-03-18 15:27:19 [guangxidj] INFO: wait 1 spiders to stop
2017-03-18 15:27:19 [guangxidj] INFO: all slave spider exit
2017-03-18 15:27:19 [guangxidj] INFO: publish to restart
2017-03-18 15:27:19 [guangxidj] INFO: restart
2017-03-18 15:27:19 [guangxidj] INFO: get key 1
2017-03-18 15:27:19 [scrapy.extensions.logstats] INFO: Crawled 3 pages (at 1 pages/min), scraped 0 items (at 0 items/min)
2017-03-18 15:32:20 [guangxidj] INFO: wait 1 spiders to stop
2017-03-18 15:32:20 [guangxidj] INFO: all slave spider exit
2017-03-18 15:32:20 [guangxidj] INFO: publish to restart
2017-03-18 15:32:20 [guangxidj] INFO: restart
2017-03-18 15:32:20 [guangxidj] INFO: get key 1
2017-03-18 15:32:20 [scrapy.extensions.logstats] INFO: Crawled 4 pages (at 1 pages/min), scraped 0 items (at 0 items/min)
2017-03-18 15:37:21 [guangxidj] INFO: wait 1 spiders to stop
2017-03-18 15:37:21 [guangxidj] INFO: all slave spider exit
2017-03-18 15:37:21 [guangxidj] INFO: publish to restart
2017-03-18 15:37:21 [guangxidj] INFO: restart
2017-03-18 15:37:21 [guangxidj] INFO: get key 1
2017-03-18 15:37:21 [scrapy.extensions.logstats] INFO: Crawled 5 pages (at 1 pages/min), scraped 0 items (at 0 items/min)
2017-03-18 18:40:40 [scrapy.utils.log] INFO: Scrapy 1.3.3 started (bot: web_news)
2017-03-18 18:40:40 [scrapy.utils.log] INFO: Overridden settings: {'NEWSPIDER_MODULE': 'web_news.spiders', 'SPIDER_MODULES': ['web_news.spiders'], 'LOG_LEVEL': 'INFO', 'CONCURRENT_REQUESTS_PER_DOMAIN': 32, 'DUPEFILTER_CLASS': 'scrapy_redis.dupefilter.RFPDupeFilter', 'CONCURRENT_REQUESTS': 32, 'METAREFRESH_ENABLED': False, 'CONCURRENT_REQUESTS_PER_IP': 32, 'BOT_NAME': 'web_news', 'USER_AGENT': 'Mozilla/5.0 (Windows NT 10.0) AppleWebKit/537.36 (KHTML, like Gecko) Chrome/45.0.2454.101 Safari/537.36', 'SCHEDULER': 'scrapy_redis.scheduler.Scheduler', 'REDIRECT_ENABLED': False, 'LOG_FILE': 'dj_log/guangxidj.log', 'DOWNLOAD_DELAY': 0.25}
2017-03-18 18:40:40 [scrapy.middleware] INFO: Enabled extensions:
['scrapy.extensions.closespider.CloseSpider',
 'scrapy.extensions.logstats.LogStats',
 'scrapy.extensions.corestats.CoreStats']
2017-03-18 18:40:40 [guangxidj] INFO: get key 1
2017-03-18 18:40:40 [scrapy.middleware] INFO: Enabled downloader middlewares:
['scrapy.downloadermiddlewares.httpauth.HttpAuthMiddleware',
 'scrapy.downloadermiddlewares.downloadtimeout.DownloadTimeoutMiddleware',
 'scrapy.downloadermiddlewares.defaultheaders.DefaultHeadersMiddleware',
 'scrapy.downloadermiddlewares.useragent.UserAgentMiddleware',
 'scrapy.downloadermiddlewares.retry.RetryMiddleware',
 'scrapy.downloadermiddlewares.httpcompression.HttpCompressionMiddleware',
 'scrapy.downloadermiddlewares.cookies.CookiesMiddleware',
 'scrapy.downloadermiddlewares.stats.DownloaderStats']
2017-03-18 18:40:40 [scrapy.middleware] INFO: Enabled spider middlewares:
['scrapy.spidermiddlewares.httperror.HttpErrorMiddleware',
 'scrapy.spidermiddlewares.offsite.OffsiteMiddleware',
 'scrapy.spidermiddlewares.referer.RefererMiddleware',
 'scrapy.spidermiddlewares.urllength.UrlLengthMiddleware',
 'scrapy.spidermiddlewares.depth.DepthMiddleware']
2017-03-18 18:40:40 [scrapy.middleware] INFO: Enabled item pipelines:
['web_news.pipelines.MongoDBPipeline']
2017-03-18 18:40:40 [scrapy.core.engine] INFO: Spider opened
2017-03-18 18:40:40 [scrapy.extensions.logstats] INFO: Crawled 0 pages (at 0 pages/min), scraped 0 items (at 0 items/min)
2017-03-18 18:40:45 [guangxidj] ERROR: error url: http://www.gxjgdj.com/Item/11163.aspx error msg: expected string or buffer
2017-03-18 18:40:45 [guangxidj] WARNING:  url: http://www.gxjgdj.com/Item/11163.aspx msg:  content is None
2017-03-18 18:40:54 [web_news.misc.spiderredis] INFO: idel
2017-03-18 18:45:54 [guangxidj] INFO: wait 1 spiders to stop
2017-03-18 18:45:54 [guangxidj] INFO: all slave spider exit
2017-03-18 18:45:54 [guangxidj] INFO: publish to restart
2017-03-18 18:45:54 [guangxidj] INFO: restart
2017-03-18 18:45:54 [guangxidj] INFO: get key 1
2017-03-18 18:45:54 [scrapy.extensions.logstats] INFO: Crawled 33 pages (at 33 pages/min), scraped 5 items (at 5 items/min)
2017-03-18 18:45:55 [web_news.misc.spiderredis] INFO: idel
2017-03-18 18:50:55 [guangxidj] INFO: wait 1 spiders to stop
2017-03-18 18:50:55 [guangxidj] INFO: all slave spider exit
2017-03-18 18:50:55 [guangxidj] INFO: publish to restart
2017-03-18 18:50:55 [guangxidj] INFO: restart
2017-03-18 18:50:55 [guangxidj] INFO: get key 1
2017-03-18 18:50:55 [scrapy.extensions.logstats] INFO: Crawled 34 pages (at 1 pages/min), scraped 5 items (at 0 items/min)
2017-03-18 18:50:56 [web_news.misc.spiderredis] INFO: idel
