2017-03-18 14:57:37 [scrapy.utils.log] INFO: Scrapy 1.3.3 started (bot: web_news)
2017-03-18 14:57:37 [scrapy.utils.log] INFO: Overridden settings: {'NEWSPIDER_MODULE': 'web_news.spiders', 'SPIDER_MODULES': ['web_news.spiders'], 'LOG_LEVEL': 'INFO', 'CONCURRENT_REQUESTS_PER_DOMAIN': 32, 'DUPEFILTER_CLASS': 'scrapy_redis.dupefilter.RFPDupeFilter', 'CONCURRENT_REQUESTS': 32, 'METAREFRESH_ENABLED': False, 'CONCURRENT_REQUESTS_PER_IP': 32, 'BOT_NAME': 'web_news', 'USER_AGENT': 'Mozilla/5.0 (Windows NT 10.0) AppleWebKit/537.36 (KHTML, like Gecko) Chrome/45.0.2454.101 Safari/537.36', 'SCHEDULER': 'scrapy_redis.scheduler.Scheduler', 'REDIRECT_ENABLED': False, 'LOG_FILE': 'dj_log/ningxiadj.log', 'DOWNLOAD_DELAY': 0.25}
2017-03-18 14:57:37 [scrapy.middleware] INFO: Enabled extensions:
['scrapy.extensions.closespider.CloseSpider',
 'scrapy.extensions.logstats.LogStats',
 'scrapy.extensions.corestats.CoreStats']
2017-03-18 14:57:37 [ningxiadj] INFO: get key 1
2017-03-18 14:57:37 [scrapy.middleware] INFO: Enabled downloader middlewares:
['scrapy.downloadermiddlewares.httpauth.HttpAuthMiddleware',
 'scrapy.downloadermiddlewares.downloadtimeout.DownloadTimeoutMiddleware',
 'scrapy.downloadermiddlewares.defaultheaders.DefaultHeadersMiddleware',
 'scrapy.downloadermiddlewares.useragent.UserAgentMiddleware',
 'scrapy.downloadermiddlewares.retry.RetryMiddleware',
 'scrapy.downloadermiddlewares.httpcompression.HttpCompressionMiddleware',
 'scrapy.downloadermiddlewares.cookies.CookiesMiddleware',
 'scrapy.downloadermiddlewares.stats.DownloaderStats']
2017-03-18 14:57:37 [scrapy.middleware] INFO: Enabled spider middlewares:
['scrapy.spidermiddlewares.httperror.HttpErrorMiddleware',
 'scrapy.spidermiddlewares.offsite.OffsiteMiddleware',
 'scrapy.spidermiddlewares.referer.RefererMiddleware',
 'scrapy.spidermiddlewares.urllength.UrlLengthMiddleware',
 'scrapy.spidermiddlewares.depth.DepthMiddleware']
2017-03-18 14:57:37 [scrapy.middleware] INFO: Enabled item pipelines:
['web_news.pipelines.MongoDBPipeline']
2017-03-18 14:57:37 [scrapy.core.engine] INFO: Spider opened
2017-03-18 14:57:37 [scrapy.extensions.logstats] INFO: Crawled 0 pages (at 0 pages/min), scraped 0 items (at 0 items/min)
2017-03-18 15:02:37 [ningxiadj] INFO: wait 1 spiders to stop
2017-03-18 15:02:37 [ningxiadj] INFO: all slave spider exit
2017-03-18 15:02:37 [ningxiadj] INFO: publish to restart
2017-03-18 15:02:37 [ningxiadj] INFO: restart
2017-03-18 15:02:37 [ningxiadj] INFO: get key 1
2017-03-18 15:02:38 [scrapy.extensions.logstats] INFO: Crawled 1 pages (at 1 pages/min), scraped 0 items (at 0 items/min)
2017-03-18 15:07:38 [ningxiadj] INFO: wait 1 spiders to stop
2017-03-18 15:07:38 [ningxiadj] INFO: all slave spider exit
2017-03-18 15:07:38 [ningxiadj] INFO: publish to restart
2017-03-18 15:07:38 [ningxiadj] INFO: restart
2017-03-18 15:07:38 [ningxiadj] INFO: get key 1
2017-03-18 15:07:38 [scrapy.extensions.logstats] INFO: Crawled 2 pages (at 1 pages/min), scraped 0 items (at 0 items/min)
2017-03-18 15:12:14 [scrapy.utils.log] INFO: Scrapy 1.3.3 started (bot: web_news)
2017-03-18 15:12:14 [scrapy.utils.log] INFO: Overridden settings: {'NEWSPIDER_MODULE': 'web_news.spiders', 'SPIDER_MODULES': ['web_news.spiders'], 'LOG_LEVEL': 'INFO', 'CONCURRENT_REQUESTS_PER_DOMAIN': 32, 'DUPEFILTER_CLASS': 'scrapy_redis.dupefilter.RFPDupeFilter', 'CONCURRENT_REQUESTS': 32, 'METAREFRESH_ENABLED': False, 'CONCURRENT_REQUESTS_PER_IP': 32, 'BOT_NAME': 'web_news', 'USER_AGENT': 'Mozilla/5.0 (Windows NT 10.0) AppleWebKit/537.36 (KHTML, like Gecko) Chrome/45.0.2454.101 Safari/537.36', 'SCHEDULER': 'scrapy_redis.scheduler.Scheduler', 'REDIRECT_ENABLED': False, 'LOG_FILE': 'dj_log/ningxiadj.log', 'DOWNLOAD_DELAY': 0.25}
2017-03-18 15:12:14 [scrapy.middleware] INFO: Enabled extensions:
['scrapy.extensions.closespider.CloseSpider',
 'scrapy.extensions.logstats.LogStats',
 'scrapy.extensions.corestats.CoreStats']
2017-03-18 15:12:14 [ningxiadj] INFO: get key 1
2017-03-18 15:12:14 [scrapy.middleware] INFO: Enabled downloader middlewares:
['scrapy.downloadermiddlewares.httpauth.HttpAuthMiddleware',
 'scrapy.downloadermiddlewares.downloadtimeout.DownloadTimeoutMiddleware',
 'scrapy.downloadermiddlewares.defaultheaders.DefaultHeadersMiddleware',
 'scrapy.downloadermiddlewares.useragent.UserAgentMiddleware',
 'scrapy.downloadermiddlewares.retry.RetryMiddleware',
 'scrapy.downloadermiddlewares.httpcompression.HttpCompressionMiddleware',
 'scrapy.downloadermiddlewares.cookies.CookiesMiddleware',
 'scrapy.downloadermiddlewares.stats.DownloaderStats']
2017-03-18 15:12:14 [scrapy.middleware] INFO: Enabled spider middlewares:
['scrapy.spidermiddlewares.httperror.HttpErrorMiddleware',
 'scrapy.spidermiddlewares.offsite.OffsiteMiddleware',
 'scrapy.spidermiddlewares.referer.RefererMiddleware',
 'scrapy.spidermiddlewares.urllength.UrlLengthMiddleware',
 'scrapy.spidermiddlewares.depth.DepthMiddleware']
2017-03-18 15:12:14 [scrapy.middleware] INFO: Enabled item pipelines:
['web_news.pipelines.MongoDBPipeline']
2017-03-18 15:12:14 [scrapy.core.engine] INFO: Spider opened
2017-03-18 15:12:14 [scrapy.extensions.logstats] INFO: Crawled 0 pages (at 0 pages/min), scraped 0 items (at 0 items/min)
2017-03-18 15:17:15 [ningxiadj] INFO: wait 1 spiders to stop
2017-03-18 15:17:15 [ningxiadj] INFO: all slave spider exit
2017-03-18 15:17:15 [ningxiadj] INFO: publish to restart
2017-03-18 15:17:15 [ningxiadj] INFO: restart
2017-03-18 15:17:15 [ningxiadj] INFO: get key 1
2017-03-18 15:17:15 [scrapy.extensions.logstats] INFO: Crawled 1 pages (at 1 pages/min), scraped 0 items (at 0 items/min)
2017-03-18 15:22:15 [ningxiadj] INFO: wait 1 spiders to stop
2017-03-18 15:22:15 [ningxiadj] INFO: all slave spider exit
2017-03-18 15:22:15 [ningxiadj] INFO: publish to restart
2017-03-18 15:22:15 [ningxiadj] INFO: restart
2017-03-18 15:22:15 [ningxiadj] INFO: get key 1
2017-03-18 15:22:15 [scrapy.extensions.logstats] INFO: Crawled 2 pages (at 1 pages/min), scraped 0 items (at 0 items/min)
2017-03-18 15:27:15 [ningxiadj] INFO: wait 1 spiders to stop
2017-03-18 15:27:15 [ningxiadj] INFO: all slave spider exit
2017-03-18 15:27:15 [ningxiadj] INFO: publish to restart
2017-03-18 15:27:15 [ningxiadj] INFO: restart
2017-03-18 15:27:15 [ningxiadj] INFO: get key 1
2017-03-18 15:27:15 [scrapy.extensions.logstats] INFO: Crawled 3 pages (at 1 pages/min), scraped 0 items (at 0 items/min)
2017-03-18 15:32:16 [ningxiadj] INFO: wait 1 spiders to stop
2017-03-18 15:32:16 [ningxiadj] INFO: all slave spider exit
2017-03-18 15:32:16 [ningxiadj] INFO: publish to restart
2017-03-18 15:32:16 [ningxiadj] INFO: restart
2017-03-18 15:32:16 [ningxiadj] INFO: get key 1
2017-03-18 15:32:16 [scrapy.extensions.logstats] INFO: Crawled 4 pages (at 1 pages/min), scraped 0 items (at 0 items/min)
2017-03-18 15:37:16 [ningxiadj] INFO: wait 1 spiders to stop
2017-03-18 15:37:16 [ningxiadj] INFO: all slave spider exit
2017-03-18 15:37:16 [ningxiadj] INFO: publish to restart
2017-03-18 15:37:16 [ningxiadj] INFO: restart
2017-03-18 15:37:16 [ningxiadj] INFO: get key 1
2017-03-18 15:37:16 [scrapy.extensions.logstats] INFO: Crawled 5 pages (at 1 pages/min), scraped 0 items (at 0 items/min)
2017-03-18 18:40:40 [scrapy.utils.log] INFO: Scrapy 1.3.3 started (bot: web_news)
2017-03-18 18:40:40 [scrapy.utils.log] INFO: Overridden settings: {'NEWSPIDER_MODULE': 'web_news.spiders', 'SPIDER_MODULES': ['web_news.spiders'], 'LOG_LEVEL': 'INFO', 'CONCURRENT_REQUESTS_PER_DOMAIN': 32, 'DUPEFILTER_CLASS': 'scrapy_redis.dupefilter.RFPDupeFilter', 'CONCURRENT_REQUESTS': 32, 'METAREFRESH_ENABLED': False, 'CONCURRENT_REQUESTS_PER_IP': 32, 'BOT_NAME': 'web_news', 'USER_AGENT': 'Mozilla/5.0 (Windows NT 10.0) AppleWebKit/537.36 (KHTML, like Gecko) Chrome/45.0.2454.101 Safari/537.36', 'SCHEDULER': 'scrapy_redis.scheduler.Scheduler', 'REDIRECT_ENABLED': False, 'LOG_FILE': 'dj_log/ningxiadj.log', 'DOWNLOAD_DELAY': 0.25}
2017-03-18 18:40:40 [scrapy.middleware] INFO: Enabled extensions:
['scrapy.extensions.closespider.CloseSpider',
 'scrapy.extensions.logstats.LogStats',
 'scrapy.extensions.corestats.CoreStats']
2017-03-18 18:40:40 [ningxiadj] INFO: get key 1
2017-03-18 18:40:40 [scrapy.middleware] INFO: Enabled downloader middlewares:
['scrapy.downloadermiddlewares.httpauth.HttpAuthMiddleware',
 'scrapy.downloadermiddlewares.downloadtimeout.DownloadTimeoutMiddleware',
 'scrapy.downloadermiddlewares.defaultheaders.DefaultHeadersMiddleware',
 'scrapy.downloadermiddlewares.useragent.UserAgentMiddleware',
 'scrapy.downloadermiddlewares.retry.RetryMiddleware',
 'scrapy.downloadermiddlewares.httpcompression.HttpCompressionMiddleware',
 'scrapy.downloadermiddlewares.cookies.CookiesMiddleware',
 'scrapy.downloadermiddlewares.stats.DownloaderStats']
2017-03-18 18:40:40 [scrapy.middleware] INFO: Enabled spider middlewares:
['scrapy.spidermiddlewares.httperror.HttpErrorMiddleware',
 'scrapy.spidermiddlewares.offsite.OffsiteMiddleware',
 'scrapy.spidermiddlewares.referer.RefererMiddleware',
 'scrapy.spidermiddlewares.urllength.UrlLengthMiddleware',
 'scrapy.spidermiddlewares.depth.DepthMiddleware']
2017-03-18 18:40:40 [scrapy.middleware] INFO: Enabled item pipelines:
['web_news.pipelines.MongoDBPipeline']
2017-03-18 18:40:40 [scrapy.core.engine] INFO: Spider opened
2017-03-18 18:40:40 [scrapy.extensions.logstats] INFO: Crawled 0 pages (at 0 pages/min), scraped 0 items (at 0 items/min)
2017-03-18 18:40:41 [scrapy.spidermiddlewares.httperror] INFO: Ignoring response <301 http://www.nxdjw.gov.cn/gbgz>: HTTP status code is not handled or not allowed
2017-03-18 18:40:41 [scrapy.spidermiddlewares.httperror] INFO: Ignoring response <301 http://www.nxdjw.gov.cn/jcdj>: HTTP status code is not handled or not allowed
2017-03-18 18:40:41 [scrapy.spidermiddlewares.httperror] INFO: Ignoring response <301 http://www.nxdjw.gov.cn/rcgz>: HTTP status code is not handled or not allowed
2017-03-18 18:40:42 [scrapy.spidermiddlewares.httperror] INFO: Ignoring response <301 http://www.nxdjw.gov.cn/dyjy>: HTTP status code is not handled or not allowed
2017-03-18 18:40:42 [scrapy.spidermiddlewares.httperror] INFO: Ignoring response <301 http://www.nxdjw.gov.cn/gbjd>: HTTP status code is not handled or not allowed
2017-03-18 18:40:42 [scrapy.spidermiddlewares.httperror] INFO: Ignoring response <301 http://www.nxdjw.gov.cn/lzjs>: HTTP status code is not handled or not allowed
2017-03-18 18:40:43 [scrapy.spidermiddlewares.httperror] INFO: Ignoring response <301 http://www.nxdjw.gov.cn/djyj>: HTTP status code is not handled or not allowed
2017-03-18 18:40:43 [scrapy.spidermiddlewares.httperror] INFO: Ignoring response <301 http://www.nxdjw.gov.cn/xxjl>: HTTP status code is not handled or not allowed
2017-03-18 18:40:44 [scrapy.spidermiddlewares.httperror] INFO: Ignoring response <400 http://www.nxdjw.gov.cn/../xxjl/index.html>: HTTP status code is not handled or not allowed
2017-03-18 18:40:44 [scrapy.spidermiddlewares.httperror] INFO: Ignoring response <400 http://www.nxdjw.gov.cn/../rcgz/index.html>: HTTP status code is not handled or not allowed
2017-03-18 18:40:44 [scrapy.spidermiddlewares.httperror] INFO: Ignoring response <400 http://www.nxdjw.gov.cn/../gbgz/index.html>: HTTP status code is not handled or not allowed
2017-03-18 18:40:45 [scrapy.spidermiddlewares.httperror] INFO: Ignoring response <400 http://www.nxdjw.gov.cn/../jcdj/index.html>: HTTP status code is not handled or not allowed
2017-03-18 18:40:45 [scrapy.spidermiddlewares.httperror] INFO: Ignoring response <400 http://www.nxdjw.gov.cn/../djyj/index.html>: HTTP status code is not handled or not allowed
2017-03-18 18:40:45 [scrapy.spidermiddlewares.httperror] INFO: Ignoring response <400 http://www.nxdjw.gov.cn/../dyjy/>: HTTP status code is not handled or not allowed
2017-03-18 18:41:33 [web_news.misc.spiderredis] INFO: idel
2017-03-18 18:46:33 [ningxiadj] INFO: wait 1 spiders to stop
2017-03-18 18:46:33 [ningxiadj] INFO: all slave spider exit
2017-03-18 18:46:33 [ningxiadj] INFO: publish to restart
2017-03-18 18:46:33 [ningxiadj] INFO: restart
2017-03-18 18:46:33 [ningxiadj] INFO: get key 1
2017-03-18 18:46:33 [scrapy.extensions.logstats] INFO: Crawled 173 pages (at 173 pages/min), scraped 0 items (at 0 items/min)
2017-03-18 18:46:34 [scrapy.spidermiddlewares.httperror] INFO: Ignoring response <301 http://www.nxdjw.gov.cn/gbgz>: HTTP status code is not handled or not allowed
2017-03-18 18:46:34 [scrapy.spidermiddlewares.httperror] INFO: Ignoring response <301 http://www.nxdjw.gov.cn/jcdj>: HTTP status code is not handled or not allowed
2017-03-18 18:46:34 [scrapy.spidermiddlewares.httperror] INFO: Ignoring response <301 http://www.nxdjw.gov.cn/rcgz>: HTTP status code is not handled or not allowed
2017-03-18 18:46:35 [scrapy.spidermiddlewares.httperror] INFO: Ignoring response <301 http://www.nxdjw.gov.cn/dyjy>: HTTP status code is not handled or not allowed
2017-03-18 18:46:35 [scrapy.spidermiddlewares.httperror] INFO: Ignoring response <301 http://www.nxdjw.gov.cn/gbjd>: HTTP status code is not handled or not allowed
2017-03-18 18:46:35 [scrapy.spidermiddlewares.httperror] INFO: Ignoring response <301 http://www.nxdjw.gov.cn/lzjs>: HTTP status code is not handled or not allowed
2017-03-18 18:46:36 [scrapy.spidermiddlewares.httperror] INFO: Ignoring response <301 http://www.nxdjw.gov.cn/djyj>: HTTP status code is not handled or not allowed
2017-03-18 18:46:36 [scrapy.spidermiddlewares.httperror] INFO: Ignoring response <301 http://www.nxdjw.gov.cn/xxjl>: HTTP status code is not handled or not allowed
2017-03-18 18:46:37 [scrapy.spidermiddlewares.httperror] INFO: Ignoring response <400 http://www.nxdjw.gov.cn/../xxjl/index.html>: HTTP status code is not handled or not allowed
2017-03-18 18:46:37 [scrapy.spidermiddlewares.httperror] INFO: Ignoring response <400 http://www.nxdjw.gov.cn/../rcgz/index.html>: HTTP status code is not handled or not allowed
2017-03-18 18:46:37 [scrapy.spidermiddlewares.httperror] INFO: Ignoring response <400 http://www.nxdjw.gov.cn/../gbgz/index.html>: HTTP status code is not handled or not allowed
2017-03-18 18:46:38 [scrapy.spidermiddlewares.httperror] INFO: Ignoring response <400 http://www.nxdjw.gov.cn/../jcdj/index.html>: HTTP status code is not handled or not allowed
2017-03-18 18:46:38 [scrapy.spidermiddlewares.httperror] INFO: Ignoring response <400 http://www.nxdjw.gov.cn/../djyj/index.html>: HTTP status code is not handled or not allowed
2017-03-18 18:46:38 [scrapy.spidermiddlewares.httperror] INFO: Ignoring response <400 http://www.nxdjw.gov.cn/../dyjy/>: HTTP status code is not handled or not allowed
2017-03-18 18:46:40 [scrapy.extensions.logstats] INFO: Crawled 196 pages (at 23 pages/min), scraped 0 items (at 0 items/min)
2017-03-18 18:47:25 [web_news.misc.spiderredis] INFO: idel
2017-03-18 18:52:25 [ningxiadj] INFO: wait 1 spiders to stop
2017-03-18 18:52:25 [ningxiadj] INFO: all slave spider exit
2017-03-18 18:52:25 [ningxiadj] INFO: publish to restart
2017-03-18 18:52:25 [ningxiadj] INFO: restart
2017-03-18 18:52:25 [ningxiadj] INFO: get key 1
2017-03-18 18:52:25 [scrapy.extensions.logstats] INFO: Crawled 346 pages (at 150 pages/min), scraped 0 items (at 0 items/min)
2017-03-18 18:52:25 [scrapy.spidermiddlewares.httperror] INFO: Ignoring response <301 http://www.nxdjw.gov.cn/gbgz>: HTTP status code is not handled or not allowed
2017-03-18 18:52:26 [scrapy.spidermiddlewares.httperror] INFO: Ignoring response <301 http://www.nxdjw.gov.cn/jcdj>: HTTP status code is not handled or not allowed
2017-03-18 18:52:26 [scrapy.spidermiddlewares.httperror] INFO: Ignoring response <301 http://www.nxdjw.gov.cn/rcgz>: HTTP status code is not handled or not allowed
2017-03-18 18:52:26 [scrapy.spidermiddlewares.httperror] INFO: Ignoring response <301 http://www.nxdjw.gov.cn/dyjy>: HTTP status code is not handled or not allowed
2017-03-18 18:52:27 [scrapy.spidermiddlewares.httperror] INFO: Ignoring response <301 http://www.nxdjw.gov.cn/gbjd>: HTTP status code is not handled or not allowed
2017-03-18 18:52:27 [scrapy.spidermiddlewares.httperror] INFO: Ignoring response <301 http://www.nxdjw.gov.cn/lzjs>: HTTP status code is not handled or not allowed
2017-03-18 18:52:27 [scrapy.spidermiddlewares.httperror] INFO: Ignoring response <301 http://www.nxdjw.gov.cn/djyj>: HTTP status code is not handled or not allowed
2017-03-18 18:52:28 [scrapy.spidermiddlewares.httperror] INFO: Ignoring response <301 http://www.nxdjw.gov.cn/xxjl>: HTTP status code is not handled or not allowed
2017-03-18 18:52:28 [scrapy.spidermiddlewares.httperror] INFO: Ignoring response <400 http://www.nxdjw.gov.cn/../xxjl/index.html>: HTTP status code is not handled or not allowed
2017-03-18 18:52:29 [scrapy.spidermiddlewares.httperror] INFO: Ignoring response <400 http://www.nxdjw.gov.cn/../rcgz/index.html>: HTTP status code is not handled or not allowed
2017-03-18 18:52:29 [scrapy.spidermiddlewares.httperror] INFO: Ignoring response <400 http://www.nxdjw.gov.cn/../gbgz/index.html>: HTTP status code is not handled or not allowed
2017-03-18 18:52:29 [scrapy.spidermiddlewares.httperror] INFO: Ignoring response <400 http://www.nxdjw.gov.cn/../jcdj/index.html>: HTTP status code is not handled or not allowed
2017-03-18 18:52:30 [scrapy.spidermiddlewares.httperror] INFO: Ignoring response <400 http://www.nxdjw.gov.cn/../djyj/index.html>: HTTP status code is not handled or not allowed
2017-03-18 18:52:30 [scrapy.spidermiddlewares.httperror] INFO: Ignoring response <400 http://www.nxdjw.gov.cn/../dyjy/>: HTTP status code is not handled or not allowed
2017-03-18 18:52:40 [scrapy.extensions.logstats] INFO: Crawled 397 pages (at 51 pages/min), scraped 0 items (at 0 items/min)
2017-03-18 18:53:17 [web_news.misc.spiderredis] INFO: idel
