2017-03-16 06:00:14 [scrapy.utils.log] INFO: Scrapy 1.3.3 started (bot: web_news)
2017-03-16 06:00:14 [scrapy.utils.log] INFO: Overridden settings: {'NEWSPIDER_MODULE': 'web_news.spiders', 'SPIDER_MODULES': ['web_news.spiders'], 'LOG_LEVEL': 'INFO', 'CONCURRENT_REQUESTS_PER_DOMAIN': 32, 'DUPEFILTER_CLASS': 'scrapy_redis.dupefilter.RFPDupeFilter', 'CONCURRENT_REQUESTS': 32, 'METAREFRESH_ENABLED': False, 'CONCURRENT_REQUESTS_PER_IP': 32, 'BOT_NAME': 'web_news', 'USER_AGENT': 'Mozilla/5.0 (Windows NT 10.0) AppleWebKit/537.36 (KHTML, like Gecko) Chrome/45.0.2454.101 Safari/537.36', 'SCHEDULER': 'scrapy_redis.scheduler.Scheduler', 'REDIRECT_ENABLED': False, 'LOG_FILE': 'dj_log/xinjiangdj1.log', 'DOWNLOAD_DELAY': 0.25}
2017-03-16 06:00:14 [scrapy.middleware] INFO: Enabled extensions:
['scrapy.extensions.logstats.LogStats',
 'scrapy.extensions.corestats.CoreStats']
2017-03-16 06:00:14 [xinjiangdj] INFO: get key 4
2017-03-16 06:00:14 [scrapy.middleware] INFO: Enabled downloader middlewares:
['scrapy.downloadermiddlewares.httpauth.HttpAuthMiddleware',
 'scrapy.downloadermiddlewares.downloadtimeout.DownloadTimeoutMiddleware',
 'scrapy.downloadermiddlewares.defaultheaders.DefaultHeadersMiddleware',
 'scrapy.downloadermiddlewares.useragent.UserAgentMiddleware',
 'scrapy.downloadermiddlewares.retry.RetryMiddleware',
 'scrapy.downloadermiddlewares.httpcompression.HttpCompressionMiddleware',
 'scrapy.downloadermiddlewares.cookies.CookiesMiddleware',
 'scrapy.downloadermiddlewares.stats.DownloaderStats']
2017-03-16 06:00:14 [scrapy.middleware] INFO: Enabled spider middlewares:
['scrapy.spidermiddlewares.httperror.HttpErrorMiddleware',
 'scrapy.spidermiddlewares.offsite.OffsiteMiddleware',
 'scrapy.spidermiddlewares.referer.RefererMiddleware',
 'scrapy.spidermiddlewares.urllength.UrlLengthMiddleware',
 'scrapy.spidermiddlewares.depth.DepthMiddleware']
2017-03-16 06:00:14 [scrapy.middleware] INFO: Enabled item pipelines:
['web_news.pipelines.MongoDBPipeline']
2017-03-16 06:00:14 [scrapy.core.engine] INFO: Spider opened
2017-03-16 06:00:14 [scrapy.extensions.logstats] INFO: Crawled 0 pages (at 0 pages/min), scraped 0 items (at 0 items/min)
2017-03-16 06:00:15 [scrapy.spidermiddlewares.httperror] INFO: Ignoring response <404 http://www.xjkunlun.cn/quntuangongzuo/tuanwei/2016/3989837.htm>: HTTP status code is not handled or not allowed
2017-03-16 06:00:17 [scrapy.core.engine] INFO: Closing spider (finished)
2017-03-16 06:00:17 [scrapy.statscollectors] INFO: Dumping Scrapy stats:
{'downloader/request_bytes': 6483,
 'downloader/request_count': 19,
 'downloader/request_method_count/GET': 19,
 'downloader/response_bytes': 756345,
 'downloader/response_count': 19,
 'downloader/response_status_count/200': 18,
 'downloader/response_status_count/404': 1,
 'finish_reason': 'finished',
 'finish_time': datetime.datetime(2017, 3, 15, 22, 0, 17, 456718),
 'log_count/INFO': 9,
 'request_depth_max': 1,
 'response_received_count': 19,
 'scheduler/dequeued/redis': 19,
 'scheduler/enqueued/redis': 43,
 'start_time': datetime.datetime(2017, 3, 15, 22, 0, 14, 175413)}
2017-03-16 06:00:17 [scrapy.core.engine] INFO: Spider closed (finished)
2017-03-17 06:00:05 [scrapy.utils.log] INFO: Scrapy 1.3.3 started (bot: web_news)
2017-03-17 06:00:05 [scrapy.utils.log] INFO: Overridden settings: {'NEWSPIDER_MODULE': 'web_news.spiders', 'SPIDER_MODULES': ['web_news.spiders'], 'LOG_LEVEL': 'INFO', 'CONCURRENT_REQUESTS_PER_DOMAIN': 32, 'DUPEFILTER_CLASS': 'scrapy_redis.dupefilter.RFPDupeFilter', 'CONCURRENT_REQUESTS': 32, 'METAREFRESH_ENABLED': False, 'CONCURRENT_REQUESTS_PER_IP': 32, 'BOT_NAME': 'web_news', 'USER_AGENT': 'Mozilla/5.0 (Windows NT 10.0) AppleWebKit/537.36 (KHTML, like Gecko) Chrome/45.0.2454.101 Safari/537.36', 'SCHEDULER': 'scrapy_redis.scheduler.Scheduler', 'REDIRECT_ENABLED': False, 'LOG_FILE': 'dj_log/xinjiangdj1.log', 'DOWNLOAD_DELAY': 0.25}
2017-03-17 06:00:05 [scrapy.middleware] INFO: Enabled extensions:
['scrapy.extensions.logstats.LogStats',
 'scrapy.extensions.corestats.CoreStats']
2017-03-17 06:00:05 [twisted] ERROR: Unhandled error in Deferred:
2017-03-17 06:00:05 [twisted] ERROR: Unhandled Error
Traceback (most recent call last):
  File "/usr/local/lib/python2.7/dist-packages/scrapy/commands/crawl.py", line 57, in run
    self.crawler_process.crawl(spname, **opts.spargs)
  File "/usr/local/lib/python2.7/dist-packages/scrapy/crawler.py", line 163, in crawl
    return self._crawl(crawler, *args, **kwargs)
  File "/usr/local/lib/python2.7/dist-packages/scrapy/crawler.py", line 167, in _crawl
    d = crawler.crawl(*args, **kwargs)
  File "/usr/lib/python2.7/dist-packages/twisted/internet/defer.py", line 1237, in unwindGenerator
    return _inlineCallbacks(None, gen, Deferred())
--- <exception caught here> ---
  File "/usr/lib/python2.7/dist-packages/twisted/internet/defer.py", line 1099, in _inlineCallbacks
    result = g.send(result)
  File "/usr/local/lib/python2.7/dist-packages/scrapy/crawler.py", line 90, in crawl
    six.reraise(*exc_info)
  File "/usr/local/lib/python2.7/dist-packages/scrapy/crawler.py", line 71, in crawl
    self.spider = self._create_spider(*args, **kwargs)
  File "/usr/local/lib/python2.7/dist-packages/scrapy/crawler.py", line 94, in _create_spider
    return self.spidercls.from_crawler(self, *args, **kwargs)
  File "/home/u231/spider/web_news/misc/spiderredis.py", line 43, in from_crawler
    spider.compete_key()
  File "/home/u231/spider/web_news/misc/spiderredis.py", line 16, in compete_key
    while self.server.sadd(self.redis_compete, self.key) == 0:
  File "/usr/local/lib/python2.7/dist-packages/redis/client.py", line 1494, in sadd
    return self.execute_command('SADD', name, *values)
  File "/usr/local/lib/python2.7/dist-packages/redis/client.py", line 573, in execute_command
    return self.parse_response(connection, command_name, **options)
  File "/usr/local/lib/python2.7/dist-packages/redis/client.py", line 585, in parse_response
    response = connection.read_response()
  File "/usr/local/lib/python2.7/dist-packages/redis/connection.py", line 582, in read_response
    raise response
redis.exceptions.ResponseError: OOM command not allowed when used memory > 'maxmemory'.

2017-03-18 06:01:33 [scrapy.utils.log] INFO: Scrapy 1.3.3 started (bot: web_news)
2017-03-18 06:01:33 [scrapy.utils.log] INFO: Overridden settings: {'NEWSPIDER_MODULE': 'web_news.spiders', 'SPIDER_MODULES': ['web_news.spiders'], 'LOG_LEVEL': 'INFO', 'CONCURRENT_REQUESTS_PER_DOMAIN': 32, 'DUPEFILTER_CLASS': 'scrapy_redis.dupefilter.RFPDupeFilter', 'CONCURRENT_REQUESTS': 32, 'METAREFRESH_ENABLED': False, 'CONCURRENT_REQUESTS_PER_IP': 32, 'BOT_NAME': 'web_news', 'USER_AGENT': 'Mozilla/5.0 (Windows NT 10.0) AppleWebKit/537.36 (KHTML, like Gecko) Chrome/45.0.2454.101 Safari/537.36', 'SCHEDULER': 'scrapy_redis.scheduler.Scheduler', 'REDIRECT_ENABLED': False, 'LOG_FILE': 'dj_log/xinjiangdj1.log', 'DOWNLOAD_DELAY': 0.25}
2017-03-18 06:01:33 [scrapy.middleware] INFO: Enabled extensions:
['scrapy.extensions.logstats.LogStats',
 'scrapy.extensions.corestats.CoreStats']
2017-03-18 06:01:33 [xinjiangdj] INFO: get key 1
2017-03-18 06:01:33 [scrapy.middleware] INFO: Enabled downloader middlewares:
['scrapy.downloadermiddlewares.httpauth.HttpAuthMiddleware',
 'scrapy.downloadermiddlewares.downloadtimeout.DownloadTimeoutMiddleware',
 'scrapy.downloadermiddlewares.defaultheaders.DefaultHeadersMiddleware',
 'scrapy.downloadermiddlewares.useragent.UserAgentMiddleware',
 'scrapy.downloadermiddlewares.retry.RetryMiddleware',
 'scrapy.downloadermiddlewares.httpcompression.HttpCompressionMiddleware',
 'scrapy.downloadermiddlewares.cookies.CookiesMiddleware',
 'scrapy.downloadermiddlewares.stats.DownloaderStats']
2017-03-18 06:01:33 [scrapy.middleware] INFO: Enabled spider middlewares:
['scrapy.spidermiddlewares.httperror.HttpErrorMiddleware',
 'scrapy.spidermiddlewares.offsite.OffsiteMiddleware',
 'scrapy.spidermiddlewares.referer.RefererMiddleware',
 'scrapy.spidermiddlewares.urllength.UrlLengthMiddleware',
 'scrapy.spidermiddlewares.depth.DepthMiddleware']
2017-03-18 06:01:33 [scrapy.middleware] INFO: Enabled item pipelines:
['web_news.pipelines.MongoDBPipeline']
2017-03-18 06:01:33 [scrapy.core.engine] INFO: Spider opened
2017-03-18 06:01:33 [scrapy.extensions.logstats] INFO: Crawled 0 pages (at 0 pages/min), scraped 0 items (at 0 items/min)
2017-03-18 06:01:35 [xinjiangdj] INFO: crawling url: http://www.xjkunlun.cn/fgjjdj/xxdt/2017/4066064.htm
2017-03-18 06:01:35 [xinjiangdj] INFO: crawling url: http://www.xjkunlun.cn/wnfw/gqxx/2017/4065857.htm
2017-03-18 06:01:36 [xinjiangdj] INFO: crawling url: http://www.xjkunlun.cn/dswx/jjds/2017/4065858.htm
2017-03-18 06:01:38 [xinjiangdj] INFO: crawling url: http://www.xjkunlun.cn/xinwen/szyw/guoneiyw/2017/4066857.htm
2017-03-18 06:01:38 [xinjiangdj] INFO: crawling url: http://www.xjkunlun.cn/xinwen/szyw/guoneiyw/2017/4066856.htm
2017-03-18 06:01:39 [xinjiangdj] INFO: crawling url: http://www.xjkunlun.cn/xinwen/szyw/guoneiyw/2017/4066855.htm
2017-03-18 06:01:39 [xinjiangdj] INFO: crawling url: http://www.xjkunlun.cn/xinwen/szyw/guoneiyw/2017/4066854.htm
2017-03-18 06:01:39 [xinjiangdj] INFO: crawling url: http://www.xjkunlun.cn/xinwen/szyw/guoneiyw/2017/4066851.htm
2017-03-18 06:01:39 [xinjiangdj] INFO: crawling url: http://www.xjkunlun.cn/xinwen/szyw/guoneiyw/2017/4066836.htm
2017-03-18 06:01:43 [xinjiangdj] INFO: crawling url: http://www.xjkunlun.cn/xinwen/szyw/guojiyw/2017/4066880.htm
2017-03-18 06:01:43 [xinjiangdj] INFO: crawling url: http://www.xjkunlun.cn/xinwen/szyw/guojiyw/2017/4066834.htm
2017-03-18 06:01:44 [xinjiangdj] INFO: crawling url: http://www.xjkunlun.cn/xinwen/tt/2017/4066845.htm
2017-03-18 06:01:44 [xinjiangdj] INFO: crawling url: http://www.xjkunlun.cn/xinwen/tt/2017/4066841.htm
2017-03-18 06:01:44 [xinjiangdj] INFO: crawling url: http://www.xjkunlun.cn/xinwen/zgywen/2017/4066156.htm
2017-03-18 06:01:44 [xinjiangdj] INFO: crawling url: http://www.xjkunlun.cn/xinwen/zgywen/2017/4066153.htm
2017-03-18 06:01:48 [xinjiangdj] INFO: crawling url: http://www.xjkunlun.cn/wnfw/gqxx/2017/4065860.htm
2017-03-18 06:01:48 [xinjiangdj] INFO: crawling url: http://www.xjkunlun.cn/wnfw/nzfw/2017/4065860.htm
2017-03-18 06:01:50 [xinjiangdj] INFO: crawling url: http://www.xjkunlun.cn/xinwen/szyw/2017/4066135.htm
2017-03-18 06:01:50 [xinjiangdj] INFO: crawling url: http://www.xjkunlun.cn/xinwen/szyw/guoneiyw/2017/4066819.htm
2017-03-18 06:01:50 [xinjiangdj] INFO: crawling url: http://www.xjkunlun.cn/xinwen/szyw/guoneiyw/2017/4066817.htm
2017-03-18 06:01:51 [xinjiangdj] INFO: crawling url: http://www.xjkunlun.cn/xinwen/szyw/guoneiyw/2017/4066806.htm
2017-03-18 06:01:51 [xinjiangdj] INFO: crawling url: http://www.xjkunlun.cn/xinwen/szyw/jiangneixw/2017/4066773.htm
2017-03-18 06:01:51 [xinjiangdj] INFO: crawling url: http://www.xjkunlun.cn/gsgg/gsgg/2016/3799431.htm
2017-03-18 06:01:58 [xinjiangdj] INFO: crawling url: http://www.xjkunlun.cn/gsgg/gsgg/2016/3784858.htm
2017-03-18 06:01:58 [xinjiangdj] INFO: crawling url: http://www.xjkunlun.cn/gsgg/gsgg/2015/3628349.htm
2017-03-18 06:02:01 [xinjiangdj] INFO: crawling url: http://www.xjkunlun.cn/gsgg/gsgg/2016/3788910.htm
2017-03-18 06:02:01 [xinjiangdj] INFO: crawling url: http://www.xjkunlun.cn/gsgg/gsgg/2016/3782501.htm
2017-03-18 06:02:02 [xinjiangdj] INFO: crawling url: http://www.xjkunlun.cn/gsgg/gsgg/2015/3603898.htm
2017-03-18 06:02:02 [xinjiangdj] INFO: crawling url: http://www.xjkunlun.cn/gsgg/gsgg/2015/3589930.htm
2017-03-18 06:02:02 [xinjiangdj] INFO: crawling url: http://www.xjkunlun.cn/gsgg/gsgg/2015/3577174.htm
2017-03-18 06:02:02 [xinjiangdj] WARNING:  url: http://www.xjkunlun.cn/gsgg/gsgg/2015/3577174.htm msg:  content is None
2017-03-18 06:02:06 [xinjiangdj] INFO: crawling url: http://www.xjkunlun.cn/gsgg/gsgg/2015/3464402.htm
2017-03-18 06:02:06 [xinjiangdj] WARNING:  url: http://www.xjkunlun.cn/gsgg/gsgg/2015/3464402.htm msg:  content is None
2017-03-18 06:02:06 [xinjiangdj] INFO: crawling url: http://www.xjkunlun.cn/gsgg/gsgg/2015/3575598.htm
2017-03-18 06:02:06 [xinjiangdj] WARNING:  url: http://www.xjkunlun.cn/gsgg/gsgg/2015/3575598.htm msg:  content is None
2017-03-18 06:02:06 [xinjiangdj] INFO: crawling url: http://www.xjkunlun.cn/gsgg/gsgg/2016/3792363.htm
2017-03-18 06:02:07 [xinjiangdj] INFO: crawling url: http://www.xjkunlun.cn/gsgg/gsgg/2016/3791533.htm
2017-03-18 06:02:07 [xinjiangdj] INFO: crawling url: http://www.xjkunlun.cn/gsgg/gsgg/2015/3572967.htm
2017-03-18 06:02:07 [xinjiangdj] WARNING:  url: http://www.xjkunlun.cn/gsgg/gsgg/2015/3572967.htm msg:  content is None
2017-03-18 06:02:08 [xinjiangdj] INFO: crawling url: http://www.xjkunlun.cn/xinwen/szyw/guojiyw/2017/4066827.htm
2017-03-18 06:02:08 [xinjiangdj] INFO: crawling url: http://www.xjkunlun.cn/xinwen/szyw/guojiyw/2017/4066657.htm
2017-03-18 06:02:08 [xinjiangdj] INFO: crawling url: http://www.xjkunlun.cn/xinwen/zxtwen/2017/4066846.htm
2017-03-18 06:02:08 [xinjiangdj] INFO: crawling url: http://www.xjkunlun.cn/xinwen/zxtwen/2017/4066840.htm
2017-03-18 06:02:08 [xinjiangdj] INFO: crawling url: http://www.xjkunlun.cn/xinwen/zxtwen/2017/4066754.htm
2017-03-18 06:02:08 [xinjiangdj] INFO: crawling url: http://www.xjkunlun.cn/xinwen/zxtwen/2017/4066492.htm
2017-03-18 06:02:08 [xinjiangdj] INFO: crawling url: http://www.xjkunlun.cn/xinwen/zxtwen/2017/4066157.htm
2017-03-18 06:02:09 [xinjiangdj] INFO: crawling url: http://www.xjkunlun.cn/wnfw/nzfw/scxx/2017/4066515.htm
2017-03-18 06:02:10 [xinjiangdj] INFO: crawling url: http://www.xjkunlun.cn/xinwen/szyw/jiangneixw/2017/4066770.htm
2017-03-18 06:02:10 [xinjiangdj] INFO: crawling url: http://www.xjkunlun.cn/xinwen/szyw/jiangneixw/2017/4066729.htm
2017-03-18 06:02:10 [xinjiangdj] INFO: crawling url: http://www.xjkunlun.cn/xinwen/szyw/jiangneixw/2017/4066728.htm
2017-03-18 06:02:11 [xinjiangdj] INFO: crawling url: http://www.xjkunlun.cn/xinwen/szyw/jiangneixw/2017/4066686.htm
2017-03-18 06:02:11 [xinjiangdj] INFO: crawling url: http://www.xjkunlun.cn/xinwen/szyw/jiangneixw/2017/4066563.htm
2017-03-18 06:02:11 [xinjiangdj] INFO: crawling url: http://www.xjkunlun.cn/xinwen/szyw/jiangneixw/2017/4066559.htm
2017-03-18 06:02:11 [xinjiangdj] INFO: crawling url: http://www.xjkunlun.cn/xinwen/szyw/guoneiyw/2017/4066668.htm
2017-03-18 06:02:11 [xinjiangdj] INFO: crawling url: http://www.xjkunlun.cn/xinwen/szyw/guoneiyw/2017/4066667.htm
2017-03-18 06:02:12 [xinjiangdj] INFO: crawling url: http://www.xjkunlun.cn/xinwen/szyw/jiangneixw/2017/4066543.htm
2017-03-18 06:02:12 [xinjiangdj] INFO: crawling url: http://www.xjkunlun.cn/xinwen/szyw/jiangneixw/2017/4066504.htm
2017-03-18 06:02:12 [xinjiangdj] INFO: crawling url: http://www.xjkunlun.cn/xinwen/szyw/jiangneixw/2017/4066501.htm
2017-03-18 06:02:12 [xinjiangdj] INFO: crawling url: http://www.xjkunlun.cn/xinwen/szyw/jiangneixw/2017/4066492.htm
2017-03-18 06:02:12 [xinjiangdj] INFO: crawling url: http://www.xjkunlun.cn/xinwen/szyw/jiangneixw/2017/4066469.htm
2017-03-18 06:02:13 [xinjiangdj] INFO: crawling url: http://www.xjkunlun.cn/xinwen/szyw/guoneiyw/2017/4066666.htm
2017-03-18 06:02:13 [xinjiangdj] INFO: crawling url: http://www.xjkunlun.cn/xinwen/szyw/guoneiyw/2017/4066618.htm
2017-03-18 06:02:13 [xinjiangdj] INFO: crawling url: http://www.xjkunlun.cn/xinwen/szyw/guojiyw/2017/4066301.htm
2017-03-18 06:02:13 [xinjiangdj] INFO: crawling url: http://www.xjkunlun.cn/xinwen/szyw/guojiyw/2017/4066298.htm
2017-03-18 06:02:13 [xinjiangdj] INFO: crawling url: http://www.xjkunlun.cn/xinwen/szyw/guojiyw/2017/4066299.htm
2017-03-18 06:02:13 [xinjiangdj] INFO: crawling url: http://www.xjkunlun.cn/xinwen/szyw/guojiyw/2017/4066300.htm
2017-03-18 06:02:13 [xinjiangdj] INFO: crawling url: http://www.xjkunlun.cn/xinwen/szyw/guojiyw/2017/4066297.htm
2017-03-18 06:02:14 [xinjiangdj] INFO: crawling url: http://www.xjkunlun.cn/xinwen/szyw/guojiyw/2017/4066295.htm
2017-03-18 06:02:14 [xinjiangdj] INFO: crawling url: http://www.xjkunlun.cn/xinwen/szyw/guojiyw/2017/4066296.htm
2017-03-18 06:02:14 [xinjiangdj] INFO: crawling url: http://www.xjkunlun.cn/xinwen/szyw/guojiyw/2017/4066294.htm
2017-03-18 06:02:14 [xinjiangdj] INFO: crawling url: http://www.xjkunlun.cn/xinwen/szyw/guojiyw/2017/4066292.htm
2017-03-18 06:02:14 [xinjiangdj] INFO: crawling url: http://www.xjkunlun.cn/xinwen/szyw/guojiyw/2017/4066293.htm
2017-03-18 06:02:14 [xinjiangdj] INFO: crawling url: http://www.xjkunlun.cn/xinwen/szyw/guojiyw/2017/4066289.htm
2017-03-18 06:02:14 [xinjiangdj] INFO: crawling url: http://www.xjkunlun.cn/xinwen/szyw/guojiyw/2017/4066291.htm
2017-03-18 06:02:14 [xinjiangdj] INFO: crawling url: http://www.xjkunlun.cn/xinwen/szyw/guojiyw/2017/4066288.htm
2017-03-18 06:02:15 [xinjiangdj] INFO: crawling url: http://www.xjkunlun.cn/xinwen/szyw/guojiyw/2017/4066287.htm
2017-03-18 06:02:15 [xinjiangdj] INFO: crawling url: http://www.xjkunlun.cn/xinwen/szyw/jiangneixw/2017/4066376.htm
2017-03-18 06:02:15 [xinjiangdj] INFO: crawling url: http://www.xjkunlun.cn/xinwen/szyw/jiangneixw/2017/4066322.htm
2017-03-18 06:02:15 [xinjiangdj] INFO: crawling url: http://www.xjkunlun.cn/xinwen/szyw/jiangneixw/2017/4066321.htm
2017-03-18 06:02:15 [xinjiangdj] INFO: crawling url: http://www.xjkunlun.cn/xinwen/szyw/jiangneixw/2017/4066319.htm
2017-03-18 06:02:15 [xinjiangdj] INFO: crawling url: http://www.xjkunlun.cn/xinwen/szyw/jiangneixw/2017/4066312.htm
2017-03-18 06:02:15 [xinjiangdj] INFO: crawling url: http://www.xjkunlun.cn/xinwen/szyw/jiangneixw/2017/4066311.htm
2017-03-18 06:02:16 [xinjiangdj] INFO: crawling url: http://www.xjkunlun.cn/xinwen/szyw/jiangneixw/2017/4066282.htm
2017-03-18 06:02:16 [xinjiangdj] INFO: crawling url: http://www.xjkunlun.cn/xinwen/szyw/jiangneixw/2017/4066280.htm
2017-03-18 06:02:16 [xinjiangdj] INFO: crawling url: http://www.xjkunlun.cn/xinwen/szyw/jiangneixw/2017/4066281.htm
2017-03-18 06:02:16 [xinjiangdj] INFO: crawling url: http://www.xjkunlun.cn/xinwen/szyw/jiangneixw/2017/4066269.htm
2017-03-18 06:02:16 [xinjiangdj] INFO: crawling url: http://www.xjkunlun.cn/xinwen/szyw/jiangneixw/2017/4066208.htm
2017-03-18 06:02:16 [xinjiangdj] INFO: crawling url: http://www.xjkunlun.cn/xinwen/szyw/jiangneixw/2017/4066207.htm
2017-03-18 06:02:16 [xinjiangdj] INFO: crawling url: http://www.xjkunlun.cn/xinwen/szyw/jiangneixw/2017/4066206.htm
2017-03-18 06:02:16 [xinjiangdj] INFO: crawling url: http://www.xjkunlun.cn/xinwen/szyw/jiangneixw/2017/4066205.htm
2017-03-18 06:02:17 [xinjiangdj] INFO: crawling url: http://www.xjkunlun.cn/xinwen/szyw/guoneiyw/2017/4066632.htm
2017-03-18 06:02:17 [xinjiangdj] INFO: crawling url: http://www.xjkunlun.cn/xinwen/szyw/guojiyw/2017/4066286.htm
2017-03-18 06:02:17 [xinjiangdj] INFO: crawling url: http://www.xjkunlun.cn/xinwen/szyw/guojiyw/2017/4066285.htm
2017-03-18 06:02:17 [xinjiangdj] INFO: crawling url: http://www.xjkunlun.cn/xinwen/szyw/guojiyw/2017/4066284.htm
2017-03-18 06:02:17 [xinjiangdj] INFO: crawling url: http://www.xjkunlun.cn/xinwen/szyw/guojiyw/2017/4066283.htm
2017-03-18 06:02:18 [xinjiangdj] INFO: crawling url: http://www.xjkunlun.cn/xinwen/szyw/guojiyw/2017/4066129.htm
2017-03-18 06:02:18 [xinjiangdj] INFO: crawling url: http://www.xjkunlun.cn/xinwen/szyw/guojiyw/2017/4066160.htm
2017-03-18 06:02:18 [xinjiangdj] INFO: crawling url: http://www.xjkunlun.cn/xinwen/szyw/guojiyw/2017/4066128.htm
2017-03-18 06:02:18 [xinjiangdj] INFO: crawling url: http://www.xjkunlun.cn/xinwen/szyw/guojiyw/2017/4066127.htm
2017-03-18 06:02:18 [xinjiangdj] INFO: crawling url: http://www.xjkunlun.cn/xinwen/szyw/guojiyw/2017/4066126.htm
2017-03-18 06:02:18 [xinjiangdj] INFO: crawling url: http://www.xjkunlun.cn/xinwen/szyw/guojiyw/2017/4066125.htm
2017-03-18 06:02:18 [xinjiangdj] INFO: crawling url: http://www.xjkunlun.cn/xinwen/szyw/guojiyw/2017/4066124.htm
2017-03-18 06:02:19 [xinjiangdj] INFO: crawling url: http://www.xjkunlun.cn/xinwen/szyw/guojiyw/2017/4066123.htm
2017-03-18 06:02:19 [xinjiangdj] INFO: crawling url: http://www.xjkunlun.cn/xinwen/szyw/guojiyw/2017/4066122.htm
2017-03-18 06:02:19 [xinjiangdj] INFO: crawling url: http://www.xjkunlun.cn/xinwen/szyw/guojiyw/2017/4066120.htm
2017-03-18 06:02:19 [xinjiangdj] INFO: crawling url: http://www.xjkunlun.cn/xinwen/szyw/jiangneixw/2017/4066204.htm
2017-03-18 06:02:19 [xinjiangdj] INFO: crawling url: http://www.xjkunlun.cn/xinwen/szyw/jiangneixw/2017/4066203.htm
2017-03-18 06:02:19 [xinjiangdj] INFO: crawling url: http://www.xjkunlun.cn/xinwen/szyw/jiangneixw/2017/4066202.htm
2017-03-18 06:02:19 [xinjiangdj] INFO: crawling url: http://www.xjkunlun.cn/xinwen/szyw/jiangneixw/2017/4066201.htm
2017-03-18 06:02:20 [xinjiangdj] INFO: crawling url: http://www.xjkunlun.cn/xinwen/szyw/jiangneixw/2017/4066168.htm
2017-03-18 06:02:20 [xinjiangdj] INFO: crawling url: http://www.xjkunlun.cn/xinwen/szyw/jiangneixw/2017/4066200.htm
2017-03-18 06:02:20 [xinjiangdj] INFO: crawling url: http://www.xjkunlun.cn/xinwen/szyw/jiangneixw/2017/4066169.htm
2017-03-18 06:02:20 [xinjiangdj] INFO: crawling url: http://www.xjkunlun.cn/xinwen/szyw/jiangneixw/2017/4066135.htm
2017-03-18 06:02:20 [xinjiangdj] INFO: crawling url: http://www.xjkunlun.cn/xinwen/szyw/jiangneixw/2017/4066093.htm
2017-03-18 06:02:20 [xinjiangdj] INFO: crawling url: http://www.xjkunlun.cn/xinwen/szyw/jiangneixw/2017/4066081.htm
2017-03-18 06:02:20 [xinjiangdj] INFO: crawling url: http://www.xjkunlun.cn/xinwen/szyw/jiangneixw/2017/4066083.htm
2017-03-18 06:02:20 [xinjiangdj] INFO: crawling url: http://www.xjkunlun.cn/xinwen/szyw/jiangneixw/2017/4066084.htm
2017-03-18 06:02:21 [xinjiangdj] INFO: crawling url: http://www.xjkunlun.cn/xinwen/szyw/jiangneixw/2017/4066082.htm
2017-03-18 06:02:21 [xinjiangdj] INFO: crawling url: http://www.xjkunlun.cn/xinwen/szyw/jiangneixw/2017/4066085.htm
2017-03-18 06:02:21 [xinjiangdj] INFO: crawling url: http://www.xjkunlun.cn/xinwen/szyw/guoneiyw/2017/4066611.htm
2017-03-18 06:02:21 [xinjiangdj] INFO: crawling url: http://www.xjkunlun.cn/xinwen/szyw/guoneiyw/2017/4066612.htm
2017-03-18 06:02:21 [xinjiangdj] INFO: crawling url: http://www.xjkunlun.cn/xinwen/szyw/guoneiyw/2017/4066609.htm
2017-03-18 06:02:21 [xinjiangdj] INFO: crawling url: http://www.xjkunlun.cn/xinwen/szyw/guoneiyw/2017/4066614.htm
2017-03-18 06:02:22 [xinjiangdj] INFO: crawling url: http://www.xjkunlun.cn/xinwen/szyw/guoneiyw/2017/4066615.htm
2017-03-18 06:02:22 [xinjiangdj] INFO: crawling url: http://www.xjkunlun.cn/xinwen/szyw/guoneiyw/2017/4066616.htm
2017-03-18 06:02:22 [xinjiangdj] INFO: crawling url: http://www.xjkunlun.cn/xinwen/szyw/guoneiyw/2017/4066608.htm
2017-03-18 06:02:22 [xinjiangdj] INFO: crawling url: http://www.xjkunlun.cn/xinwen/szyw/guoneiyw/2017/4066613.htm
2017-03-18 06:02:22 [xinjiangdj] INFO: crawling url: http://www.xjkunlun.cn/xinwen/szyw/guoneiyw/2017/4066605.htm
2017-03-18 06:02:22 [xinjiangdj] INFO: crawling url: http://www.xjkunlun.cn/xinwen/szyw/guoneiyw/2017/4066606.htm
2017-03-18 06:02:22 [xinjiangdj] INFO: crawling url: http://www.xjkunlun.cn/xinwen/szyw/guoneiyw/2017/4066604.htm
2017-03-18 06:02:22 [xinjiangdj] INFO: crawling url: http://www.xjkunlun.cn/xinwen/szyw/guoneiyw/2017/4066602.htm
2017-03-18 06:02:23 [xinjiangdj] INFO: crawling url: http://www.xjkunlun.cn/xinwen/szyw/guoneiyw/2017/4066601.htm
2017-03-18 06:02:23 [xinjiangdj] INFO: crawling url: http://www.xjkunlun.cn/xinwen/szyw/guoneiyw/2017/4066600.htm
2017-03-18 06:02:23 [xinjiangdj] INFO: crawling url: http://www.xjkunlun.cn/xinwen/szyw/guojiyw/2017/4066023.htm
2017-03-18 06:02:23 [xinjiangdj] INFO: crawling url: http://www.xjkunlun.cn/xinwen/szyw/guojiyw/2017/4066022.htm
2017-03-18 06:02:23 [xinjiangdj] INFO: crawling url: http://www.xjkunlun.cn/xinwen/szyw/guojiyw/2017/4066021.htm
2017-03-18 06:02:23 [xinjiangdj] INFO: crawling url: http://www.xjkunlun.cn/xinwen/szyw/guojiyw/2017/4066019.htm
2017-03-18 06:02:24 [xinjiangdj] INFO: crawling url: http://www.xjkunlun.cn/xinwen/szyw/guojiyw/2017/4066020.htm
2017-03-18 06:02:24 [xinjiangdj] INFO: crawling url: http://www.xjkunlun.cn/xinwen/szyw/guojiyw/2017/4066018.htm
2017-03-18 06:02:24 [xinjiangdj] INFO: crawling url: http://www.xjkunlun.cn/xinwen/szyw/guojiyw/2017/4066016.htm
2017-03-18 06:02:24 [xinjiangdj] INFO: crawling url: http://www.xjkunlun.cn/xinwen/szyw/guojiyw/2017/4066015.htm
2017-03-18 06:02:24 [xinjiangdj] INFO: crawling url: http://www.xjkunlun.cn/xinwen/szyw/guojiyw/2017/4066014.htm
2017-03-18 06:02:24 [xinjiangdj] INFO: crawling url: http://www.xjkunlun.cn/xinwen/szyw/guojiyw/2017/4066013.htm
2017-03-18 06:02:24 [xinjiangdj] INFO: crawling url: http://www.xjkunlun.cn/xinwen/szyw/guojiyw/2017/4066011.htm
2017-03-18 06:02:24 [xinjiangdj] INFO: crawling url: http://www.xjkunlun.cn/xinwen/szyw/guojiyw/2017/4066012.htm
2017-03-18 06:02:24 [xinjiangdj] INFO: crawling url: http://www.xjkunlun.cn/xinwen/szyw/guojiyw/2017/4066010.htm
2017-03-18 06:02:25 [xinjiangdj] INFO: crawling url: http://www.xjkunlun.cn/xinwen/szyw/guojiyw/2017/4066009.htm
2017-03-18 06:02:25 [xinjiangdj] INFO: crawling url: http://www.xjkunlun.cn/xinwen/szyw/jiangneixw/2017/4066086.htm
2017-03-18 06:02:25 [xinjiangdj] INFO: crawling url: http://www.xjkunlun.cn/xinwen/szyw/jiangneixw/2017/4066087.htm
2017-03-18 06:02:25 [xinjiangdj] INFO: crawling url: http://www.xjkunlun.cn/xinwen/szyw/jiangneixw/2017/4066088.htm
2017-03-18 06:02:25 [xinjiangdj] INFO: crawling url: http://www.xjkunlun.cn/xinwen/szyw/jiangneixw/2017/4066089.htm
2017-03-18 06:02:25 [xinjiangdj] INFO: crawling url: http://www.xjkunlun.cn/xinwen/szyw/jiangneixw/2017/4066090.htm
2017-03-18 06:02:25 [xinjiangdj] INFO: crawling url: http://www.xjkunlun.cn/xinwen/szyw/jiangneixw/2017/4066091.htm
2017-03-18 06:02:25 [xinjiangdj] INFO: crawling url: http://www.xjkunlun.cn/xinwen/szyw/jiangneixw/2017/4066092.htm
2017-03-18 06:02:26 [xinjiangdj] INFO: crawling url: http://www.xjkunlun.cn/xinwen/szyw/jiangneixw/2017/4066079.htm
2017-03-18 06:02:26 [xinjiangdj] INFO: crawling url: http://www.xjkunlun.cn/xinwen/szyw/jiangneixw/2017/4066080.htm
2017-03-18 06:02:26 [xinjiangdj] INFO: crawling url: http://www.xjkunlun.cn/xinwen/szyw/jiangneixw/2017/4066078.htm
2017-03-18 06:02:26 [xinjiangdj] INFO: crawling url: http://www.xjkunlun.cn/xinwen/szyw/jiangneixw/2017/4065982.htm
2017-03-18 06:02:26 [xinjiangdj] INFO: crawling url: http://www.xjkunlun.cn/xinwen/szyw/jiangneixw/2017/4065951.htm
2017-03-18 06:02:26 [xinjiangdj] INFO: crawling url: http://www.xjkunlun.cn/xinwen/szyw/jiangneixw/2017/4065948.htm
2017-03-18 06:02:26 [xinjiangdj] INFO: crawling url: http://www.xjkunlun.cn/xinwen/szyw/jiangneixw/2017/4065950.htm
2017-03-18 06:02:27 [xinjiangdj] INFO: crawling url: http://www.xjkunlun.cn/xinwen/szyw/guoneiyw/2017/4066599.htm
2017-03-18 06:02:27 [xinjiangdj] INFO: crawling url: http://www.xjkunlun.cn/xinwen/szyw/guoneiyw/2017/4066598.htm
2017-03-18 06:02:27 [xinjiangdj] INFO: crawling url: http://www.xjkunlun.cn/xinwen/szyw/guoneiyw/2017/4066597.htm
2017-03-18 06:02:27 [xinjiangdj] INFO: crawling url: http://www.xjkunlun.cn/xinwen/szyw/guoneiyw/2017/4066595.htm
2017-03-18 06:02:27 [xinjiangdj] INFO: crawling url: http://www.xjkunlun.cn/xinwen/szyw/guoneiyw/2017/4066596.htm
2017-03-18 06:02:27 [xinjiangdj] INFO: crawling url: http://www.xjkunlun.cn/xinwen/szyw/guoneiyw/2017/4066594.htm
2017-03-18 06:02:28 [xinjiangdj] INFO: crawling url: http://www.xjkunlun.cn/xinwen/szyw/guoneiyw/2017/4066279.htm
2017-03-18 06:02:28 [xinjiangdj] INFO: crawling url: http://www.xjkunlun.cn/xinwen/szyw/guoneiyw/2017/4066278.htm
2017-03-18 06:02:28 [xinjiangdj] INFO: crawling url: http://www.xjkunlun.cn/xinwen/szyw/guoneiyw/2017/4066277.htm
2017-03-18 06:02:28 [xinjiangdj] INFO: crawling url: http://www.xjkunlun.cn/xinwen/szyw/guoneiyw/2017/4066276.htm
2017-03-18 06:02:28 [xinjiangdj] INFO: crawling url: http://www.xjkunlun.cn/xinwen/szyw/guoneiyw/2017/4066275.htm
2017-03-18 06:02:28 [xinjiangdj] INFO: crawling url: http://www.xjkunlun.cn/xinwen/szyw/guoneiyw/2017/4066271.htm
2017-03-18 06:02:28 [xinjiangdj] INFO: crawling url: http://www.xjkunlun.cn/xinwen/szyw/guoneiyw/2017/4066264.htm
2017-03-18 06:02:28 [xinjiangdj] INFO: crawling url: http://www.xjkunlun.cn/xinwen/szyw/guoneiyw/2017/4066262.htm
2017-03-18 06:02:29 [xinjiangdj] INFO: crawling url: http://www.xjkunlun.cn/xinwen/szyw/guojiyw/2017/4066008.htm
2017-03-18 06:02:29 [xinjiangdj] INFO: crawling url: http://www.xjkunlun.cn/xinwen/szyw/guojiyw/2017/4066006.htm
2017-03-18 06:02:29 [xinjiangdj] INFO: crawling url: http://www.xjkunlun.cn/xinwen/szyw/guojiyw/2017/4066007.htm
2017-03-18 06:02:29 [xinjiangdj] INFO: crawling url: http://www.xjkunlun.cn/xinwen/szyw/guojiyw/2017/4066005.htm
2017-03-18 06:02:29 [xinjiangdj] INFO: crawling url: http://www.xjkunlun.cn/xinwen/szyw/guojiyw/2017/4066004.htm
2017-03-18 06:02:29 [xinjiangdj] INFO: crawling url: http://www.xjkunlun.cn/xinwen/szyw/guojiyw/2017/4066003.htm
2017-03-18 06:02:29 [xinjiangdj] INFO: crawling url: http://www.xjkunlun.cn/xinwen/szyw/guojiyw/2017/4066002.htm
2017-03-18 06:02:30 [xinjiangdj] INFO: crawling url: http://www.xjkunlun.cn/xinwen/szyw/guojiyw/2017/4066001.htm
2017-03-18 06:02:30 [xinjiangdj] INFO: crawling url: http://www.xjkunlun.cn/xinwen/szyw/guojiyw/2017/4065832.htm
2017-03-18 06:02:30 [xinjiangdj] INFO: crawling url: http://www.xjkunlun.cn/xinwen/szyw/guojiyw/2017/4065831.htm
2017-03-18 06:02:30 [xinjiangdj] INFO: crawling url: http://www.xjkunlun.cn/xinwen/szyw/guojiyw/2017/4065829.htm
2017-03-18 06:02:30 [xinjiangdj] INFO: crawling url: http://www.xjkunlun.cn/xinwen/szyw/guojiyw/2017/4065830.htm
2017-03-18 06:02:30 [xinjiangdj] INFO: crawling url: http://www.xjkunlun.cn/xinwen/szyw/guojiyw/2017/4065828.htm
2017-03-18 06:02:30 [xinjiangdj] INFO: crawling url: http://www.xjkunlun.cn/xinwen/szyw/guojiyw/2017/4065825.htm
2017-03-18 06:02:31 [xinjiangdj] INFO: crawling url: http://www.xjkunlun.cn/xinwen/szyw/jiangneixw/2017/4065949.htm
2017-03-18 06:02:31 [xinjiangdj] INFO: crawling url: http://www.xjkunlun.cn/xinwen/szyw/jiangneixw/2017/4065946.htm
2017-03-18 06:02:31 [xinjiangdj] INFO: crawling url: http://www.xjkunlun.cn/xinwen/szyw/jiangneixw/2017/4065947.htm
2017-03-18 06:02:31 [xinjiangdj] INFO: crawling url: http://www.xjkunlun.cn/xinwen/szyw/jiangneixw/2017/4065945.htm
2017-03-18 06:02:31 [xinjiangdj] INFO: crawling url: http://www.xjkunlun.cn/xinwen/szyw/jiangneixw/2017/4065919.htm
2017-03-18 06:02:31 [xinjiangdj] INFO: crawling url: http://www.xjkunlun.cn/xinwen/szyw/jiangneixw/2017/4065944.htm
2017-03-18 06:02:31 [xinjiangdj] INFO: crawling url: http://www.xjkunlun.cn/xinwen/szyw/jiangneixw/2017/4065943.htm
2017-03-18 06:02:32 [xinjiangdj] INFO: crawling url: http://www.xjkunlun.cn/xinwen/szyw/jiangneixw/2017/4065942.htm
2017-03-18 06:02:32 [xinjiangdj] INFO: crawling url: http://www.xjkunlun.cn/xinwen/szyw/jiangneixw/2017/4065930.htm
2017-03-18 06:02:32 [xinjiangdj] INFO: crawling url: http://www.xjkunlun.cn/xinwen/szyw/jiangneixw/2017/4065931.htm
2017-03-18 06:02:32 [xinjiangdj] INFO: crawling url: http://www.xjkunlun.cn/xinwen/szyw/jiangneixw/2017/4065932.htm
2017-03-18 06:02:32 [xinjiangdj] INFO: crawling url: http://www.xjkunlun.cn/xinwen/szyw/jiangneixw/2017/4065933.htm
2017-03-18 06:02:32 [xinjiangdj] INFO: crawling url: http://www.xjkunlun.cn/xinwen/szyw/jiangneixw/2017/4065934.htm
2017-03-18 06:02:32 [xinjiangdj] INFO: crawling url: http://www.xjkunlun.cn/xinwen/szyw/jiangneixw/2017/4065935.htm
2017-03-18 06:02:33 [xinjiangdj] INFO: crawling url: http://www.xjkunlun.cn/xinwen/szyw/guoneiyw/2017/4066259.htm
2017-03-18 06:02:33 [xinjiangdj] INFO: crawling url: http://www.xjkunlun.cn/xinwen/szyw/guoneiyw/2017/4066258.htm
2017-03-18 06:02:33 [xinjiangdj] INFO: crawling url: http://www.xjkunlun.cn/xinwen/szyw/guoneiyw/2017/4066256.htm
2017-03-18 06:02:33 [xinjiangdj] INFO: crawling url: http://www.xjkunlun.cn/xinwen/szyw/guoneiyw/2017/4066257.htm
2017-03-18 06:02:33 [scrapy.extensions.logstats] INFO: Crawled 344 pages (at 344 pages/min), scraped 203 items (at 203 items/min)
2017-03-18 06:02:33 [xinjiangdj] INFO: crawling url: http://www.xjkunlun.cn/xinwen/szyw/guoneiyw/2017/4066255.htm
2017-03-18 06:02:33 [xinjiangdj] INFO: crawling url: http://www.xjkunlun.cn/xinwen/szyw/guoneiyw/2017/4066254.htm
2017-03-18 06:02:33 [xinjiangdj] INFO: crawling url: http://www.xjkunlun.cn/xinwen/szyw/guoneiyw/2017/4066253.htm
2017-03-18 06:02:33 [xinjiangdj] INFO: crawling url: http://www.xjkunlun.cn/xinwen/szyw/guoneiyw/2017/4066252.htm
2017-03-18 06:02:34 [xinjiangdj] INFO: crawling url: http://www.xjkunlun.cn/xinwen/szyw/guoneiyw/2017/4066251.htm
2017-03-18 06:02:34 [xinjiangdj] INFO: crawling url: http://www.xjkunlun.cn/xinwen/szyw/guoneiyw/2017/4066250.htm
2017-03-18 06:02:34 [xinjiangdj] INFO: crawling url: http://www.xjkunlun.cn/xinwen/szyw/guoneiyw/2017/4066249.htm
2017-03-18 06:02:34 [xinjiangdj] INFO: crawling url: http://www.xjkunlun.cn/xinwen/szyw/guoneiyw/2017/4066248.htm
2017-03-18 06:02:34 [xinjiangdj] INFO: crawling url: http://www.xjkunlun.cn/xinwen/szyw/guoneiyw/2017/4066246.htm
2017-03-18 06:02:34 [xinjiangdj] INFO: crawling url: http://www.xjkunlun.cn/xinwen/szyw/guoneiyw/2017/4066245.htm
2017-03-18 06:02:34 [xinjiangdj] INFO: crawling url: http://www.xjkunlun.cn/xinwen/szyw/guojiyw/2017/4065824.htm
2017-03-18 06:02:35 [xinjiangdj] INFO: crawling url: http://www.xjkunlun.cn/xinwen/szyw/guojiyw/2017/4065823.htm
2017-03-18 06:02:35 [xinjiangdj] INFO: crawling url: http://www.xjkunlun.cn/xinwen/szyw/guojiyw/2017/4065822.htm
2017-03-18 06:02:35 [xinjiangdj] INFO: crawling url: http://www.xjkunlun.cn/xinwen/szyw/guojiyw/2017/4065819.htm
2017-03-18 06:02:35 [xinjiangdj] INFO: crawling url: http://www.xjkunlun.cn/xinwen/szyw/guojiyw/2017/4065820.htm
2017-03-18 06:02:35 [xinjiangdj] INFO: crawling url: http://www.xjkunlun.cn/xinwen/szyw/guojiyw/2017/4065818.htm
2017-03-18 06:02:35 [xinjiangdj] INFO: crawling url: http://www.xjkunlun.cn/xinwen/szyw/guojiyw/2017/4065817.htm
2017-03-18 06:02:35 [xinjiangdj] INFO: crawling url: http://www.xjkunlun.cn/xinwen/szyw/guojiyw/2017/4065815.htm
2017-03-18 06:02:36 [xinjiangdj] INFO: crawling url: http://www.xjkunlun.cn/xinwen/szyw/guojiyw/2017/4065816.htm
2017-03-18 06:02:36 [xinjiangdj] INFO: crawling url: http://www.xjkunlun.cn/xinwen/szyw/guojiyw/2017/4065814.htm
2017-03-18 06:02:36 [xinjiangdj] INFO: crawling url: http://www.xjkunlun.cn/xinwen/szyw/guojiyw/2017/4065813.htm
2017-03-18 06:02:36 [xinjiangdj] INFO: crawling url: http://www.xjkunlun.cn/xinwen/szyw/guojiyw/2017/4065812.htm
2017-03-18 06:02:36 [xinjiangdj] INFO: crawling url: http://www.xjkunlun.cn/xinwen/szyw/guojiyw/2017/4065811.htm
2017-03-18 06:02:36 [xinjiangdj] INFO: crawling url: http://www.xjkunlun.cn/xinwen/szyw/guojiyw/2017/4065810.htm
2017-03-18 06:02:36 [xinjiangdj] INFO: crawling url: http://www.xjkunlun.cn/xinwen/szyw/jiangneixw/2017/4065936.htm
2017-03-18 06:02:37 [xinjiangdj] INFO: crawling url: http://www.xjkunlun.cn/xinwen/szyw/jiangneixw/2017/4065937.htm
2017-03-18 06:02:37 [xinjiangdj] INFO: crawling url: http://www.xjkunlun.cn/xinwen/szyw/jiangneixw/2017/4065938.htm
2017-03-18 06:02:37 [xinjiangdj] INFO: crawling url: http://www.xjkunlun.cn/xinwen/szyw/jiangneixw/2017/4065939.htm
2017-03-18 06:02:37 [xinjiangdj] INFO: crawling url: http://www.xjkunlun.cn/xinwen/szyw/jiangneixw/2017/4065940.htm
2017-03-18 06:02:37 [xinjiangdj] INFO: crawling url: http://www.xjkunlun.cn/xinwen/szyw/jiangneixw/2017/4065941.htm
2017-03-18 06:02:37 [xinjiangdj] INFO: crawling url: http://www.xjkunlun.cn/xinwen/szyw/jiangneixw/2017/4065916.htm
2017-03-18 06:02:37 [xinjiangdj] INFO: crawling url: http://www.xjkunlun.cn/xinwen/szyw/jiangneixw/2017/4065915.htm
2017-03-18 06:02:38 [xinjiangdj] INFO: crawling url: http://www.xjkunlun.cn/xinwen/szyw/jiangneixw/2017/4065917.htm
2017-03-18 06:02:38 [xinjiangdj] INFO: crawling url: http://www.xjkunlun.cn/xinwen/szyw/jiangneixw/2017/4065918.htm
2017-03-18 06:02:38 [xinjiangdj] INFO: crawling url: http://www.xjkunlun.cn/xinwen/szyw/jiangneixw/2017/4065905.htm
2017-03-18 06:02:38 [xinjiangdj] INFO: crawling url: http://www.xjkunlun.cn/xinwen/szyw/jiangneixw/2017/4065904.htm
2017-03-18 06:02:38 [xinjiangdj] INFO: crawling url: http://www.xjkunlun.cn/xinwen/szyw/jiangneixw/2017/4065903.htm
2017-03-18 06:02:38 [xinjiangdj] INFO: crawling url: http://www.xjkunlun.cn/xinwen/szyw/jiangneixw/2017/4065748.htm
2017-03-18 06:02:38 [xinjiangdj] INFO: crawling url: http://www.xjkunlun.cn/xinwen/szyw/guoneiyw/2017/4066244.htm
2017-03-18 06:02:39 [xinjiangdj] INFO: crawling url: http://www.xjkunlun.cn/xinwen/szyw/guoneiyw/2017/4066243.htm
2017-03-18 06:02:39 [xinjiangdj] INFO: crawling url: http://www.xjkunlun.cn/xinwen/szyw/guoneiyw/2017/4066242.htm
2017-03-18 06:02:39 [xinjiangdj] INFO: crawling url: http://www.xjkunlun.cn/xinwen/szyw/guoneiyw/2017/4066241.htm
2017-03-18 06:02:39 [xinjiangdj] INFO: crawling url: http://www.xjkunlun.cn/xinwen/szyw/guoneiyw/2017/4066239.htm
2017-03-18 06:02:39 [xinjiangdj] INFO: crawling url: http://www.xjkunlun.cn/xinwen/szyw/guoneiyw/2017/4066238.htm
2017-03-18 06:02:39 [xinjiangdj] INFO: crawling url: http://www.xjkunlun.cn/xinwen/szyw/guoneiyw/2017/4066237.htm
2017-03-18 06:02:39 [xinjiangdj] INFO: crawling url: http://www.xjkunlun.cn/xinwen/szyw/guoneiyw/2017/4066236.htm
2017-03-18 06:02:39 [xinjiangdj] INFO: crawling url: http://www.xjkunlun.cn/xinwen/szyw/guoneiyw/2017/4066235.htm
2017-03-18 06:02:40 [xinjiangdj] INFO: crawling url: http://www.xjkunlun.cn/xinwen/szyw/guoneiyw/2017/4066234.htm
2017-03-18 06:02:40 [xinjiangdj] INFO: crawling url: http://www.xjkunlun.cn/xinwen/szyw/guoneiyw/2017/4066232.htm
2017-03-18 06:02:40 [xinjiangdj] INFO: crawling url: http://www.xjkunlun.cn/xinwen/szyw/guoneiyw/2017/4066231.htm
2017-03-18 06:02:40 [xinjiangdj] INFO: crawling url: http://www.xjkunlun.cn/xinwen/szyw/guoneiyw/2017/4066230.htm
2017-03-18 06:02:40 [xinjiangdj] INFO: crawling url: http://www.xjkunlun.cn/xinwen/szyw/guoneiyw/2017/4066228.htm
2017-03-18 06:02:40 [xinjiangdj] INFO: crawling url: http://www.xjkunlun.cn/xinwen/szyw/guojiyw/2017/4065809.htm
2017-03-18 06:02:40 [xinjiangdj] INFO: crawling url: http://www.xjkunlun.cn/xinwen/szyw/guojiyw/2017/4065808.htm
2017-03-18 06:02:40 [xinjiangdj] INFO: crawling url: http://www.xjkunlun.cn/xinwen/szyw/guojiyw/2017/4065807.htm
2017-03-18 06:02:41 [xinjiangdj] INFO: crawling url: http://www.xjkunlun.cn/xinwen/szyw/guojiyw/2017/4065806.htm
2017-03-18 06:02:41 [xinjiangdj] INFO: crawling url: http://www.xjkunlun.cn/xinwen/szyw/guojiyw/2017/4065804.htm
2017-03-18 06:02:41 [xinjiangdj] INFO: crawling url: http://www.xjkunlun.cn/xinwen/szyw/guojiyw/2017/4065803.htm
2017-03-18 06:02:41 [xinjiangdj] INFO: crawling url: http://www.xjkunlun.cn/xinwen/szyw/guojiyw/2017/4065802.htm
2017-03-18 06:02:41 [xinjiangdj] INFO: crawling url: http://www.xjkunlun.cn/xinwen/szyw/guojiyw/2017/4065517.htm
2017-03-18 06:02:41 [xinjiangdj] INFO: crawling url: http://www.xjkunlun.cn/xinwen/szyw/guojiyw/2017/4065516.htm
2017-03-18 06:02:41 [xinjiangdj] INFO: crawling url: http://www.xjkunlun.cn/xinwen/szyw/guojiyw/2017/4065515.htm
2017-03-18 06:02:42 [xinjiangdj] INFO: crawling url: http://www.xjkunlun.cn/xinwen/szyw/guojiyw/2017/4065514.htm
2017-03-18 06:02:42 [xinjiangdj] INFO: crawling url: http://www.xjkunlun.cn/xinwen/szyw/guojiyw/2017/4065513.htm
2017-03-18 06:02:42 [xinjiangdj] INFO: crawling url: http://www.xjkunlun.cn/xinwen/szyw/guojiyw/2017/4065512.htm
2017-03-18 06:02:42 [xinjiangdj] INFO: crawling url: http://www.xjkunlun.cn/xinwen/szyw/guojiyw/2017/4065510.htm
2017-03-18 06:02:42 [xinjiangdj] INFO: crawling url: http://www.xjkunlun.cn/xinwen/szyw/jiangneixw/2017/4065743.htm
2017-03-18 06:02:42 [xinjiangdj] INFO: crawling url: http://www.xjkunlun.cn/xinwen/szyw/jiangneixw/2017/4065738.htm
2017-03-18 06:02:42 [xinjiangdj] INFO: crawling url: http://www.xjkunlun.cn/xinwen/szyw/jiangneixw/2017/4065731.htm
2017-03-18 06:02:43 [xinjiangdj] INFO: crawling url: http://www.xjkunlun.cn/xinwen/szyw/jiangneixw/2017/4065734.htm
2017-03-18 06:02:43 [xinjiangdj] INFO: crawling url: http://www.xjkunlun.cn/xinwen/szyw/jiangneixw/2017/4065735.htm
2017-03-18 06:02:43 [xinjiangdj] INFO: crawling url: http://www.xjkunlun.cn/xinwen/szyw/jiangneixw/2017/4065737.htm
2017-03-18 06:02:43 [xinjiangdj] INFO: crawling url: http://www.xjkunlun.cn/xinwen/szyw/jiangneixw/2017/4065736.htm
2017-03-18 06:02:43 [xinjiangdj] INFO: crawling url: http://www.xjkunlun.cn/xinwen/szyw/jiangneixw/2017/4065739.htm
2017-03-18 06:02:43 [xinjiangdj] INFO: crawling url: http://www.xjkunlun.cn/xinwen/szyw/jiangneixw/2017/4065729.htm
2017-03-18 06:02:43 [xinjiangdj] INFO: crawling url: http://www.xjkunlun.cn/xinwen/szyw/jiangneixw/2017/4065728.htm
2017-03-18 06:02:44 [xinjiangdj] INFO: crawling url: http://www.xjkunlun.cn/xinwen/szyw/jiangneixw/2017/4065727.htm
2017-03-18 06:02:44 [xinjiangdj] INFO: crawling url: http://www.xjkunlun.cn/xinwen/szyw/jiangneixw/2017/4065718.htm
2017-03-18 06:02:44 [xinjiangdj] INFO: crawling url: http://www.xjkunlun.cn/xinwen/szyw/jiangneixw/2017/4065717.htm
2017-03-18 06:02:44 [xinjiangdj] INFO: crawling url: http://www.xjkunlun.cn/xinwen/szyw/jiangneixw/2017/4065726.htm
2017-03-18 06:02:44 [xinjiangdj] INFO: crawling url: http://www.xjkunlun.cn/xinwen/szyw/guoneiyw/2017/4066224.htm
2017-03-18 06:02:44 [xinjiangdj] INFO: crawling url: http://www.xjkunlun.cn/xinwen/szyw/guoneiyw/2017/4066222.htm
2017-03-18 06:02:44 [xinjiangdj] INFO: crawling url: http://www.xjkunlun.cn/xinwen/szyw/guoneiyw/2017/4066223.htm
2017-03-18 06:02:45 [xinjiangdj] INFO: crawling url: http://www.xjkunlun.cn/xinwen/szyw/guoneiyw/2017/4066221.htm
2017-03-18 06:02:45 [xinjiangdj] INFO: crawling url: http://www.xjkunlun.cn/xinwen/szyw/guoneiyw/2017/4066220.htm
2017-03-18 06:02:45 [xinjiangdj] INFO: crawling url: http://www.xjkunlun.cn/xinwen/szyw/guoneiyw/2017/4066167.htm
2017-03-18 06:02:45 [xinjiangdj] INFO: crawling url: http://www.xjkunlun.cn/xinwen/szyw/guoneiyw/2017/4066166.htm
2017-03-18 06:02:45 [xinjiangdj] INFO: crawling url: http://www.xjkunlun.cn/xinwen/szyw/guoneiyw/2017/4066165.htm
2017-03-18 06:02:45 [xinjiangdj] INFO: crawling url: http://www.xjkunlun.cn/xinwen/szyw/guoneiyw/2017/4066164.htm
2017-03-18 06:02:45 [xinjiangdj] INFO: crawling url: http://www.xjkunlun.cn/xinwen/szyw/guoneiyw/2017/4066163.htm
2017-03-18 06:02:45 [xinjiangdj] INFO: crawling url: http://www.xjkunlun.cn/xinwen/szyw/guoneiyw/2017/4066162.htm
2017-03-18 06:02:46 [xinjiangdj] INFO: crawling url: http://www.xjkunlun.cn/xinwen/szyw/guoneiyw/2017/4066118.htm
2017-03-18 06:02:46 [xinjiangdj] INFO: crawling url: http://www.xjkunlun.cn/xinwen/szyw/guoneiyw/2017/4066115.htm
2017-03-18 06:02:46 [xinjiangdj] INFO: crawling url: http://www.xjkunlun.cn/xinwen/szyw/guoneiyw/2017/4066108.htm
2017-03-18 06:02:46 [xinjiangdj] INFO: crawling url: http://www.xjkunlun.cn/xinwen/szyw/guojiyw/2017/4065511.htm
2017-03-18 06:02:46 [xinjiangdj] INFO: crawling url: http://www.xjkunlun.cn/xinwen/szyw/guojiyw/2017/4065509.htm
2017-03-18 06:02:46 [xinjiangdj] INFO: crawling url: http://www.xjkunlun.cn/xinwen/szyw/guojiyw/2017/4065508.htm
2017-03-18 06:02:46 [xinjiangdj] INFO: crawling url: http://www.xjkunlun.cn/xinwen/szyw/guojiyw/2017/4065507.htm
2017-03-18 06:02:47 [xinjiangdj] INFO: crawling url: http://www.xjkunlun.cn/xinwen/szyw/guojiyw/2017/4065506.htm
2017-03-18 06:02:47 [xinjiangdj] INFO: crawling url: http://www.xjkunlun.cn/xinwen/szyw/guojiyw/2017/4065505.htm
2017-03-18 06:02:47 [xinjiangdj] INFO: crawling url: http://www.xjkunlun.cn/xinwen/szyw/guojiyw/2017/4065504.htm
2017-03-18 06:02:47 [xinjiangdj] INFO: crawling url: http://www.xjkunlun.cn/xinwen/szyw/guojiyw/2017/4065503.htm
2017-03-18 06:02:47 [xinjiangdj] INFO: crawling url: http://www.xjkunlun.cn/xinwen/szyw/guojiyw/2017/4065502.htm
2017-03-18 06:02:47 [xinjiangdj] INFO: crawling url: http://www.xjkunlun.cn/xinwen/szyw/guojiyw/2017/4065501.htm
2017-03-18 06:02:47 [xinjiangdj] INFO: crawling url: http://www.xjkunlun.cn/xinwen/szyw/guojiyw/2017/4065500.htm
2017-03-18 06:02:48 [xinjiangdj] INFO: crawling url: http://www.xjkunlun.cn/xinwen/szyw/guojiyw/2017/4065499.htm
2017-03-18 06:02:48 [xinjiangdj] INFO: crawling url: http://www.xjkunlun.cn/xinwen/szyw/guojiyw/2017/4065498.htm
2017-03-18 06:02:48 [xinjiangdj] INFO: crawling url: http://www.xjkunlun.cn/xinwen/szyw/guojiyw/2017/4065497.htm
2017-03-18 06:02:48 [xinjiangdj] INFO: crawling url: http://www.xjkunlun.cn/xinwen/szyw/jiangneixw/2017/4065725.htm
2017-03-18 06:02:48 [xinjiangdj] INFO: crawling url: http://www.xjkunlun.cn/xinwen/szyw/jiangneixw/2017/4065724.htm
2017-03-18 06:02:48 [xinjiangdj] INFO: crawling url: http://www.xjkunlun.cn/xinwen/szyw/jiangneixw/2017/4065723.htm
2017-03-18 06:02:48 [xinjiangdj] INFO: crawling url: http://www.xjkunlun.cn/xinwen/szyw/jiangneixw/2017/4065722.htm
2017-03-18 06:02:48 [xinjiangdj] INFO: crawling url: http://www.xjkunlun.cn/xinwen/szyw/jiangneixw/2017/4065721.htm
2017-03-18 06:02:49 [xinjiangdj] INFO: crawling url: http://www.xjkunlun.cn/xinwen/szyw/jiangneixw/2017/4065720.htm
2017-03-18 06:02:49 [xinjiangdj] INFO: crawling url: http://www.xjkunlun.cn/xinwen/szyw/jiangneixw/2017/4065719.htm
2017-03-18 06:02:49 [xinjiangdj] INFO: crawling url: http://www.xjkunlun.cn/xinwen/szyw/jiangneixw/2017/4065716.htm
2017-03-18 06:02:49 [xinjiangdj] INFO: crawling url: http://www.xjkunlun.cn/xinwen/szyw/jiangneixw/2017/4065715.htm
2017-03-18 06:02:49 [xinjiangdj] INFO: crawling url: http://www.xjkunlun.cn/xinwen/szyw/jiangneixw/2017/4065714.htm
2017-03-18 06:02:49 [xinjiangdj] INFO: crawling url: http://www.xjkunlun.cn/xinwen/szyw/jiangneixw/2017/4065713.htm
2017-03-18 06:02:49 [xinjiangdj] INFO: crawling url: http://www.xjkunlun.cn/xinwen/szyw/jiangneixw/2017/4065712.htm
2017-03-18 06:02:49 [xinjiangdj] INFO: crawling url: http://www.xjkunlun.cn/xinwen/szyw/jiangneixw/2017/4065606.htm
2017-03-18 06:02:50 [xinjiangdj] INFO: crawling url: http://www.xjkunlun.cn/xinwen/szyw/jiangneixw/2017/4065607.htm
2017-03-18 06:02:50 [xinjiangdj] INFO: crawling url: http://www.xjkunlun.cn/xinwen/szyw/guoneiyw/2017/4066112.htm
2017-03-18 06:02:50 [xinjiangdj] INFO: crawling url: http://www.xjkunlun.cn/xinwen/szyw/guoneiyw/2017/4066109.htm
2017-03-18 06:02:50 [xinjiangdj] INFO: crawling url: http://www.xjkunlun.cn/xinwen/szyw/guoneiyw/2017/4066107.htm
2017-03-18 06:02:50 [xinjiangdj] INFO: crawling url: http://www.xjkunlun.cn/xinwen/szyw/guoneiyw/2017/4066104.htm
2017-03-18 06:02:50 [xinjiangdj] INFO: crawling url: http://www.xjkunlun.cn/xinwen/szyw/guoneiyw/2017/4066102.htm
2017-03-18 06:02:51 [xinjiangdj] INFO: crawling url: http://www.xjkunlun.cn/xinwen/szyw/guoneiyw/2017/4066103.htm
2017-03-18 06:02:51 [xinjiangdj] INFO: crawling url: http://www.xjkunlun.cn/xinwen/szyw/guoneiyw/2017/4066101.htm
2017-03-18 06:02:51 [xinjiangdj] INFO: crawling url: http://www.xjkunlun.cn/xinwen/szyw/guoneiyw/2017/4066100.htm
2017-03-18 06:02:51 [xinjiangdj] INFO: crawling url: http://www.xjkunlun.cn/xinwen/szyw/guoneiyw/2017/4066099.htm
2017-03-18 06:02:51 [xinjiangdj] INFO: crawling url: http://www.xjkunlun.cn/xinwen/szyw/guoneiyw/2017/4066098.htm
2017-03-18 06:02:51 [xinjiangdj] INFO: crawling url: http://www.xjkunlun.cn/xinwen/szyw/guoneiyw/2017/4066097.htm
2017-03-18 06:02:52 [xinjiangdj] INFO: crawling url: http://www.xjkunlun.cn/xinwen/szyw/guoneiyw/2017/4066096.htm
2017-03-18 06:02:52 [xinjiangdj] INFO: crawling url: http://www.xjkunlun.cn/xinwen/szyw/guoneiyw/2017/4066095.htm
2017-03-18 06:02:52 [xinjiangdj] INFO: crawling url: http://www.xjkunlun.cn/xinwen/szyw/guoneiyw/2017/4066026.htm
2017-03-18 06:02:52 [xinjiangdj] INFO: crawling url: http://www.xjkunlun.cn/xinwen/szyw/guojiyw/2017/4065496.htm
2017-03-18 06:02:52 [xinjiangdj] INFO: crawling url: http://www.xjkunlun.cn/xinwen/szyw/guojiyw/2017/4065495.htm
2017-03-18 06:02:52 [xinjiangdj] INFO: crawling url: http://www.xjkunlun.cn/xinwen/szyw/guojiyw/2017/4065494.htm
2017-03-18 06:02:52 [xinjiangdj] INFO: crawling url: http://www.xjkunlun.cn/xinwen/szyw/guojiyw/2017/4065493.htm
2017-03-18 06:02:53 [xinjiangdj] INFO: crawling url: http://www.xjkunlun.cn/xinwen/szyw/guojiyw/2017/4065492.htm
2017-03-18 06:02:53 [xinjiangdj] INFO: crawling url: http://www.xjkunlun.cn/xinwen/szyw/guojiyw/2017/4065491.htm
2017-03-18 06:02:53 [xinjiangdj] INFO: crawling url: http://www.xjkunlun.cn/xinwen/szyw/guojiyw/2017/4065490.htm
2017-03-18 06:02:53 [xinjiangdj] INFO: crawling url: http://www.xjkunlun.cn/xinwen/szyw/guojiyw/2017/4065489.htm
2017-03-18 06:02:53 [xinjiangdj] INFO: crawling url: http://www.xjkunlun.cn/xinwen/szyw/guojiyw/2017/4065487.htm
2017-03-18 06:02:53 [xinjiangdj] INFO: crawling url: http://www.xjkunlun.cn/xinwen/szyw/guojiyw/2017/4065488.htm
2017-03-18 06:02:53 [xinjiangdj] INFO: crawling url: http://www.xjkunlun.cn/xinwen/szyw/guojiyw/2017/4065486.htm
2017-03-18 06:02:54 [xinjiangdj] INFO: crawling url: http://www.xjkunlun.cn/xinwen/szyw/jiangneixw/2017/4065710.htm
2017-03-18 06:02:54 [xinjiangdj] INFO: crawling url: http://www.xjkunlun.cn/xinwen/szyw/jiangneixw/2017/4065609.htm
2017-03-18 06:02:54 [xinjiangdj] INFO: crawling url: http://www.xjkunlun.cn/xinwen/szyw/jiangneixw/2017/4065608.htm
2017-03-18 06:02:54 [xinjiangdj] INFO: crawling url: http://www.xjkunlun.cn/xinwen/szyw/jiangneixw/2017/4065711.htm
2017-03-18 06:02:55 [xinjiangdj] INFO: crawling url: http://www.xjkunlun.cn/xinwen/szyw/jiangneixw/2017/4065605.htm
2017-03-18 06:02:55 [xinjiangdj] INFO: crawling url: http://www.xjkunlun.cn/xinwen/szyw/jiangneixw/2017/4065604.htm
2017-03-18 06:02:55 [xinjiangdj] INFO: crawling url: http://www.xjkunlun.cn/xinwen/szyw/jiangneixw/2017/4065603.htm
2017-03-18 06:02:55 [xinjiangdj] INFO: crawling url: http://www.xjkunlun.cn/xinwen/szyw/jiangneixw/2017/4065602.htm
2017-03-18 06:02:55 [xinjiangdj] INFO: crawling url: http://www.xjkunlun.cn/xinwen/szyw/jiangneixw/2017/4065601.htm
2017-03-18 06:02:55 [xinjiangdj] INFO: crawling url: http://www.xjkunlun.cn/xinwen/szyw/jiangneixw/2017/4065569.htm
2017-03-18 06:02:55 [xinjiangdj] INFO: crawling url: http://www.xjkunlun.cn/xinwen/szyw/jiangneixw/2017/4065416.htm
2017-03-18 06:02:55 [xinjiangdj] INFO: crawling url: http://www.xjkunlun.cn/xinwen/szyw/jiangneixw/2017/4065415.htm
2017-03-18 06:02:55 [xinjiangdj] INFO: crawling url: http://www.xjkunlun.cn/xinwen/szyw/jiangneixw/2017/4065408.htm
2017-03-18 06:02:56 [xinjiangdj] INFO: crawling url: http://www.xjkunlun.cn/xinwen/szyw/jiangneixw/2017/4065409.htm
2017-03-18 06:02:56 [xinjiangdj] INFO: crawling url: http://www.xjkunlun.cn/xinwen/szyw/guoneiyw/2017/4066024.htm
2017-03-18 06:02:56 [xinjiangdj] INFO: crawling url: http://www.xjkunlun.cn/xinwen/szyw/guoneiyw/2017/4066025.htm
2017-03-18 06:02:56 [xinjiangdj] INFO: crawling url: http://www.xjkunlun.cn/xinwen/szyw/guoneiyw/2017/4065989.htm
2017-03-18 06:02:56 [xinjiangdj] INFO: crawling url: http://www.xjkunlun.cn/xinwen/szyw/guoneiyw/2017/4065987.htm
2017-03-18 06:02:56 [xinjiangdj] INFO: crawling url: http://www.xjkunlun.cn/xinwen/szyw/guoneiyw/2017/4065986.htm
2017-03-18 06:02:57 [xinjiangdj] INFO: crawling url: http://www.xjkunlun.cn/xinwen/szyw/guoneiyw/2017/4065984.htm
2017-03-18 06:02:57 [xinjiangdj] INFO: crawling url: http://www.xjkunlun.cn/xinwen/szyw/guoneiyw/2017/4065983.htm
2017-03-18 06:02:57 [xinjiangdj] INFO: crawling url: http://www.xjkunlun.cn/xinwen/szyw/guoneiyw/2017/4065980.htm
2017-03-18 06:02:57 [xinjiangdj] INFO: crawling url: http://www.xjkunlun.cn/xinwen/szyw/guoneiyw/2017/4065979.htm
2017-03-18 06:02:57 [xinjiangdj] INFO: crawling url: http://www.xjkunlun.cn/xinwen/szyw/guoneiyw/2017/4065978.htm
2017-03-18 06:02:57 [xinjiangdj] INFO: crawling url: http://www.xjkunlun.cn/xinwen/szyw/guoneiyw/2017/4065975.htm
2017-03-18 06:02:57 [xinjiangdj] INFO: crawling url: http://www.xjkunlun.cn/xinwen/szyw/guoneiyw/2017/4065974.htm
2017-03-18 06:02:58 [xinjiangdj] INFO: crawling url: http://www.xjkunlun.cn/xinwen/szyw/guoneiyw/2017/4065973.htm
2017-03-18 06:02:58 [xinjiangdj] INFO: crawling url: http://www.xjkunlun.cn/xinwen/szyw/guoneiyw/2017/4065972.htm
2017-03-18 06:02:58 [xinjiangdj] INFO: crawling url: http://www.xjkunlun.cn/xinwen/szyw/jiangneixw/2017/4065410.htm
2017-03-18 06:02:58 [xinjiangdj] INFO: crawling url: http://www.xjkunlun.cn/xinwen/szyw/jiangneixw/2017/4065411.htm
2017-03-18 06:02:58 [xinjiangdj] INFO: crawling url: http://www.xjkunlun.cn/xinwen/szyw/jiangneixw/2017/4065412.htm
2017-03-18 06:02:58 [xinjiangdj] INFO: crawling url: http://www.xjkunlun.cn/xinwen/szyw/jiangneixw/2017/4065407.htm
2017-03-18 06:02:59 [xinjiangdj] INFO: crawling url: http://www.xjkunlun.cn/xinwen/szyw/jiangneixw/2017/4065404.htm
2017-03-18 06:03:00 [xinjiangdj] INFO: crawling url: http://www.xjkunlun.cn/xinwen/szyw/guoneiyw/2017/4065971.htm
2017-03-18 06:03:00 [xinjiangdj] INFO: crawling url: http://www.xjkunlun.cn/xinwen/szyw/guoneiyw/2017/4065977.htm
2017-03-18 06:03:00 [xinjiangdj] INFO: crawling url: http://www.xjkunlun.cn/xinwen/szyw/guoneiyw/2017/4065976.htm
2017-03-18 06:03:00 [xinjiangdj] INFO: crawling url: http://www.xjkunlun.cn/xinwen/szyw/guoneiyw/2017/4065970.htm
2017-03-18 06:03:00 [xinjiangdj] INFO: crawling url: http://www.xjkunlun.cn/xinwen/szyw/guoneiyw/2017/4065969.htm
2017-03-18 06:03:00 [xinjiangdj] INFO: crawling url: http://www.xjkunlun.cn/xinwen/szyw/guoneiyw/2017/4065968.htm
2017-03-18 06:03:01 [xinjiangdj] INFO: crawling url: http://www.xjkunlun.cn/xinwen/szyw/guoneiyw/2017/4065967.htm
2017-03-18 06:03:01 [xinjiangdj] INFO: crawling url: http://www.xjkunlun.cn/xinwen/szyw/guoneiyw/2017/4065966.htm
2017-03-18 06:03:01 [xinjiangdj] INFO: crawling url: http://www.xjkunlun.cn/xinwen/szyw/guoneiyw/2017/4065965.htm
2017-03-18 06:03:01 [xinjiangdj] INFO: crawling url: http://www.xjkunlun.cn/xinwen/szyw/guoneiyw/2017/4065964.htm
2017-03-18 06:03:01 [xinjiangdj] INFO: crawling url: http://www.xjkunlun.cn/xinwen/szyw/guoneiyw/2017/4065963.htm
2017-03-18 06:03:01 [xinjiangdj] INFO: crawling url: http://www.xjkunlun.cn/xinwen/szyw/guoneiyw/2017/4065962.htm
2017-03-18 06:03:01 [xinjiangdj] INFO: crawling url: http://www.xjkunlun.cn/xinwen/szyw/guoneiyw/2017/4065961.htm
2017-03-18 06:03:02 [xinjiangdj] INFO: crawling url: http://www.xjkunlun.cn/xinwen/szyw/guoneiyw/2017/4065960.htm
2017-03-18 06:03:02 [xinjiangdj] INFO: crawling url: http://www.xjkunlun.cn/xinwen/szyw/guoneiyw/2017/4065959.htm
2017-03-18 06:03:02 [xinjiangdj] INFO: crawling url: http://www.xjkunlun.cn/xinwen/szyw/guoneiyw/2017/4065957.htm
2017-03-18 06:03:02 [xinjiangdj] INFO: crawling url: http://www.xjkunlun.cn/xinwen/szyw/guoneiyw/2017/4065956.htm
2017-03-18 06:03:02 [xinjiangdj] INFO: crawling url: http://www.xjkunlun.cn/xinwen/szyw/guoneiyw/2017/4065907.htm
2017-03-18 06:03:03 [xinjiangdj] INFO: crawling url: http://www.xjkunlun.cn/xinwen/szyw/guoneiyw/2017/4065875.htm
2017-03-18 06:03:03 [xinjiangdj] INFO: crawling url: http://www.xjkunlun.cn/xinwen/szyw/guoneiyw/2017/4065874.htm
2017-03-18 06:03:03 [xinjiangdj] INFO: crawling url: http://www.xjkunlun.cn/xinwen/szyw/guoneiyw/2017/4065873.htm
2017-03-18 06:03:03 [xinjiangdj] INFO: crawling url: http://www.xjkunlun.cn/xinwen/szyw/guoneiyw/2017/4065871.htm
2017-03-18 06:03:03 [xinjiangdj] INFO: crawling url: http://www.xjkunlun.cn/xinwen/szyw/guoneiyw/2017/4065839.htm
2017-03-18 06:03:03 [xinjiangdj] INFO: crawling url: http://www.xjkunlun.cn/xinwen/szyw/guoneiyw/2017/4065870.htm
2017-03-18 06:03:03 [xinjiangdj] INFO: crawling url: http://www.xjkunlun.cn/xinwen/szyw/guoneiyw/2017/4065838.htm
2017-03-18 06:03:03 [xinjiangdj] INFO: crawling url: http://www.xjkunlun.cn/xinwen/szyw/guoneiyw/2017/4065837.htm
2017-03-18 06:03:03 [xinjiangdj] INFO: crawling url: http://www.xjkunlun.cn/xinwen/szyw/guoneiyw/2017/4065836.htm
2017-03-18 06:03:04 [xinjiangdj] INFO: crawling url: http://www.xjkunlun.cn/xinwen/szyw/guoneiyw/2017/4065834.htm
2017-03-18 06:03:04 [xinjiangdj] INFO: crawling url: http://www.xjkunlun.cn/xinwen/szyw/guoneiyw/2017/4065835.htm
2017-03-18 06:03:04 [xinjiangdj] INFO: crawling url: http://www.xjkunlun.cn/xinwen/szyw/guoneiyw/2017/4065833.htm
2017-03-18 06:03:04 [xinjiangdj] INFO: crawling url: http://www.xjkunlun.cn/xinwen/szyw/guoneiyw/2017/4065792.htm
2017-03-18 06:03:04 [xinjiangdj] INFO: crawling url: http://www.xjkunlun.cn/xinwen/szyw/guoneiyw/2017/4065795.htm
2017-03-18 06:03:05 [xinjiangdj] INFO: crawling url: http://www.xjkunlun.cn/xinwen/szyw/guoneiyw/2017/4065781.htm
2017-03-18 06:03:05 [xinjiangdj] INFO: crawling url: http://www.xjkunlun.cn/xinwen/szyw/guoneiyw/2017/4065784.htm
2017-03-18 06:03:05 [xinjiangdj] INFO: crawling url: http://www.xjkunlun.cn/xinwen/szyw/guoneiyw/2017/4065787.htm
2017-03-18 06:03:05 [xinjiangdj] INFO: crawling url: http://www.xjkunlun.cn/xinwen/szyw/guoneiyw/2017/4065788.htm
2017-03-18 06:03:05 [xinjiangdj] INFO: crawling url: http://www.xjkunlun.cn/xinwen/szyw/guoneiyw/2017/4065790.htm
2017-03-18 06:03:05 [xinjiangdj] INFO: crawling url: http://www.xjkunlun.cn/xinwen/szyw/guoneiyw/2017/4065791.htm
2017-03-18 06:03:05 [xinjiangdj] INFO: crawling url: http://www.xjkunlun.cn/xinwen/szyw/guoneiyw/2017/4065782.htm
2017-03-18 06:03:06 [xinjiangdj] INFO: crawling url: http://www.xjkunlun.cn/xinwen/szyw/guoneiyw/2017/4065789.htm
2017-03-18 06:03:06 [xinjiangdj] INFO: crawling url: http://www.xjkunlun.cn/xinwen/szyw/guoneiyw/2017/4065786.htm
2017-03-18 06:03:06 [xinjiangdj] INFO: crawling url: http://www.xjkunlun.cn/xinwen/szyw/guoneiyw/2017/4065769.htm
2017-03-18 06:03:06 [xinjiangdj] INFO: crawling url: http://www.xjkunlun.cn/xinwen/szyw/guoneiyw/2017/4065780.htm
2017-03-18 06:03:06 [xinjiangdj] INFO: crawling url: http://www.xjkunlun.cn/xinwen/szyw/guoneiyw/2017/4065768.htm
2017-03-18 06:03:06 [xinjiangdj] INFO: crawling url: http://www.xjkunlun.cn/xinwen/szyw/guoneiyw/2017/4065778.htm
2017-03-18 06:03:06 [xinjiangdj] INFO: crawling url: http://www.xjkunlun.cn/xinwen/szyw/guoneiyw/2017/4065777.htm
2017-03-18 06:03:07 [xinjiangdj] INFO: crawling url: http://www.xjkunlun.cn/xinwen/szyw/guoneiyw/2017/4065776.htm
2017-03-18 06:03:07 [xinjiangdj] INFO: crawling url: http://www.xjkunlun.cn/xinwen/szyw/guoneiyw/2017/4065764.htm
2017-03-18 06:03:07 [xinjiangdj] INFO: crawling url: http://www.xjkunlun.cn/xinwen/szyw/guoneiyw/2017/4065765.htm
2017-03-18 06:03:07 [xinjiangdj] INFO: crawling url: http://www.xjkunlun.cn/xinwen/szyw/guoneiyw/2017/4065767.htm
2017-03-18 06:03:07 [xinjiangdj] INFO: crawling url: http://www.xjkunlun.cn/xinwen/szyw/guoneiyw/2017/4065770.htm
2017-03-18 06:03:07 [xinjiangdj] INFO: crawling url: http://www.xjkunlun.cn/xinwen/szyw/guoneiyw/2017/4065771.htm
2017-03-18 06:03:07 [xinjiangdj] INFO: crawling url: http://www.xjkunlun.cn/xinwen/szyw/guoneiyw/2017/4065773.htm
2017-03-18 06:03:07 [xinjiangdj] INFO: crawling url: http://www.xjkunlun.cn/xinwen/szyw/guoneiyw/2017/4065772.htm
2017-03-18 06:03:08 [xinjiangdj] INFO: crawling url: http://www.xjkunlun.cn/xinwen/szyw/guoneiyw/2017/4065774.htm
2017-03-18 06:03:08 [xinjiangdj] INFO: crawling url: http://www.xjkunlun.cn/xinwen/szyw/guoneiyw/2017/4065758.htm
2017-03-18 06:03:08 [xinjiangdj] INFO: crawling url: http://www.xjkunlun.cn/xinwen/szyw/guoneiyw/2017/4065760.htm
2017-03-18 06:03:08 [xinjiangdj] INFO: crawling url: http://www.xjkunlun.cn/xinwen/szyw/guoneiyw/2017/4065763.htm
2017-03-18 06:03:08 [xinjiangdj] INFO: crawling url: http://www.xjkunlun.cn/xinwen/szyw/guoneiyw/2017/4065762.htm
2017-03-18 06:03:08 [xinjiangdj] INFO: crawling url: http://www.xjkunlun.cn/xinwen/szyw/guoneiyw/2017/4065761.htm
2017-03-18 06:03:09 [xinjiangdj] INFO: crawling url: http://www.xjkunlun.cn/xinwen/szyw/guoneiyw/2017/4065755.htm
2017-03-18 06:03:09 [xinjiangdj] INFO: crawling url: http://www.xjkunlun.cn/xinwen/szyw/guoneiyw/2017/4065756.htm
2017-03-18 06:03:09 [xinjiangdj] INFO: crawling url: http://www.xjkunlun.cn/xinwen/szyw/guoneiyw/2017/4065757.htm
2017-03-18 06:03:09 [xinjiangdj] INFO: crawling url: http://www.xjkunlun.cn/xinwen/szyw/guoneiyw/2017/4065754.htm
2017-03-18 06:03:09 [xinjiangdj] INFO: crawling url: http://www.xjkunlun.cn/xinwen/szyw/guoneiyw/2017/4065753.htm
2017-03-18 06:03:09 [xinjiangdj] INFO: crawling url: http://www.xjkunlun.cn/xinwen/szyw/guoneiyw/2017/4065752.htm
2017-03-18 06:03:09 [xinjiangdj] INFO: crawling url: http://www.xjkunlun.cn/xinwen/szyw/guoneiyw/2017/4065751.htm
2017-03-18 06:03:09 [xinjiangdj] INFO: crawling url: http://www.xjkunlun.cn/xinwen/szyw/guoneiyw/2017/4065749.htm
2017-03-18 06:03:10 [xinjiangdj] INFO: crawling url: http://www.xjkunlun.cn/xinwen/szyw/guoneiyw/2017/4065700.htm
2017-03-18 06:03:10 [xinjiangdj] INFO: crawling url: http://www.xjkunlun.cn/xinwen/szyw/guoneiyw/2017/4065485.htm
2017-03-18 06:03:10 [xinjiangdj] INFO: crawling url: http://www.xjkunlun.cn/xinwen/szyw/guoneiyw/2017/4065484.htm
2017-03-18 06:03:10 [xinjiangdj] INFO: crawling url: http://www.xjkunlun.cn/xinwen/szyw/guoneiyw/2017/4065479.htm
2017-03-18 06:03:10 [xinjiangdj] INFO: crawling url: http://www.xjkunlun.cn/xinwen/szyw/guoneiyw/2017/4065480.htm
2017-03-18 06:03:10 [xinjiangdj] INFO: crawling url: http://www.xjkunlun.cn/xinwen/szyw/guoneiyw/2017/4065478.htm
2017-03-18 06:03:11 [xinjiangdj] INFO: crawling url: http://www.xjkunlun.cn/xinwen/szyw/guoneiyw/2017/4065476.htm
2017-03-18 06:03:11 [xinjiangdj] INFO: crawling url: http://www.xjkunlun.cn/xinwen/szyw/guoneiyw/2017/4065477.htm
2017-03-18 06:03:11 [xinjiangdj] INFO: crawling url: http://www.xjkunlun.cn/xinwen/szyw/guoneiyw/2017/4065475.htm
2017-03-18 06:03:11 [xinjiangdj] INFO: crawling url: http://www.xjkunlun.cn/xinwen/szyw/guoneiyw/2017/4065474.htm
2017-03-18 06:03:11 [xinjiangdj] INFO: crawling url: http://www.xjkunlun.cn/xinwen/szyw/guoneiyw/2017/4065473.htm
2017-03-18 06:03:11 [xinjiangdj] INFO: crawling url: http://www.xjkunlun.cn/xinwen/szyw/guoneiyw/2017/4065472.htm
2017-03-18 06:03:11 [xinjiangdj] INFO: crawling url: http://www.xjkunlun.cn/xinwen/szyw/guoneiyw/2017/4065470.htm
2017-03-18 06:03:12 [xinjiangdj] INFO: crawling url: http://www.xjkunlun.cn/xinwen/szyw/guoneiyw/2017/4065467.htm
2017-03-18 06:03:12 [xinjiangdj] INFO: crawling url: http://www.xjkunlun.cn/xinwen/szyw/guoneiyw/2017/4065468.htm
2017-03-18 06:03:12 [xinjiangdj] INFO: crawling url: http://www.xjkunlun.cn/xinwen/szyw/guoneiyw/2017/4065466.htm
2017-03-18 06:03:12 [xinjiangdj] INFO: crawling url: http://www.xjkunlun.cn/xinwen/szyw/guoneiyw/2017/4065464.htm
2017-03-18 06:03:12 [xinjiangdj] INFO: crawling url: http://www.xjkunlun.cn/xinwen/szyw/guoneiyw/2017/4065463.htm
2017-03-18 06:03:12 [xinjiangdj] INFO: crawling url: http://www.xjkunlun.cn/xinwen/szyw/guoneiyw/2017/4065462.htm
2017-03-18 06:03:12 [xinjiangdj] INFO: crawling url: http://www.xjkunlun.cn/xinwen/szyw/guoneiyw/2017/4065461.htm
2017-03-18 06:03:13 [xinjiangdj] INFO: crawling url: http://www.xjkunlun.cn/xinwen/szyw/guoneiyw/2017/4065460.htm
2017-03-18 06:03:13 [xinjiangdj] INFO: crawling url: http://www.xjkunlun.cn/xinwen/szyw/guoneiyw/2017/4065458.htm
2017-03-18 06:03:13 [xinjiangdj] INFO: crawling url: http://www.xjkunlun.cn/xinwen/szyw/guoneiyw/2017/4065456.htm
2017-03-18 06:03:13 [xinjiangdj] INFO: crawling url: http://www.xjkunlun.cn/xinwen/szyw/guoneiyw/2017/4065457.htm
2017-03-18 06:03:13 [xinjiangdj] INFO: crawling url: http://www.xjkunlun.cn/xinwen/szyw/guoneiyw/2017/4065455.htm
2017-03-18 06:03:13 [xinjiangdj] INFO: crawling url: http://www.xjkunlun.cn/xinwen/szyw/guoneiyw/2017/4065454.htm
2017-03-18 06:03:13 [xinjiangdj] INFO: crawling url: http://www.xjkunlun.cn/xinwen/szyw/guoneiyw/2017/4065453.htm
2017-03-18 06:03:13 [xinjiangdj] INFO: crawling url: http://www.xjkunlun.cn/xinwen/szyw/guoneiyw/2017/4065452.htm
2017-03-18 06:03:14 [xinjiangdj] INFO: crawling url: http://www.xjkunlun.cn/xinwen/szyw/guoneiyw/2017/4065450.htm
2017-03-18 06:03:14 [scrapy.core.engine] INFO: Closing spider (finished)
2017-03-18 06:03:14 [xinjiangdj] INFO: wait 6 spiders to stop
2017-03-18 06:03:14 [xinjiangdj] INFO: wait 5 spiders to stop
2017-03-18 06:03:14 [xinjiangdj] INFO: wait 4 spiders to stop
2017-03-18 06:03:14 [xinjiangdj] INFO: wait 3 spiders to stop
2017-03-18 06:03:14 [xinjiangdj] INFO: wait 2 spiders to stop
2017-03-18 06:03:14 [xinjiangdj] INFO: wait 1 spiders to stop
2017-03-18 06:03:14 [xinjiangdj] INFO: all slave spider exit
2017-03-18 06:03:14 [scrapy.statscollectors] INFO: Dumping Scrapy stats:
{'downloader/request_bytes': 248249,
 'downloader/request_count': 652,
 'downloader/request_method_count/GET': 652,
 'downloader/response_bytes': 17740261,
 'downloader/response_count': 652,
 'downloader/response_status_count/200': 652,
 'finish_reason': 'finished',
 'finish_time': datetime.datetime(2017, 3, 17, 22, 3, 14, 205528),
 'item_scraped_count': 480,
 'log_count/INFO': 496,
 'log_count/WARNING': 4,
 'request_depth_max': 21,
 'response_received_count': 652,
 'scheduler/dequeued/redis': 652,
 'scheduler/enqueued/redis': 671,
 'start_time': datetime.datetime(2017, 3, 17, 22, 1, 33, 537090)}
2017-03-18 06:03:14 [scrapy.core.engine] INFO: Spider closed (finished)
