2017-03-16 06:00:14 [scrapy.utils.log] INFO: Scrapy 1.3.3 started (bot: web_news)
2017-03-16 06:00:14 [scrapy.utils.log] INFO: Overridden settings: {'NEWSPIDER_MODULE': 'web_news.spiders', 'SPIDER_MODULES': ['web_news.spiders'], 'LOG_LEVEL': 'INFO', 'CONCURRENT_REQUESTS_PER_DOMAIN': 32, 'DUPEFILTER_CLASS': 'scrapy_redis.dupefilter.RFPDupeFilter', 'CONCURRENT_REQUESTS': 32, 'METAREFRESH_ENABLED': False, 'CONCURRENT_REQUESTS_PER_IP': 32, 'BOT_NAME': 'web_news', 'USER_AGENT': 'Mozilla/5.0 (Windows NT 10.0) AppleWebKit/537.36 (KHTML, like Gecko) Chrome/45.0.2454.101 Safari/537.36', 'SCHEDULER': 'scrapy_redis.scheduler.Scheduler', 'REDIRECT_ENABLED': False, 'LOG_FILE': 'dj_log/xinjiangdj3.log', 'DOWNLOAD_DELAY': 0.25}
2017-03-16 06:00:14 [scrapy.middleware] INFO: Enabled extensions:
['scrapy.extensions.logstats.LogStats',
 'scrapy.extensions.corestats.CoreStats']
2017-03-16 06:00:14 [xinjiangdj] INFO: get key 5
2017-03-16 06:00:14 [scrapy.middleware] INFO: Enabled downloader middlewares:
['scrapy.downloadermiddlewares.httpauth.HttpAuthMiddleware',
 'scrapy.downloadermiddlewares.downloadtimeout.DownloadTimeoutMiddleware',
 'scrapy.downloadermiddlewares.defaultheaders.DefaultHeadersMiddleware',
 'scrapy.downloadermiddlewares.useragent.UserAgentMiddleware',
 'scrapy.downloadermiddlewares.retry.RetryMiddleware',
 'scrapy.downloadermiddlewares.httpcompression.HttpCompressionMiddleware',
 'scrapy.downloadermiddlewares.cookies.CookiesMiddleware',
 'scrapy.downloadermiddlewares.stats.DownloaderStats']
2017-03-16 06:00:14 [scrapy.middleware] INFO: Enabled spider middlewares:
['scrapy.spidermiddlewares.httperror.HttpErrorMiddleware',
 'scrapy.spidermiddlewares.offsite.OffsiteMiddleware',
 'scrapy.spidermiddlewares.referer.RefererMiddleware',
 'scrapy.spidermiddlewares.urllength.UrlLengthMiddleware',
 'scrapy.spidermiddlewares.depth.DepthMiddleware']
2017-03-16 06:00:14 [scrapy.middleware] INFO: Enabled item pipelines:
['web_news.pipelines.MongoDBPipeline']
2017-03-16 06:00:14 [scrapy.core.engine] INFO: Spider opened
2017-03-16 06:00:14 [scrapy.extensions.logstats] INFO: Crawled 0 pages (at 0 pages/min), scraped 0 items (at 0 items/min)
2017-03-16 06:00:15 [scrapy.core.engine] INFO: Closing spider (finished)
2017-03-16 06:00:15 [scrapy.statscollectors] INFO: Dumping Scrapy stats:
{'downloader/request_bytes': 1312,
 'downloader/request_count': 4,
 'downloader/request_method_count/GET': 4,
 'downloader/response_bytes': 343064,
 'downloader/response_count': 4,
 'downloader/response_status_count/200': 4,
 'finish_reason': 'finished',
 'finish_time': datetime.datetime(2017, 3, 15, 22, 0, 15, 745104),
 'log_count/INFO': 8,
 'request_depth_max': 1,
 'response_received_count': 4,
 'scheduler/dequeued/redis': 4,
 'scheduler/enqueued/redis': 1,
 'start_time': datetime.datetime(2017, 3, 15, 22, 0, 14, 175462)}
2017-03-16 06:00:15 [scrapy.core.engine] INFO: Spider closed (finished)
2017-03-17 06:00:05 [scrapy.utils.log] INFO: Scrapy 1.3.3 started (bot: web_news)
2017-03-17 06:00:05 [scrapy.utils.log] INFO: Overridden settings: {'NEWSPIDER_MODULE': 'web_news.spiders', 'SPIDER_MODULES': ['web_news.spiders'], 'LOG_LEVEL': 'INFO', 'CONCURRENT_REQUESTS_PER_DOMAIN': 32, 'DUPEFILTER_CLASS': 'scrapy_redis.dupefilter.RFPDupeFilter', 'CONCURRENT_REQUESTS': 32, 'METAREFRESH_ENABLED': False, 'CONCURRENT_REQUESTS_PER_IP': 32, 'BOT_NAME': 'web_news', 'USER_AGENT': 'Mozilla/5.0 (Windows NT 10.0) AppleWebKit/537.36 (KHTML, like Gecko) Chrome/45.0.2454.101 Safari/537.36', 'SCHEDULER': 'scrapy_redis.scheduler.Scheduler', 'REDIRECT_ENABLED': False, 'LOG_FILE': 'dj_log/xinjiangdj3.log', 'DOWNLOAD_DELAY': 0.25}
2017-03-17 06:00:05 [scrapy.middleware] INFO: Enabled extensions:
['scrapy.extensions.logstats.LogStats',
 'scrapy.extensions.corestats.CoreStats']
2017-03-17 06:00:05 [twisted] ERROR: Unhandled error in Deferred:
2017-03-17 06:00:05 [twisted] ERROR: Unhandled Error
Traceback (most recent call last):
  File "/usr/local/lib/python2.7/dist-packages/scrapy/commands/crawl.py", line 57, in run
    self.crawler_process.crawl(spname, **opts.spargs)
  File "/usr/local/lib/python2.7/dist-packages/scrapy/crawler.py", line 163, in crawl
    return self._crawl(crawler, *args, **kwargs)
  File "/usr/local/lib/python2.7/dist-packages/scrapy/crawler.py", line 167, in _crawl
    d = crawler.crawl(*args, **kwargs)
  File "/usr/lib/python2.7/dist-packages/twisted/internet/defer.py", line 1237, in unwindGenerator
    return _inlineCallbacks(None, gen, Deferred())
--- <exception caught here> ---
  File "/usr/lib/python2.7/dist-packages/twisted/internet/defer.py", line 1099, in _inlineCallbacks
    result = g.send(result)
  File "/usr/local/lib/python2.7/dist-packages/scrapy/crawler.py", line 90, in crawl
    six.reraise(*exc_info)
  File "/usr/local/lib/python2.7/dist-packages/scrapy/crawler.py", line 71, in crawl
    self.spider = self._create_spider(*args, **kwargs)
  File "/usr/local/lib/python2.7/dist-packages/scrapy/crawler.py", line 94, in _create_spider
    return self.spidercls.from_crawler(self, *args, **kwargs)
  File "/home/u231/spider/web_news/misc/spiderredis.py", line 43, in from_crawler
    spider.compete_key()
  File "/home/u231/spider/web_news/misc/spiderredis.py", line 16, in compete_key
    while self.server.sadd(self.redis_compete, self.key) == 0:
  File "/usr/local/lib/python2.7/dist-packages/redis/client.py", line 1494, in sadd
    return self.execute_command('SADD', name, *values)
  File "/usr/local/lib/python2.7/dist-packages/redis/client.py", line 573, in execute_command
    return self.parse_response(connection, command_name, **options)
  File "/usr/local/lib/python2.7/dist-packages/redis/client.py", line 585, in parse_response
    response = connection.read_response()
  File "/usr/local/lib/python2.7/dist-packages/redis/connection.py", line 582, in read_response
    raise response
redis.exceptions.ResponseError: OOM command not allowed when used memory > 'maxmemory'.

2017-03-18 06:01:33 [scrapy.utils.log] INFO: Scrapy 1.3.3 started (bot: web_news)
2017-03-18 06:01:33 [scrapy.utils.log] INFO: Overridden settings: {'NEWSPIDER_MODULE': 'web_news.spiders', 'SPIDER_MODULES': ['web_news.spiders'], 'LOG_LEVEL': 'INFO', 'CONCURRENT_REQUESTS_PER_DOMAIN': 32, 'DUPEFILTER_CLASS': 'scrapy_redis.dupefilter.RFPDupeFilter', 'CONCURRENT_REQUESTS': 32, 'METAREFRESH_ENABLED': False, 'CONCURRENT_REQUESTS_PER_IP': 32, 'BOT_NAME': 'web_news', 'USER_AGENT': 'Mozilla/5.0 (Windows NT 10.0) AppleWebKit/537.36 (KHTML, like Gecko) Chrome/45.0.2454.101 Safari/537.36', 'SCHEDULER': 'scrapy_redis.scheduler.Scheduler', 'REDIRECT_ENABLED': False, 'LOG_FILE': 'dj_log/xinjiangdj3.log', 'DOWNLOAD_DELAY': 0.25}
2017-03-18 06:01:33 [scrapy.middleware] INFO: Enabled extensions:
['scrapy.extensions.logstats.LogStats',
 'scrapy.extensions.corestats.CoreStats']
2017-03-18 06:01:33 [xinjiangdj] INFO: get key 5
2017-03-18 06:01:33 [scrapy.middleware] INFO: Enabled downloader middlewares:
['scrapy.downloadermiddlewares.httpauth.HttpAuthMiddleware',
 'scrapy.downloadermiddlewares.downloadtimeout.DownloadTimeoutMiddleware',
 'scrapy.downloadermiddlewares.defaultheaders.DefaultHeadersMiddleware',
 'scrapy.downloadermiddlewares.useragent.UserAgentMiddleware',
 'scrapy.downloadermiddlewares.retry.RetryMiddleware',
 'scrapy.downloadermiddlewares.httpcompression.HttpCompressionMiddleware',
 'scrapy.downloadermiddlewares.cookies.CookiesMiddleware',
 'scrapy.downloadermiddlewares.stats.DownloaderStats']
2017-03-18 06:01:33 [scrapy.middleware] INFO: Enabled spider middlewares:
['scrapy.spidermiddlewares.httperror.HttpErrorMiddleware',
 'scrapy.spidermiddlewares.offsite.OffsiteMiddleware',
 'scrapy.spidermiddlewares.referer.RefererMiddleware',
 'scrapy.spidermiddlewares.urllength.UrlLengthMiddleware',
 'scrapy.spidermiddlewares.depth.DepthMiddleware']
2017-03-18 06:01:33 [scrapy.middleware] INFO: Enabled item pipelines:
['web_news.pipelines.MongoDBPipeline']
2017-03-18 06:01:33 [scrapy.core.engine] INFO: Spider opened
2017-03-18 06:01:33 [scrapy.extensions.logstats] INFO: Crawled 0 pages (at 0 pages/min), scraped 0 items (at 0 items/min)
2017-03-18 06:01:36 [xinjiangdj] INFO: crawling url: http://www.xjkunlun.cn/xinwen/szyw/guojiyw/2017/4066896.htm
2017-03-18 06:01:37 [xinjiangdj] INFO: crawling url: http://www.xjkunlun.cn/xinwen/szyw/guojiyw/2017/4066895.htm
2017-03-18 06:01:37 [xinjiangdj] INFO: crawling url: http://www.xjkunlun.cn/xinwen/szyw/guojiyw/2017/4066894.htm
2017-03-18 06:01:37 [xinjiangdj] INFO: crawling url: http://www.xjkunlun.cn/xinwen/szyw/guojiyw/2017/4066893.htm
2017-03-18 06:01:37 [xinjiangdj] INFO: crawling url: http://www.xjkunlun.cn/xinwen/szyw/guojiyw/2017/4066892.htm
2017-03-18 06:01:37 [xinjiangdj] INFO: crawling url: http://www.xjkunlun.cn/xinwen/szyw/guojiyw/2017/4066891.htm
2017-03-18 06:01:37 [xinjiangdj] INFO: crawling url: http://www.xjkunlun.cn/xinwen/zgywen/2017/4066758.htm
2017-03-18 06:01:38 [xinjiangdj] INFO: crawling url: http://www.xjkunlun.cn/xinwen/zgywen/2017/4066757.htm
2017-03-18 06:01:38 [xinjiangdj] INFO: crawling url: http://www.xjkunlun.cn/xinwen/zgywen/2017/4066847.htm
2017-03-18 06:01:38 [xinjiangdj] INFO: crawling url: http://www.xjkunlun.cn/xinwen/zgywen/2017/4066755.htm
2017-03-18 06:01:38 [xinjiangdj] INFO: crawling url: http://www.xjkunlun.cn/xinwen/zgywen/2017/4066754.htm
2017-03-18 06:01:38 [xinjiangdj] INFO: crawling url: http://www.xjkunlun.cn/xinwen/zgywen/2017/4066753.htm
2017-03-18 06:01:38 [xinjiangdj] INFO: crawling url: http://www.xjkunlun.cn/xinwen/zgywen/2017/4066752.htm
2017-03-18 06:01:38 [xinjiangdj] INFO: crawling url: http://www.xjkunlun.cn/xinwen/zgywen/2017/4066751.htm
2017-03-18 06:01:43 [xinjiangdj] INFO: crawling url: http://www.xjkunlun.cn/xinwen/szyw/guojiyw/2017/4066890.htm
2017-03-18 06:01:43 [xinjiangdj] INFO: crawling url: http://www.xjkunlun.cn/xinwen/szyw/guojiyw/2017/4066885.htm
2017-03-18 06:01:43 [xinjiangdj] INFO: crawling url: http://www.xjkunlun.cn/xinwen/szyw/guojiyw/2017/4066869.htm
2017-03-18 06:01:44 [xinjiangdj] INFO: crawling url: http://www.xjkunlun.cn/xinwen/tt/2017/4066842.htm
2017-03-18 06:01:44 [xinjiangdj] INFO: crawling url: http://www.xjkunlun.cn/xinwen/zgywen/2017/4066159.htm
2017-03-18 06:01:44 [xinjiangdj] INFO: crawling url: http://www.xjkunlun.cn/xinwen/zgywen/2017/4066155.htm
2017-03-18 06:01:45 [xinjiangdj] INFO: crawling url: http://www.xjkunlun.cn/xinwen/zgywen/2017/4066152.htm
2017-03-18 06:01:45 [xinjiangdj] INFO: crawling url: http://www.xjkunlun.cn/xinwen/zgywen/2017/4066171.htm
2017-03-18 06:01:47 [xinjiangdj] INFO: crawling url: http://www.xjkunlun.cn/xinwen/rdtw/2017/4065520.htm
2017-03-18 06:01:48 [xinjiangdj] INFO: crawling url: http://www.xjkunlun.cn/wnfw/gqxx/2017/4065850.htm
2017-03-18 06:01:48 [xinjiangdj] INFO: crawling url: http://www.xjkunlun.cn/wnfw/nzfw/2017/4065857.htm
2017-03-18 06:01:48 [xinjiangdj] INFO: crawling url: http://www.xjkunlun.cn/wnfw/nzfw/2017/4065850.htm
2017-03-18 06:01:50 [xinjiangdj] INFO: crawling url: http://www.xjkunlun.cn/xinwen/szyw/2017/4065700.htm
2017-03-18 06:01:50 [xinjiangdj] INFO: crawling url: http://www.xjkunlun.cn/xinwen/szyw/guoneiyw/2017/4066835.htm
2017-03-18 06:01:50 [xinjiangdj] INFO: crawling url: http://www.xjkunlun.cn/xinwen/szyw/guoneiyw/2017/4066825.htm
2017-03-18 06:01:50 [xinjiangdj] INFO: crawling url: http://www.xjkunlun.cn/xinwen/szyw/guoneiyw/2017/4066820.htm
2017-03-18 06:01:51 [xinjiangdj] INFO: crawling url: http://www.xjkunlun.cn/xinwen/szyw/guoneiyw/2017/4066809.htm
2017-03-18 06:01:51 [xinjiangdj] INFO: crawling url: http://www.xjkunlun.cn/xinwen/szyw/jiangneixw/2017/4066774.htm
2017-03-18 06:01:51 [xinjiangdj] INFO: crawling url: http://www.xjkunlun.cn/gsgg/gsgg/2016/3798305.htm
2017-03-18 06:01:54 [xinjiangdj] INFO: crawling url: http://www.xjkunlun.cn/gsgg/gsgg/2016/3784675.htm
2017-03-18 06:01:55 [xinjiangdj] INFO: crawling url: http://www.xjkunlun.cn/gsgg/gsgg/2015/3645783.htm
2017-03-18 06:01:55 [xinjiangdj] INFO: crawling url: http://www.xjkunlun.cn/gsgg/gsgg/2015/3596112.htm
2017-03-18 06:01:57 [xinjiangdj] INFO: crawling url: http://www.xjkunlun.cn/gsgg/gsgg/2015/3601449.htm
2017-03-18 06:02:02 [xinjiangdj] INFO: crawling url: http://www.xjkunlun.cn/gsgg/gsgg/2015/3465245.htm
2017-03-18 06:02:02 [xinjiangdj] WARNING:  url: http://www.xjkunlun.cn/gsgg/gsgg/2015/3465245.htm msg:  content is None
2017-03-18 06:02:06 [xinjiangdj] INFO: crawling url: http://www.xjkunlun.cn/gsgg/gsgg/2015/3458190.htm
2017-03-18 06:02:06 [xinjiangdj] WARNING:  url: http://www.xjkunlun.cn/gsgg/gsgg/2015/3458190.htm msg:  content is None
2017-03-18 06:02:06 [xinjiangdj] INFO: crawling url: http://www.xjkunlun.cn/gsgg/gsgg/2015/3628342.htm
2017-03-18 06:02:07 [xinjiangdj] INFO: crawling url: http://www.xjkunlun.cn/gsgg/gsgg/2015/3585861.htm
2017-03-18 06:02:07 [xinjiangdj] INFO: crawling url: http://www.xjkunlun.cn/gsgg/gsgg/2015/3589581.htm
2017-03-18 06:02:07 [xinjiangdj] INFO: crawling url: http://www.xjkunlun.cn/xinwen/szyw/guojiyw/2017/4066831.htm
2017-03-18 06:02:07 [xinjiangdj] INFO: crawling url: http://www.xjkunlun.cn/xinwen/szyw/guojiyw/2017/4066828.htm
2017-03-18 06:02:07 [xinjiangdj] INFO: crawling url: http://www.xjkunlun.cn/xinwen/szyw/guojiyw/2017/4066655.htm
2017-03-18 06:02:07 [xinjiangdj] INFO: crawling url: http://www.xjkunlun.cn/xinwen/szyw/guojiyw/2017/4066654.htm
2017-03-18 06:02:07 [xinjiangdj] INFO: crawling url: http://www.xjkunlun.cn/xinwen/zxtwen/2017/4066843.htm
2017-03-18 06:02:07 [xinjiangdj] INFO: crawling url: http://www.xjkunlun.cn/xinwen/zxtwen/2017/4066841.htm
2017-03-18 06:02:07 [xinjiangdj] INFO: crawling url: http://www.xjkunlun.cn/xinwen/zxtwen/2017/4066847.htm
2017-03-18 06:02:07 [xinjiangdj] INFO: crawling url: http://www.xjkunlun.cn/xinwen/zxtwen/2017/4066751.htm
2017-03-18 06:02:08 [xinjiangdj] INFO: crawling url: http://www.xjkunlun.cn/gsgg/gsgg/2015/3572187.htm
2017-03-18 06:02:08 [xinjiangdj] WARNING:  url: http://www.xjkunlun.cn/gsgg/gsgg/2015/3572187.htm msg:  content is None
2017-03-18 06:02:08 [xinjiangdj] INFO: crawling url: http://www.xjkunlun.cn/xinwen/zxtwen/2017/4066158.htm
2017-03-18 06:02:08 [xinjiangdj] INFO: crawling url: http://www.xjkunlun.cn/xinwen/zgywen/2017/4066065.htm
2017-03-18 06:02:09 [xinjiangdj] INFO: crawling url: http://www.xjkunlun.cn/wnfw/nzfw/scxx/2017/4065857.htm
2017-03-18 06:02:10 [xinjiangdj] INFO: crawling url: http://www.xjkunlun.cn/wnfw/nzfw/scxx/2017/4065850.htm
2017-03-18 06:02:10 [xinjiangdj] INFO: crawling url: http://www.xjkunlun.cn/wnfw/nzfw/scxx/2017/4065399.htm
2017-03-18 06:02:10 [xinjiangdj] INFO: crawling url: http://www.xjkunlun.cn/xinwen/szyw/jiangneixw/2017/4066560.htm
2017-03-18 06:02:11 [xinjiangdj] INFO: crawling url: http://www.xjkunlun.cn/gsgg/gsgg/2015/3680681.htm
2017-03-18 06:02:11 [xinjiangdj] INFO: crawling url: http://www.xjkunlun.cn/gsgg/gsgg/2015/3666819.htm
2017-03-18 06:02:11 [xinjiangdj] INFO: crawling url: http://www.xjkunlun.cn/xinwen/szyw/jiangneixw/2017/4066555.htm
2017-03-18 06:02:11 [xinjiangdj] INFO: crawling url: http://www.xjkunlun.cn/xinwen/szyw/jiangneixw/2017/4066554.htm
2017-03-18 06:02:12 [xinjiangdj] INFO: crawling url: http://www.xjkunlun.cn/xinwen/szyw/jiangneixw/2017/4066552.htm
2017-03-18 06:02:12 [xinjiangdj] INFO: crawling url: http://www.xjkunlun.cn/xinwen/szyw/jiangneixw/2017/4066547.htm
2017-03-18 06:02:12 [xinjiangdj] INFO: crawling url: http://www.xjkunlun.cn/xinwen/szyw/jiangneixw/2017/4066545.htm
2017-03-18 06:02:12 [scrapy.core.engine] INFO: Closing spider (finished)
2017-03-18 06:02:12 [scrapy.statscollectors] INFO: Dumping Scrapy stats:
{'downloader/request_bytes': 61107,
 'downloader/request_count': 167,
 'downloader/request_method_count/GET': 167,
 'downloader/response_bytes': 6750680,
 'downloader/response_count': 167,
 'downloader/response_status_count/200': 167,
 'finish_reason': 'finished',
 'finish_time': datetime.datetime(2017, 3, 17, 22, 2, 12, 360414),
 'item_scraped_count': 64,
 'log_count/INFO': 72,
 'log_count/WARNING': 3,
 'request_depth_max': 3,
 'response_received_count': 167,
 'scheduler/dequeued/redis': 167,
 'scheduler/enqueued/redis': 64,
 'start_time': datetime.datetime(2017, 3, 17, 22, 1, 33, 550367)}
2017-03-18 06:02:12 [scrapy.core.engine] INFO: Spider closed (finished)
