2017-03-16 06:00:14 [scrapy.utils.log] INFO: Scrapy 1.3.3 started (bot: web_news)
2017-03-16 06:00:14 [scrapy.utils.log] INFO: Overridden settings: {'NEWSPIDER_MODULE': 'web_news.spiders', 'SPIDER_MODULES': ['web_news.spiders'], 'LOG_LEVEL': 'INFO', 'CONCURRENT_REQUESTS_PER_DOMAIN': 32, 'DUPEFILTER_CLASS': 'scrapy_redis.dupefilter.RFPDupeFilter', 'CONCURRENT_REQUESTS': 32, 'METAREFRESH_ENABLED': False, 'CONCURRENT_REQUESTS_PER_IP': 32, 'BOT_NAME': 'web_news', 'USER_AGENT': 'Mozilla/5.0 (Windows NT 10.0) AppleWebKit/537.36 (KHTML, like Gecko) Chrome/45.0.2454.101 Safari/537.36', 'SCHEDULER': 'scrapy_redis.scheduler.Scheduler', 'REDIRECT_ENABLED': False, 'LOG_FILE': 'dj_log/xinjiangdj6.log', 'DOWNLOAD_DELAY': 0.25}
2017-03-16 06:00:14 [scrapy.middleware] INFO: Enabled extensions:
['scrapy.extensions.logstats.LogStats',
 'scrapy.extensions.corestats.CoreStats']
2017-03-16 06:00:14 [xinjiangdj] INFO: get key 3
2017-03-16 06:00:14 [scrapy.middleware] INFO: Enabled downloader middlewares:
['scrapy.downloadermiddlewares.httpauth.HttpAuthMiddleware',
 'scrapy.downloadermiddlewares.downloadtimeout.DownloadTimeoutMiddleware',
 'scrapy.downloadermiddlewares.defaultheaders.DefaultHeadersMiddleware',
 'scrapy.downloadermiddlewares.useragent.UserAgentMiddleware',
 'scrapy.downloadermiddlewares.retry.RetryMiddleware',
 'scrapy.downloadermiddlewares.httpcompression.HttpCompressionMiddleware',
 'scrapy.downloadermiddlewares.cookies.CookiesMiddleware',
 'scrapy.downloadermiddlewares.stats.DownloaderStats']
2017-03-16 06:00:14 [scrapy.middleware] INFO: Enabled spider middlewares:
['scrapy.spidermiddlewares.httperror.HttpErrorMiddleware',
 'scrapy.spidermiddlewares.offsite.OffsiteMiddleware',
 'scrapy.spidermiddlewares.referer.RefererMiddleware',
 'scrapy.spidermiddlewares.urllength.UrlLengthMiddleware',
 'scrapy.spidermiddlewares.depth.DepthMiddleware']
2017-03-16 06:00:14 [scrapy.middleware] INFO: Enabled item pipelines:
['web_news.pipelines.MongoDBPipeline']
2017-03-16 06:00:14 [scrapy.core.engine] INFO: Spider opened
2017-03-16 06:00:14 [scrapy.extensions.logstats] INFO: Crawled 0 pages (at 0 pages/min), scraped 0 items (at 0 items/min)
2017-03-16 06:00:20 [scrapy.core.engine] INFO: Closing spider (finished)
2017-03-16 06:00:20 [scrapy.statscollectors] INFO: Dumping Scrapy stats:
{'downloader/request_bytes': 283,
 'downloader/request_count': 1,
 'downloader/request_method_count/GET': 1,
 'downloader/response_bytes': 254431,
 'downloader/response_count': 1,
 'downloader/response_status_count/200': 1,
 'finish_reason': 'finished',
 'finish_time': datetime.datetime(2017, 3, 15, 22, 0, 20, 334098),
 'log_count/INFO': 8,
 'request_depth_max': 1,
 'response_received_count': 1,
 'scheduler/dequeued/redis': 1,
 'scheduler/enqueued/redis': 1,
 'start_time': datetime.datetime(2017, 3, 15, 22, 0, 14, 186134)}
2017-03-16 06:00:20 [scrapy.core.engine] INFO: Spider closed (finished)
2017-03-17 06:00:05 [scrapy.utils.log] INFO: Scrapy 1.3.3 started (bot: web_news)
2017-03-17 06:00:05 [scrapy.utils.log] INFO: Overridden settings: {'NEWSPIDER_MODULE': 'web_news.spiders', 'SPIDER_MODULES': ['web_news.spiders'], 'LOG_LEVEL': 'INFO', 'CONCURRENT_REQUESTS_PER_DOMAIN': 32, 'DUPEFILTER_CLASS': 'scrapy_redis.dupefilter.RFPDupeFilter', 'CONCURRENT_REQUESTS': 32, 'METAREFRESH_ENABLED': False, 'CONCURRENT_REQUESTS_PER_IP': 32, 'BOT_NAME': 'web_news', 'USER_AGENT': 'Mozilla/5.0 (Windows NT 10.0) AppleWebKit/537.36 (KHTML, like Gecko) Chrome/45.0.2454.101 Safari/537.36', 'SCHEDULER': 'scrapy_redis.scheduler.Scheduler', 'REDIRECT_ENABLED': False, 'LOG_FILE': 'dj_log/xinjiangdj6.log', 'DOWNLOAD_DELAY': 0.25}
2017-03-17 06:00:05 [scrapy.middleware] INFO: Enabled extensions:
['scrapy.extensions.logstats.LogStats',
 'scrapy.extensions.corestats.CoreStats']
2017-03-17 06:00:05 [twisted] ERROR: Unhandled error in Deferred:
2017-03-17 06:00:05 [twisted] ERROR: Unhandled Error
Traceback (most recent call last):
  File "/usr/local/lib/python2.7/dist-packages/scrapy/commands/crawl.py", line 57, in run
    self.crawler_process.crawl(spname, **opts.spargs)
  File "/usr/local/lib/python2.7/dist-packages/scrapy/crawler.py", line 163, in crawl
    return self._crawl(crawler, *args, **kwargs)
  File "/usr/local/lib/python2.7/dist-packages/scrapy/crawler.py", line 167, in _crawl
    d = crawler.crawl(*args, **kwargs)
  File "/usr/lib/python2.7/dist-packages/twisted/internet/defer.py", line 1237, in unwindGenerator
    return _inlineCallbacks(None, gen, Deferred())
--- <exception caught here> ---
  File "/usr/lib/python2.7/dist-packages/twisted/internet/defer.py", line 1099, in _inlineCallbacks
    result = g.send(result)
  File "/usr/local/lib/python2.7/dist-packages/scrapy/crawler.py", line 90, in crawl
    six.reraise(*exc_info)
  File "/usr/local/lib/python2.7/dist-packages/scrapy/crawler.py", line 71, in crawl
    self.spider = self._create_spider(*args, **kwargs)
  File "/usr/local/lib/python2.7/dist-packages/scrapy/crawler.py", line 94, in _create_spider
    return self.spidercls.from_crawler(self, *args, **kwargs)
  File "/home/u231/spider/web_news/misc/spiderredis.py", line 43, in from_crawler
    spider.compete_key()
  File "/home/u231/spider/web_news/misc/spiderredis.py", line 16, in compete_key
    while self.server.sadd(self.redis_compete, self.key) == 0:
  File "/usr/local/lib/python2.7/dist-packages/redis/client.py", line 1494, in sadd
    return self.execute_command('SADD', name, *values)
  File "/usr/local/lib/python2.7/dist-packages/redis/client.py", line 573, in execute_command
    return self.parse_response(connection, command_name, **options)
  File "/usr/local/lib/python2.7/dist-packages/redis/client.py", line 585, in parse_response
    response = connection.read_response()
  File "/usr/local/lib/python2.7/dist-packages/redis/connection.py", line 582, in read_response
    raise response
redis.exceptions.ResponseError: OOM command not allowed when used memory > 'maxmemory'.

2017-03-18 06:01:33 [scrapy.utils.log] INFO: Scrapy 1.3.3 started (bot: web_news)
2017-03-18 06:01:33 [scrapy.utils.log] INFO: Overridden settings: {'NEWSPIDER_MODULE': 'web_news.spiders', 'SPIDER_MODULES': ['web_news.spiders'], 'LOG_LEVEL': 'INFO', 'CONCURRENT_REQUESTS_PER_DOMAIN': 32, 'DUPEFILTER_CLASS': 'scrapy_redis.dupefilter.RFPDupeFilter', 'CONCURRENT_REQUESTS': 32, 'METAREFRESH_ENABLED': False, 'CONCURRENT_REQUESTS_PER_IP': 32, 'BOT_NAME': 'web_news', 'USER_AGENT': 'Mozilla/5.0 (Windows NT 10.0) AppleWebKit/537.36 (KHTML, like Gecko) Chrome/45.0.2454.101 Safari/537.36', 'SCHEDULER': 'scrapy_redis.scheduler.Scheduler', 'REDIRECT_ENABLED': False, 'LOG_FILE': 'dj_log/xinjiangdj6.log', 'DOWNLOAD_DELAY': 0.25}
2017-03-18 06:01:33 [scrapy.middleware] INFO: Enabled extensions:
['scrapy.extensions.logstats.LogStats',
 'scrapy.extensions.corestats.CoreStats']
2017-03-18 06:01:33 [xinjiangdj] INFO: get key 2
2017-03-18 06:01:33 [scrapy.middleware] INFO: Enabled downloader middlewares:
['scrapy.downloadermiddlewares.httpauth.HttpAuthMiddleware',
 'scrapy.downloadermiddlewares.downloadtimeout.DownloadTimeoutMiddleware',
 'scrapy.downloadermiddlewares.defaultheaders.DefaultHeadersMiddleware',
 'scrapy.downloadermiddlewares.useragent.UserAgentMiddleware',
 'scrapy.downloadermiddlewares.retry.RetryMiddleware',
 'scrapy.downloadermiddlewares.httpcompression.HttpCompressionMiddleware',
 'scrapy.downloadermiddlewares.cookies.CookiesMiddleware',
 'scrapy.downloadermiddlewares.stats.DownloaderStats']
2017-03-18 06:01:33 [scrapy.middleware] INFO: Enabled spider middlewares:
['scrapy.spidermiddlewares.httperror.HttpErrorMiddleware',
 'scrapy.spidermiddlewares.offsite.OffsiteMiddleware',
 'scrapy.spidermiddlewares.referer.RefererMiddleware',
 'scrapy.spidermiddlewares.urllength.UrlLengthMiddleware',
 'scrapy.spidermiddlewares.depth.DepthMiddleware']
2017-03-18 06:01:33 [scrapy.middleware] INFO: Enabled item pipelines:
['web_news.pipelines.MongoDBPipeline']
2017-03-18 06:01:33 [scrapy.core.engine] INFO: Spider opened
2017-03-18 06:01:33 [scrapy.extensions.logstats] INFO: Crawled 0 pages (at 0 pages/min), scraped 0 items (at 0 items/min)
2017-03-18 06:01:35 [xinjiangdj] INFO: crawling url: http://www.xjkunlun.cn/xinwen/rdtw/2017/4066191.htm
2017-03-18 06:01:38 [xinjiangdj] INFO: crawling url: http://www.xjkunlun.cn/gsgg/gsgg/2017/4066685.htm
2017-03-18 06:01:40 [xinjiangdj] INFO: crawling url: http://www.xjkunlun.cn/dswx/rwcl/2017/4066516.htm
2017-03-18 06:01:43 [xinjiangdj] INFO: crawling url: http://www.xjkunlun.cn/xinwen/szyw/guojiyw/2017/4066887.htm
2017-03-18 06:01:43 [xinjiangdj] INFO: crawling url: http://www.xjkunlun.cn/xinwen/szyw/guojiyw/2017/4066886.htm
2017-03-18 06:01:44 [xinjiangdj] INFO: crawling url: http://www.xjkunlun.cn/xinwen/szyw/guojiyw/2017/4066882.htm
2017-03-18 06:01:44 [xinjiangdj] INFO: crawling url: http://www.xjkunlun.cn/xinwen/szyw/guojiyw/2017/4066833.htm
2017-03-18 06:01:44 [xinjiangdj] INFO: crawling url: http://www.xjkunlun.cn/xinwen/zxtwen/2017/4065700.htm
2017-03-18 06:01:44 [xinjiangdj] INFO: crawling url: http://www.xjkunlun.cn/xinwen/zgywen/2017/4066154.htm
2017-03-18 06:01:45 [xinjiangdj] INFO: crawling url: http://www.xjkunlun.cn/xinwen/zgywen/2017/4066151.htm
2017-03-18 06:01:46 [xinjiangdj] INFO: crawling url: http://www.xjkunlun.cn/xinwen/zgywen/2017/4066067.htm
2017-03-18 06:01:46 [xinjiangdj] INFO: crawling url: http://www.xjkunlun.cn/lgbgz/zcfg/2017/4065842.htm
2017-03-18 06:01:47 [xinjiangdj] INFO: crawling url: http://www.xjkunlun.cn/xinwen/rdtw/2017/4065701.htm
2017-03-18 06:01:48 [xinjiangdj] INFO: crawling url: http://www.xjkunlun.cn/wnfw/nzfw/2017/4065856.htm
2017-03-18 06:01:50 [xinjiangdj] INFO: crawling url: http://www.xjkunlun.cn/xinwen/szyw/2017/4066492.htm
2017-03-18 06:01:50 [xinjiangdj] INFO: crawling url: http://www.xjkunlun.cn/xinwen/szyw/guoneiyw/2017/4066810.htm
2017-03-18 06:01:51 [xinjiangdj] INFO: crawling url: http://www.xjkunlun.cn/xinwen/szyw/guoneiyw/2017/4066807.htm
2017-03-18 06:01:51 [xinjiangdj] INFO: crawling url: http://www.xjkunlun.cn/xinwen/szyw/jiangneixw/2017/4066776.htm
2017-03-18 06:01:51 [xinjiangdj] INFO: crawling url: http://www.xjkunlun.cn/xinwen/szyw/jiangneixw/2017/4066771.htm
2017-03-18 06:01:51 [xinjiangdj] INFO: crawling url: http://www.xjkunlun.cn/gsgg/gsgg/2016/3800818.htm
2017-03-18 06:01:51 [xinjiangdj] INFO: crawling url: http://www.xjkunlun.cn/gsgg/gsgg/2016/3796758.htm
2017-03-18 06:01:54 [xinjiangdj] INFO: crawling url: http://www.xjkunlun.cn/gsgg/gsgg/2015/3641139.htm
2017-03-18 06:01:54 [xinjiangdj] INFO: crawling url: http://www.xjkunlun.cn/gsgg/gsgg/2015/3601013.htm
2017-03-18 06:02:00 [xinjiangdj] INFO: crawling url: http://www.xjkunlun.cn/gsgg/gsgg/2015/3589582.htm
2017-03-18 06:02:00 [xinjiangdj] INFO: crawling url: http://www.xjkunlun.cn/gsgg/gsgg/2015/3463837.htm
2017-03-18 06:02:00 [xinjiangdj] WARNING:  url: http://www.xjkunlun.cn/gsgg/gsgg/2015/3463837.htm msg:  content is None
2017-03-18 06:02:02 [xinjiangdj] INFO: crawling url: http://www.xjkunlun.cn/gsgg/gsgg/2015/3583557.htm
2017-03-18 06:02:02 [xinjiangdj] INFO: crawling url: http://www.xjkunlun.cn/gsgg/gsgg/2015/3575599.htm
2017-03-18 06:02:02 [xinjiangdj] WARNING:  url: http://www.xjkunlun.cn/gsgg/gsgg/2015/3575599.htm msg:  content is None
2017-03-18 06:02:02 [xinjiangdj] INFO: crawling url: http://www.xjkunlun.cn/gsgg/gsgg/2015/3628480.htm
2017-03-18 06:02:02 [xinjiangdj] INFO: crawling url: http://www.xjkunlun.cn/gsgg/gsgg/2015/3573080.htm
2017-03-18 06:02:02 [xinjiangdj] WARNING:  url: http://www.xjkunlun.cn/gsgg/gsgg/2015/3573080.htm msg:  content is None
2017-03-18 06:02:02 [xinjiangdj] INFO: crawling url: http://www.xjkunlun.cn/gsgg/gsgg/2016/3890032.htm
2017-03-18 06:02:02 [xinjiangdj] INFO: crawling url: http://www.xjkunlun.cn/gsgg/gsgg/2016/3789877.htm
2017-03-18 06:02:03 [xinjiangdj] INFO: crawling url: http://www.xjkunlun.cn/xinwen/szyw/guojiyw/2017/4066830.htm
2017-03-18 06:02:03 [xinjiangdj] INFO: crawling url: http://www.xjkunlun.cn/xinwen/szyw/guojiyw/2017/4066659.htm
2017-03-18 06:02:03 [xinjiangdj] INFO: crawling url: http://www.xjkunlun.cn/xinwen/szyw/guojiyw/2017/4066656.htm
2017-03-18 06:02:03 [xinjiangdj] INFO: crawling url: http://www.xjkunlun.cn/xinwen/zxtwen/2017/4066848.htm
2017-03-18 06:02:03 [xinjiangdj] INFO: crawling url: http://www.xjkunlun.cn/xinwen/zxtwen/2017/4066759.htm
2017-03-18 06:02:04 [xinjiangdj] INFO: crawling url: http://www.xjkunlun.cn/xinwen/zxtwen/2017/4066753.htm
2017-03-18 06:02:04 [xinjiangdj] INFO: crawling url: http://www.xjkunlun.cn/xinwen/zxtwen/2017/4066154.htm
2017-03-18 06:02:05 [xinjiangdj] INFO: crawling url: http://www.xjkunlun.cn/wnfw/nzfw/scxx/2017/4065856.htm
2017-03-18 06:02:05 [xinjiangdj] INFO: crawling url: http://www.xjkunlun.cn/wnfw/nzfw/scxx/2017/4065855.htm
2017-03-18 06:02:06 [xinjiangdj] INFO: crawling url: http://www.xjkunlun.cn/xinwen/szyw/jiangneixw/2017/4066587.htm
2017-03-18 06:02:06 [xinjiangdj] INFO: crawling url: http://www.xjkunlun.cn/xinwen/szyw/jiangneixw/2017/4066585.htm
2017-03-18 06:02:07 [xinjiangdj] INFO: crawling url: http://www.xjkunlun.cn/xinwen/szyw/jiangneixw/2017/4066566.htm
2017-03-18 06:02:07 [xinjiangdj] INFO: crawling url: http://www.xjkunlun.cn/xinwen/szyw/jiangneixw/2017/4066564.htm
2017-03-18 06:02:07 [xinjiangdj] INFO: crawling url: http://www.xjkunlun.cn/xinwen/szyw/guoneiyw/2017/4066804.htm
2017-03-18 06:02:07 [xinjiangdj] INFO: crawling url: http://www.xjkunlun.cn/xinwen/szyw/guoneiyw/2017/4066803.htm
2017-03-18 06:02:07 [xinjiangdj] INFO: crawling url: http://www.xjkunlun.cn/xinwen/szyw/guoneiyw/2017/4066800.htm
2017-03-18 06:02:07 [xinjiangdj] INFO: crawling url: http://www.xjkunlun.cn/xinwen/szyw/guoneiyw/2017/4066799.htm
2017-03-18 06:02:07 [xinjiangdj] INFO: crawling url: http://www.xjkunlun.cn/xinwen/szyw/guoneiyw/2017/4066798.htm
2017-03-18 06:02:08 [xinjiangdj] INFO: crawling url: http://www.xjkunlun.cn/xinwen/szyw/guoneiyw/2017/4066797.htm
2017-03-18 06:02:08 [xinjiangdj] INFO: crawling url: http://www.xjkunlun.cn/xinwen/szyw/guoneiyw/2017/4066795.htm
2017-03-18 06:02:08 [xinjiangdj] INFO: crawling url: http://www.xjkunlun.cn/xinwen/szyw/guoneiyw/2017/4066796.htm
2017-03-18 06:02:08 [xinjiangdj] INFO: crawling url: http://www.xjkunlun.cn/xinwen/szyw/guoneiyw/2017/4066792.htm
2017-03-18 06:02:08 [xinjiangdj] INFO: crawling url: http://www.xjkunlun.cn/xinwen/szyw/guojiyw/2017/4066651.htm
2017-03-18 06:02:08 [xinjiangdj] INFO: crawling url: http://www.xjkunlun.cn/xinwen/szyw/guojiyw/2017/4066650.htm
2017-03-18 06:02:08 [xinjiangdj] INFO: crawling url: http://www.xjkunlun.cn/xinwen/szyw/guojiyw/2017/4066649.htm
2017-03-18 06:02:08 [xinjiangdj] INFO: crawling url: http://www.xjkunlun.cn/xinwen/szyw/guojiyw/2017/4066648.htm
2017-03-18 06:02:09 [xinjiangdj] INFO: crawling url: http://www.xjkunlun.cn/xinwen/szyw/guojiyw/2017/4066647.htm
2017-03-18 06:02:09 [xinjiangdj] INFO: crawling url: http://www.xjkunlun.cn/xinwen/szyw/guojiyw/2017/4066646.htm
2017-03-18 06:02:09 [xinjiangdj] INFO: crawling url: http://www.xjkunlun.cn/xinwen/szyw/guojiyw/2017/4066645.htm
2017-03-18 06:02:09 [xinjiangdj] INFO: crawling url: http://www.xjkunlun.cn/xinwen/szyw/guojiyw/2017/4066643.htm
2017-03-18 06:02:09 [xinjiangdj] INFO: crawling url: http://www.xjkunlun.cn/xinwen/szyw/guojiyw/2017/4066642.htm
2017-03-18 06:02:09 [xinjiangdj] INFO: crawling url: http://www.xjkunlun.cn/xinwen/szyw/guojiyw/2017/4066639.htm
2017-03-18 06:02:09 [xinjiangdj] INFO: crawling url: http://www.xjkunlun.cn/xinwen/zxtwen/2017/4066151.htm
2017-03-18 06:02:10 [xinjiangdj] INFO: crawling url: http://www.xjkunlun.cn/xinwen/zxtwen/2017/4066069.htm
2017-03-18 06:02:10 [xinjiangdj] INFO: crawling url: http://www.xjkunlun.cn/xinwen/zxtwen/2017/4066067.htm
2017-03-18 06:02:10 [xinjiangdj] INFO: crawling url: http://www.xjkunlun.cn/xinwen/zxtwen/2017/4066065.htm
2017-03-18 06:02:11 [xinjiangdj] INFO: crawling url: http://www.xjkunlun.cn/xinwen/szyw/jiangneixw/2017/4066557.htm
2017-03-18 06:02:11 [xinjiangdj] INFO: crawling url: http://www.xjkunlun.cn/xinwen/szyw/jiangneixw/2017/4066556.htm
2017-03-18 06:02:11 [xinjiangdj] INFO: crawling url: http://www.xjkunlun.cn/xinwen/szyw/jiangneixw/2017/4066553.htm
2017-03-18 06:02:11 [xinjiangdj] INFO: crawling url: http://www.xjkunlun.cn/xinwen/szyw/jiangneixw/2017/4066551.htm
2017-03-18 06:02:11 [xinjiangdj] INFO: crawling url: http://www.xjkunlun.cn/xinwen/szyw/jiangneixw/2017/4066546.htm
2017-03-18 06:02:11 [xinjiangdj] INFO: crawling url: http://www.xjkunlun.cn/xinwen/szyw/guoneiyw/2017/4066790.htm
2017-03-18 06:02:12 [xinjiangdj] INFO: crawling url: http://www.xjkunlun.cn/xinwen/szyw/guoneiyw/2017/4066789.htm
2017-03-18 06:02:12 [xinjiangdj] INFO: crawling url: http://www.xjkunlun.cn/xinwen/szyw/guoneiyw/2017/4066788.htm
2017-03-18 06:02:12 [xinjiangdj] INFO: crawling url: http://www.xjkunlun.cn/xinwen/szyw/guoneiyw/2017/4066787.htm
2017-03-18 06:02:12 [xinjiangdj] INFO: crawling url: http://www.xjkunlun.cn/xinwen/szyw/guoneiyw/2017/4066786.htm
2017-03-18 06:02:12 [xinjiangdj] INFO: crawling url: http://www.xjkunlun.cn/xinwen/szyw/guoneiyw/2017/4066785.htm
2017-03-18 06:02:12 [xinjiangdj] INFO: crawling url: http://www.xjkunlun.cn/xinwen/szyw/guoneiyw/2017/4066669.htm
2017-03-18 06:02:12 [xinjiangdj] INFO: crawling url: http://www.xjkunlun.cn/gsgg/gsgg/2015/3680684.htm
2017-03-18 06:02:12 [xinjiangdj] INFO: crawling url: http://www.xjkunlun.cn/xinwen/szyw/jiangneixw/2017/4066542.htm
2017-03-18 06:02:13 [xinjiangdj] INFO: crawling url: http://www.xjkunlun.cn/xinwen/szyw/jiangneixw/2017/4066541.htm
2017-03-18 06:02:13 [xinjiangdj] INFO: crawling url: http://www.xjkunlun.cn/xinwen/szyw/jiangneixw/2017/4066540.htm
2017-03-18 06:02:13 [xinjiangdj] INFO: crawling url: http://www.xjkunlun.cn/xinwen/szyw/jiangneixw/2017/4066508.htm
2017-03-18 06:02:13 [xinjiangdj] INFO: crawling url: http://www.xjkunlun.cn/xinwen/szyw/jiangneixw/2017/4066509.htm
2017-03-18 06:02:13 [xinjiangdj] INFO: crawling url: http://www.xjkunlun.cn/xinwen/szyw/jiangneixw/2017/4066507.htm
2017-03-18 06:02:13 [xinjiangdj] INFO: crawling url: http://www.xjkunlun.cn/xinwen/szyw/jiangneixw/2017/4066506.htm
2017-03-18 06:02:13 [xinjiangdj] INFO: crawling url: http://www.xjkunlun.cn/xinwen/szyw/jiangneixw/2017/4066502.htm
2017-03-18 06:02:13 [xinjiangdj] INFO: crawling url: http://www.xjkunlun.cn/xinwen/szyw/jiangneixw/2017/4066500.htm
2017-03-18 06:02:14 [xinjiangdj] INFO: crawling url: http://www.xjkunlun.cn/xinwen/szyw/guoneiyw/2017/4066665.htm
2017-03-18 06:02:14 [xinjiangdj] INFO: crawling url: http://www.xjkunlun.cn/xinwen/szyw/guoneiyw/2017/4066664.htm
2017-03-18 06:02:14 [xinjiangdj] INFO: crawling url: http://www.xjkunlun.cn/xinwen/szyw/guoneiyw/2017/4066663.htm
2017-03-18 06:02:14 [xinjiangdj] INFO: crawling url: http://www.xjkunlun.cn/xinwen/szyw/guoneiyw/2017/4066662.htm
2017-03-18 06:02:14 [xinjiangdj] INFO: crawling url: http://www.xjkunlun.cn/xinwen/szyw/guoneiyw/2017/4066661.htm
2017-03-18 06:02:14 [xinjiangdj] INFO: crawling url: http://www.xjkunlun.cn/xinwen/szyw/guoneiyw/2017/4066638.htm
2017-03-18 06:02:14 [xinjiangdj] INFO: crawling url: http://www.xjkunlun.cn/xinwen/szyw/guoneiyw/2017/4066636.htm
2017-03-18 06:02:14 [xinjiangdj] INFO: crawling url: http://www.xjkunlun.cn/xinwen/szyw/guoneiyw/2017/4066637.htm
2017-03-18 06:02:15 [xinjiangdj] INFO: crawling url: http://www.xjkunlun.cn/xinwen/szyw/guoneiyw/2017/4066635.htm
2017-03-18 06:02:15 [xinjiangdj] INFO: crawling url: http://www.xjkunlun.cn/xinwen/szyw/guoneiyw/2017/4066634.htm
2017-03-18 06:02:15 [xinjiangdj] INFO: crawling url: http://www.xjkunlun.cn/xinwen/szyw/guoneiyw/2017/4066633.htm
2017-03-18 06:02:15 [xinjiangdj] INFO: crawling url: http://www.xjkunlun.cn/xinwen/szyw/guoneiyw/2017/4066617.htm
2017-03-18 06:02:15 [xinjiangdj] INFO: crawling url: http://www.xjkunlun.cn/xinwen/szyw/guoneiyw/2017/4066620.htm
2017-03-18 06:02:15 [scrapy.core.engine] INFO: Closing spider (finished)
2017-03-18 06:02:15 [scrapy.statscollectors] INFO: Dumping Scrapy stats:
{'downloader/request_bytes': 84817,
 'downloader/request_count': 231,
 'downloader/request_method_count/GET': 231,
 'downloader/response_bytes': 9158705,
 'downloader/response_count': 231,
 'downloader/response_status_count/200': 231,
 'finish_reason': 'finished',
 'finish_time': datetime.datetime(2017, 3, 17, 22, 2, 15, 510756),
 'item_scraped_count': 102,
 'log_count/INFO': 110,
 'log_count/WARNING': 3,
 'request_depth_max': 5,
 'response_received_count': 231,
 'scheduler/dequeued/redis': 231,
 'scheduler/enqueued/redis': 286,
 'start_time': datetime.datetime(2017, 3, 17, 22, 1, 33, 538696)}
2017-03-18 06:02:15 [scrapy.core.engine] INFO: Spider closed (finished)
