2017-03-16 06:00:14 [scrapy.utils.log] INFO: Scrapy 1.3.3 started (bot: web_news)
2017-03-16 06:00:14 [scrapy.utils.log] INFO: Overridden settings: {'NEWSPIDER_MODULE': 'web_news.spiders', 'SPIDER_MODULES': ['web_news.spiders'], 'LOG_LEVEL': 'INFO', 'CONCURRENT_REQUESTS_PER_DOMAIN': 32, 'DUPEFILTER_CLASS': 'scrapy_redis.dupefilter.RFPDupeFilter', 'CONCURRENT_REQUESTS': 32, 'METAREFRESH_ENABLED': False, 'CONCURRENT_REQUESTS_PER_IP': 32, 'BOT_NAME': 'web_news', 'USER_AGENT': 'Mozilla/5.0 (Windows NT 10.0) AppleWebKit/537.36 (KHTML, like Gecko) Chrome/45.0.2454.101 Safari/537.36', 'SCHEDULER': 'scrapy_redis.scheduler.Scheduler', 'REDIRECT_ENABLED': False, 'LOG_FILE': 'dj_log/xinjiangdj2.log', 'DOWNLOAD_DELAY': 0.25}
2017-03-16 06:00:14 [scrapy.middleware] INFO: Enabled extensions:
['scrapy.extensions.logstats.LogStats',
 'scrapy.extensions.corestats.CoreStats']
2017-03-16 06:00:14 [xinjiangdj] INFO: get key 1
2017-03-16 06:00:14 [scrapy.middleware] INFO: Enabled downloader middlewares:
['scrapy.downloadermiddlewares.httpauth.HttpAuthMiddleware',
 'scrapy.downloadermiddlewares.downloadtimeout.DownloadTimeoutMiddleware',
 'scrapy.downloadermiddlewares.defaultheaders.DefaultHeadersMiddleware',
 'scrapy.downloadermiddlewares.useragent.UserAgentMiddleware',
 'scrapy.downloadermiddlewares.retry.RetryMiddleware',
 'scrapy.downloadermiddlewares.httpcompression.HttpCompressionMiddleware',
 'scrapy.downloadermiddlewares.cookies.CookiesMiddleware',
 'scrapy.downloadermiddlewares.stats.DownloaderStats']
2017-03-16 06:00:14 [scrapy.middleware] INFO: Enabled spider middlewares:
['scrapy.spidermiddlewares.httperror.HttpErrorMiddleware',
 'scrapy.spidermiddlewares.offsite.OffsiteMiddleware',
 'scrapy.spidermiddlewares.referer.RefererMiddleware',
 'scrapy.spidermiddlewares.urllength.UrlLengthMiddleware',
 'scrapy.spidermiddlewares.depth.DepthMiddleware']
2017-03-16 06:00:14 [scrapy.middleware] INFO: Enabled item pipelines:
['web_news.pipelines.MongoDBPipeline']
2017-03-16 06:00:14 [scrapy.core.engine] INFO: Spider opened
2017-03-16 06:00:14 [scrapy.extensions.logstats] INFO: Crawled 0 pages (at 0 pages/min), scraped 0 items (at 0 items/min)
2017-03-16 06:00:19 [scrapy.core.engine] INFO: Closing spider (finished)
2017-03-16 06:00:19 [xinjiangdj] INFO: wait 6 spiders to stop
2017-03-16 06:00:19 [xinjiangdj] INFO: wait 5 spiders to stop
2017-03-16 06:00:19 [xinjiangdj] INFO: wait 4 spiders to stop
2017-03-16 06:00:19 [xinjiangdj] INFO: wait 3 spiders to stop
2017-03-16 06:00:19 [xinjiangdj] INFO: wait 2 spiders to stop
2017-03-16 06:00:19 [xinjiangdj] INFO: wait 1 spiders to stop
2017-03-16 06:00:20 [xinjiangdj] INFO: all slave spider exit
2017-03-16 06:00:20 [scrapy.statscollectors] INFO: Dumping Scrapy stats:
{'downloader/request_bytes': 11495,
 'downloader/request_count': 33,
 'downloader/request_method_count/GET': 33,
 'downloader/response_bytes': 1021732,
 'downloader/response_count': 33,
 'downloader/response_status_count/200': 33,
 'finish_reason': 'finished',
 'finish_time': datetime.datetime(2017, 3, 15, 22, 0, 19, 185024),
 'log_count/INFO': 15,
 'request_depth_max': 1,
 'response_received_count': 33,
 'scheduler/dequeued/redis': 33,
 'scheduler/enqueued/redis': 1,
 'start_time': datetime.datetime(2017, 3, 15, 22, 0, 14, 172622)}
2017-03-16 06:00:20 [scrapy.core.engine] INFO: Spider closed (finished)
2017-03-17 06:00:05 [scrapy.utils.log] INFO: Scrapy 1.3.3 started (bot: web_news)
2017-03-17 06:00:05 [scrapy.utils.log] INFO: Overridden settings: {'NEWSPIDER_MODULE': 'web_news.spiders', 'SPIDER_MODULES': ['web_news.spiders'], 'LOG_LEVEL': 'INFO', 'CONCURRENT_REQUESTS_PER_DOMAIN': 32, 'DUPEFILTER_CLASS': 'scrapy_redis.dupefilter.RFPDupeFilter', 'CONCURRENT_REQUESTS': 32, 'METAREFRESH_ENABLED': False, 'CONCURRENT_REQUESTS_PER_IP': 32, 'BOT_NAME': 'web_news', 'USER_AGENT': 'Mozilla/5.0 (Windows NT 10.0) AppleWebKit/537.36 (KHTML, like Gecko) Chrome/45.0.2454.101 Safari/537.36', 'SCHEDULER': 'scrapy_redis.scheduler.Scheduler', 'REDIRECT_ENABLED': False, 'LOG_FILE': 'dj_log/xinjiangdj2.log', 'DOWNLOAD_DELAY': 0.25}
2017-03-17 06:00:05 [scrapy.middleware] INFO: Enabled extensions:
['scrapy.extensions.logstats.LogStats',
 'scrapy.extensions.corestats.CoreStats']
2017-03-17 06:00:05 [twisted] ERROR: Unhandled error in Deferred:
2017-03-17 06:00:05 [twisted] ERROR: Unhandled Error
Traceback (most recent call last):
  File "/usr/local/lib/python2.7/dist-packages/scrapy/commands/crawl.py", line 57, in run
    self.crawler_process.crawl(spname, **opts.spargs)
  File "/usr/local/lib/python2.7/dist-packages/scrapy/crawler.py", line 163, in crawl
    return self._crawl(crawler, *args, **kwargs)
  File "/usr/local/lib/python2.7/dist-packages/scrapy/crawler.py", line 167, in _crawl
    d = crawler.crawl(*args, **kwargs)
  File "/usr/lib/python2.7/dist-packages/twisted/internet/defer.py", line 1237, in unwindGenerator
    return _inlineCallbacks(None, gen, Deferred())
--- <exception caught here> ---
  File "/usr/lib/python2.7/dist-packages/twisted/internet/defer.py", line 1099, in _inlineCallbacks
    result = g.send(result)
  File "/usr/local/lib/python2.7/dist-packages/scrapy/crawler.py", line 90, in crawl
    six.reraise(*exc_info)
  File "/usr/local/lib/python2.7/dist-packages/scrapy/crawler.py", line 71, in crawl
    self.spider = self._create_spider(*args, **kwargs)
  File "/usr/local/lib/python2.7/dist-packages/scrapy/crawler.py", line 94, in _create_spider
    return self.spidercls.from_crawler(self, *args, **kwargs)
  File "/home/u231/spider/web_news/misc/spiderredis.py", line 43, in from_crawler
    spider.compete_key()
  File "/home/u231/spider/web_news/misc/spiderredis.py", line 16, in compete_key
    while self.server.sadd(self.redis_compete, self.key) == 0:
  File "/usr/local/lib/python2.7/dist-packages/redis/client.py", line 1494, in sadd
    return self.execute_command('SADD', name, *values)
  File "/usr/local/lib/python2.7/dist-packages/redis/client.py", line 573, in execute_command
    return self.parse_response(connection, command_name, **options)
  File "/usr/local/lib/python2.7/dist-packages/redis/client.py", line 585, in parse_response
    response = connection.read_response()
  File "/usr/local/lib/python2.7/dist-packages/redis/connection.py", line 582, in read_response
    raise response
redis.exceptions.ResponseError: OOM command not allowed when used memory > 'maxmemory'.

2017-03-18 06:01:33 [scrapy.utils.log] INFO: Scrapy 1.3.3 started (bot: web_news)
2017-03-18 06:01:33 [scrapy.utils.log] INFO: Overridden settings: {'NEWSPIDER_MODULE': 'web_news.spiders', 'SPIDER_MODULES': ['web_news.spiders'], 'LOG_LEVEL': 'INFO', 'CONCURRENT_REQUESTS_PER_DOMAIN': 32, 'DUPEFILTER_CLASS': 'scrapy_redis.dupefilter.RFPDupeFilter', 'CONCURRENT_REQUESTS': 32, 'METAREFRESH_ENABLED': False, 'CONCURRENT_REQUESTS_PER_IP': 32, 'BOT_NAME': 'web_news', 'USER_AGENT': 'Mozilla/5.0 (Windows NT 10.0) AppleWebKit/537.36 (KHTML, like Gecko) Chrome/45.0.2454.101 Safari/537.36', 'SCHEDULER': 'scrapy_redis.scheduler.Scheduler', 'REDIRECT_ENABLED': False, 'LOG_FILE': 'dj_log/xinjiangdj2.log', 'DOWNLOAD_DELAY': 0.25}
2017-03-18 06:01:33 [scrapy.middleware] INFO: Enabled extensions:
['scrapy.extensions.logstats.LogStats',
 'scrapy.extensions.corestats.CoreStats']
2017-03-18 06:01:33 [xinjiangdj] INFO: get key 4
2017-03-18 06:01:33 [scrapy.middleware] INFO: Enabled downloader middlewares:
['scrapy.downloadermiddlewares.httpauth.HttpAuthMiddleware',
 'scrapy.downloadermiddlewares.downloadtimeout.DownloadTimeoutMiddleware',
 'scrapy.downloadermiddlewares.defaultheaders.DefaultHeadersMiddleware',
 'scrapy.downloadermiddlewares.useragent.UserAgentMiddleware',
 'scrapy.downloadermiddlewares.retry.RetryMiddleware',
 'scrapy.downloadermiddlewares.httpcompression.HttpCompressionMiddleware',
 'scrapy.downloadermiddlewares.cookies.CookiesMiddleware',
 'scrapy.downloadermiddlewares.stats.DownloaderStats']
2017-03-18 06:01:33 [scrapy.middleware] INFO: Enabled spider middlewares:
['scrapy.spidermiddlewares.httperror.HttpErrorMiddleware',
 'scrapy.spidermiddlewares.offsite.OffsiteMiddleware',
 'scrapy.spidermiddlewares.referer.RefererMiddleware',
 'scrapy.spidermiddlewares.urllength.UrlLengthMiddleware',
 'scrapy.spidermiddlewares.depth.DepthMiddleware']
2017-03-18 06:01:33 [scrapy.middleware] INFO: Enabled item pipelines:
['web_news.pipelines.MongoDBPipeline']
2017-03-18 06:01:33 [scrapy.core.engine] INFO: Spider opened
2017-03-18 06:01:33 [scrapy.extensions.logstats] INFO: Crawled 0 pages (at 0 pages/min), scraped 0 items (at 0 items/min)
2017-03-18 06:01:35 [xinjiangdj] INFO: crawling url: http://www.xjkunlun.cn/xinwen/rdtw/2017/4066188.htm
2017-03-18 06:01:35 [xinjiangdj] INFO: crawling url: http://www.xjkunlun.cn/zt/fanghuijuzhuanlan/bushuyaoqiu/mtbd/2017/4066686.htm
2017-03-18 06:01:35 [xinjiangdj] INFO: crawling url: http://www.xjkunlun.cn/xinwen/szyw/guoneiyw/2017/4066865.htm
2017-03-18 06:01:36 [xinjiangdj] INFO: crawling url: http://www.xjkunlun.cn/xinwen/szyw/guoneiyw/2017/4066863.htm
2017-03-18 06:01:36 [xinjiangdj] INFO: crawling url: http://www.xjkunlun.cn/xinwen/szyw/guoneiyw/2017/4066861.htm
2017-03-18 06:01:36 [xinjiangdj] INFO: crawling url: http://www.xjkunlun.cn/xinwen/szyw/guoneiyw/2017/4066859.htm
2017-03-18 06:01:36 [xinjiangdj] INFO: crawling url: http://www.xjkunlun.cn/xinwen/szyw/guojiyw/2017/4066905.htm
2017-03-18 06:01:36 [xinjiangdj] INFO: crawling url: http://www.xjkunlun.cn/xinwen/szyw/guojiyw/2017/4066902.htm
2017-03-18 06:01:36 [xinjiangdj] INFO: crawling url: http://www.xjkunlun.cn/xinwen/szyw/guojiyw/2017/4066900.htm
2017-03-18 06:01:36 [xinjiangdj] INFO: crawling url: http://www.xjkunlun.cn/xinwen/szyw/guojiyw/2017/4066898.htm
2017-03-18 06:01:36 [xinjiangdj] INFO: crawling url: http://www.xjkunlun.cn/xinwen/szyw/jiangneixw/2017/4066784.htm
2017-03-18 06:01:36 [xinjiangdj] INFO: crawling url: http://www.xjkunlun.cn/xinwen/szyw/jiangneixw/2017/4066782.htm
2017-03-18 06:01:37 [xinjiangdj] INFO: crawling url: http://www.xjkunlun.cn/xinwen/szyw/jiangneixw/2017/4066780.htm
2017-03-18 06:01:37 [xinjiangdj] INFO: crawling url: http://www.xjkunlun.cn/xinwen/szyw/jiangneixw/2017/4066778.htm
2017-03-18 06:01:37 [xinjiangdj] INFO: crawling url: http://www.xjkunlun.cn/xinwen/szyw/jiangneixw/2017/4066777.htm
2017-03-18 06:01:37 [xinjiangdj] INFO: crawling url: http://www.xjkunlun.cn/xinwen/zgywen/2017/4066848.htm
2017-03-18 06:01:37 [xinjiangdj] INFO: crawling url: http://www.xjkunlun.cn/xinwen/zgywen/2017/4066842.htm
2017-03-18 06:01:37 [xinjiangdj] INFO: crawling url: http://www.xjkunlun.cn/xinwen/zgywen/2017/4066759.htm
2017-03-18 06:01:37 [xinjiangdj] INFO: crawling url: http://www.xjkunlun.cn/zzgz/gbgz/2017/4066675.htm
2017-03-18 06:01:37 [xinjiangdj] INFO: crawling url: http://www.xjkunlun.cn/zzgz/gbgz/2017/4066673.htm
2017-03-18 06:01:38 [xinjiangdj] INFO: crawling url: http://www.xjkunlun.cn/dswx/gzdt/2017/4066408.htm
2017-03-18 06:01:38 [xinjiangdj] INFO: crawling url: http://www.xjkunlun.cn/lgbgz/gzdt/2017/4065841.htm
2017-03-18 06:01:38 [xinjiangdj] INFO: crawling url: http://www.xjkunlun.cn/zt/xzc/2017/4066746.htm
2017-03-18 06:01:38 [xinjiangdj] INFO: crawling url: http://www.xjkunlun.cn/zt/xzc/2017/4066744.htm
2017-03-18 06:01:38 [xinjiangdj] INFO: crawling url: http://www.xjkunlun.cn/fgjjdj/xxdt/2017/4066678.htm
2017-03-18 06:01:43 [xinjiangdj] INFO: crawling url: http://www.xjkunlun.cn/xinwen/szyw/guojiyw/2017/4066884.htm
2017-03-18 06:01:43 [xinjiangdj] INFO: crawling url: http://www.xjkunlun.cn/xinwen/szyw/guojiyw/2017/4066883.htm
2017-03-18 06:01:44 [xinjiangdj] INFO: crawling url: http://www.xjkunlun.cn/xinwen/zxtwen/2017/4066686.htm
2017-03-18 06:01:44 [xinjiangdj] INFO: crawling url: http://www.xjkunlun.cn/xinwen/tt/2017/4066848.htm
2017-03-18 06:01:44 [xinjiangdj] INFO: crawling url: http://www.xjkunlun.cn/xinwen/zgywen/2017/4066492.htm
2017-03-18 06:01:44 [xinjiangdj] INFO: crawling url: http://www.xjkunlun.cn/xinwen/zgywen/2017/4066157.htm
2017-03-18 06:01:45 [xinjiangdj] INFO: crawling url: http://www.xjkunlun.cn/xinwen/zgywen/2017/4066069.htm
2017-03-18 06:01:45 [xinjiangdj] INFO: crawling url: http://www.xjkunlun.cn/xinwen/zgywen/2017/4066066.htm
2017-03-18 06:01:46 [xinjiangdj] INFO: crawling url: http://www.xjkunlun.cn/xinwen/rdtw/2017/4064119.htm
2017-03-18 06:01:47 [xinjiangdj] INFO: crawling url: http://www.xjkunlun.cn/xinwen/rdtw/2017/4065199.htm
2017-03-18 06:01:48 [xinjiangdj] INFO: crawling url: http://www.xjkunlun.cn/wnfw/gqxx/2017/4065855.htm
2017-03-18 06:01:48 [xinjiangdj] INFO: crawling url: http://www.xjkunlun.cn/wnfw/nzfw/2017/4066514.htm
2017-03-18 06:01:48 [xinjiangdj] INFO: crawling url: http://www.xjkunlun.cn/wnfw/nzfw/2017/4065861.htm
2017-03-18 06:01:50 [xinjiangdj] INFO: crawling url: http://www.xjkunlun.cn/xinwen/szyw/guoneiyw/2017/4066818.htm
2017-03-18 06:01:50 [xinjiangdj] INFO: crawling url: http://www.xjkunlun.cn/xinwen/szyw/guoneiyw/2017/4066808.htm
2017-03-18 06:01:51 [xinjiangdj] INFO: crawling url: http://www.xjkunlun.cn/xinwen/szyw/jiangneixw/2017/4066775.htm
2017-03-18 06:01:51 [xinjiangdj] INFO: crawling url: http://www.xjkunlun.cn/gsgg/gsgg/2016/3872267.htm
2017-03-18 06:01:51 [xinjiangdj] INFO: crawling url: http://www.xjkunlun.cn/gsgg/gsgg/2016/3784676.htm
2017-03-18 06:01:51 [xinjiangdj] INFO: crawling url: http://www.xjkunlun.cn/gsgg/gsgg/2016/3782502.htm
2017-03-18 06:01:54 [xinjiangdj] INFO: crawling url: http://www.xjkunlun.cn/gsgg/gsgg/2015/3645782.htm
2017-03-18 06:01:55 [xinjiangdj] INFO: crawling url: http://www.xjkunlun.cn/gsgg/gsgg/2015/3608412.htm
2017-03-18 06:01:55 [xinjiangdj] INFO: crawling url: http://www.xjkunlun.cn/gsgg/gsgg/2015/3601448.htm
2017-03-18 06:02:02 [xinjiangdj] INFO: crawling url: http://www.xjkunlun.cn/gsgg/gsgg/2015/3579150.htm
2017-03-18 06:02:02 [xinjiangdj] WARNING:  url: http://www.xjkunlun.cn/gsgg/gsgg/2015/3579150.htm msg:  content is None
2017-03-18 06:02:02 [xinjiangdj] INFO: crawling url: http://www.xjkunlun.cn/gsgg/gsgg/2016/3870883.htm
2017-03-18 06:02:02 [xinjiangdj] INFO: crawling url: http://www.xjkunlun.cn/gsgg/gsgg/2015/3460046.htm
2017-03-18 06:02:02 [xinjiangdj] WARNING:  url: http://www.xjkunlun.cn/gsgg/gsgg/2015/3460046.htm msg:  content is None
2017-03-18 06:02:03 [xinjiangdj] INFO: crawling url: http://www.xjkunlun.cn/gsgg/gsgg/2015/3585981.htm
2017-03-18 06:02:05 [xinjiangdj] INFO: crawling url: http://www.xjkunlun.cn/gsgg/gsgg/2015/3573084.htm
2017-03-18 06:02:05 [xinjiangdj] WARNING:  url: http://www.xjkunlun.cn/gsgg/gsgg/2015/3573084.htm msg:  content is None
2017-03-18 06:02:05 [xinjiangdj] INFO: crawling url: http://www.xjkunlun.cn/gsgg/gsgg/2016/3889462.htm
2017-03-18 06:02:05 [xinjiangdj] INFO: crawling url: http://www.xjkunlun.cn/gsgg/gsgg/2016/3792364.htm
2017-03-18 06:02:07 [xinjiangdj] INFO: crawling url: http://www.xjkunlun.cn/xinwen/szyw/guojiyw/2017/4066829.htm
2017-03-18 06:02:08 [xinjiangdj] INFO: crawling url: http://www.xjkunlun.cn/gsgg/gsgg/2015/3628345.htm
2017-03-18 06:02:08 [xinjiangdj] INFO: crawling url: http://www.xjkunlun.cn/xinwen/szyw/guojiyw/2017/4066660.htm
2017-03-18 06:02:08 [xinjiangdj] INFO: crawling url: http://www.xjkunlun.cn/xinwen/szyw/guojiyw/2017/4066653.htm
2017-03-18 06:02:08 [xinjiangdj] INFO: crawling url: http://www.xjkunlun.cn/xinwen/zxtwen/2017/4066845.htm
2017-03-18 06:02:08 [xinjiangdj] INFO: crawling url: http://www.xjkunlun.cn/xinwen/zxtwen/2017/4066758.htm
2017-03-18 06:02:08 [xinjiangdj] INFO: crawling url: http://www.xjkunlun.cn/xinwen/zxtwen/2017/4066752.htm
2017-03-18 06:02:09 [xinjiangdj] INFO: crawling url: http://www.xjkunlun.cn/xinwen/zxtwen/2017/4066159.htm
2017-03-18 06:02:09 [xinjiangdj] INFO: crawling url: http://www.xjkunlun.cn/xinwen/zxtwen/2017/4066155.htm
2017-03-18 06:02:10 [xinjiangdj] INFO: crawling url: http://www.xjkunlun.cn/wnfw/nzfw/zcfg/2017/4065398.htm
2017-03-18 06:02:10 [xinjiangdj] INFO: crawling url: http://www.xjkunlun.cn/wnfw/nzfw/scxx/2017/4065861.htm
2017-03-18 06:02:11 [xinjiangdj] INFO: crawling url: http://www.xjkunlun.cn/wnfw/nzfw/scxx/2017/4065860.htm
2017-03-18 06:02:11 [xinjiangdj] INFO: crawling url: http://www.xjkunlun.cn/xinwen/szyw/jiangneixw/2017/4066562.htm
2017-03-18 06:02:11 [xinjiangdj] INFO: crawling url: http://www.xjkunlun.cn/xinwen/szyw/jiangneixw/2017/4066561.htm
2017-03-18 06:02:11 [xinjiangdj] INFO: crawling url: http://www.xjkunlun.cn/xinwen/szyw/jiangneixw/2017/4066558.htm
2017-03-18 06:02:11 [xinjiangdj] INFO: crawling url: http://www.xjkunlun.cn/xinwen/szyw/guoneiyw/2017/4066802.htm
2017-03-18 06:02:11 [xinjiangdj] INFO: crawling url: http://www.xjkunlun.cn/xinwen/szyw/guoneiyw/2017/4066801.htm
2017-03-18 06:02:11 [xinjiangdj] INFO: crawling url: http://www.xjkunlun.cn/xinwen/szyw/guojiyw/2017/4066641.htm
2017-03-18 06:02:11 [xinjiangdj] INFO: crawling url: http://www.xjkunlun.cn/xinwen/zxtwen/2017/4066153.htm
2017-03-18 06:02:12 [xinjiangdj] INFO: crawling url: http://www.xjkunlun.cn/xinwen/zxtwen/2017/4066152.htm
2017-03-18 06:02:12 [scrapy.core.engine] INFO: Closing spider (finished)
2017-03-18 06:02:12 [scrapy.statscollectors] INFO: Dumping Scrapy stats:
{'downloader/request_bytes': 62795,
 'downloader/request_count': 174,
 'downloader/request_method_count/GET': 174,
 'downloader/response_bytes': 10177812,
 'downloader/response_count': 174,
 'downloader/response_status_count/200': 174,
 'finish_reason': 'finished',
 'finish_time': datetime.datetime(2017, 3, 17, 22, 2, 12, 79474),
 'item_scraped_count': 74,
 'log_count/INFO': 82,
 'log_count/WARNING': 3,
 'request_depth_max': 4,
 'response_received_count': 174,
 'scheduler/dequeued/redis': 174,
 'scheduler/enqueued/redis': 306,
 'start_time': datetime.datetime(2017, 3, 17, 22, 1, 33, 545687)}
2017-03-18 06:02:12 [scrapy.core.engine] INFO: Spider closed (finished)
