2017-03-16 06:00:14 [scrapy.utils.log] INFO: Scrapy 1.3.3 started (bot: web_news)
2017-03-16 06:00:14 [scrapy.utils.log] INFO: Overridden settings: {'NEWSPIDER_MODULE': 'web_news.spiders', 'SPIDER_MODULES': ['web_news.spiders'], 'LOG_LEVEL': 'INFO', 'CONCURRENT_REQUESTS_PER_DOMAIN': 32, 'DUPEFILTER_CLASS': 'scrapy_redis.dupefilter.RFPDupeFilter', 'CONCURRENT_REQUESTS': 32, 'METAREFRESH_ENABLED': False, 'CONCURRENT_REQUESTS_PER_IP': 32, 'BOT_NAME': 'web_news', 'USER_AGENT': 'Mozilla/5.0 (Windows NT 10.0) AppleWebKit/537.36 (KHTML, like Gecko) Chrome/45.0.2454.101 Safari/537.36', 'SCHEDULER': 'scrapy_redis.scheduler.Scheduler', 'REDIRECT_ENABLED': False, 'LOG_FILE': 'dj_log/xinjiangdj5.log', 'DOWNLOAD_DELAY': 0.25}
2017-03-16 06:00:14 [scrapy.middleware] INFO: Enabled extensions:
['scrapy.extensions.logstats.LogStats',
 'scrapy.extensions.corestats.CoreStats']
2017-03-16 06:00:14 [xinjiangdj] INFO: get key 2
2017-03-16 06:00:14 [scrapy.middleware] INFO: Enabled downloader middlewares:
['scrapy.downloadermiddlewares.httpauth.HttpAuthMiddleware',
 'scrapy.downloadermiddlewares.downloadtimeout.DownloadTimeoutMiddleware',
 'scrapy.downloadermiddlewares.defaultheaders.DefaultHeadersMiddleware',
 'scrapy.downloadermiddlewares.useragent.UserAgentMiddleware',
 'scrapy.downloadermiddlewares.retry.RetryMiddleware',
 'scrapy.downloadermiddlewares.httpcompression.HttpCompressionMiddleware',
 'scrapy.downloadermiddlewares.cookies.CookiesMiddleware',
 'scrapy.downloadermiddlewares.stats.DownloaderStats']
2017-03-16 06:00:14 [scrapy.middleware] INFO: Enabled spider middlewares:
['scrapy.spidermiddlewares.httperror.HttpErrorMiddleware',
 'scrapy.spidermiddlewares.offsite.OffsiteMiddleware',
 'scrapy.spidermiddlewares.referer.RefererMiddleware',
 'scrapy.spidermiddlewares.urllength.UrlLengthMiddleware',
 'scrapy.spidermiddlewares.depth.DepthMiddleware']
2017-03-16 06:00:14 [scrapy.middleware] INFO: Enabled item pipelines:
['web_news.pipelines.MongoDBPipeline']
2017-03-16 06:00:14 [scrapy.core.engine] INFO: Spider opened
2017-03-16 06:00:14 [scrapy.extensions.logstats] INFO: Crawled 0 pages (at 0 pages/min), scraped 0 items (at 0 items/min)
2017-03-16 06:00:16 [scrapy.core.engine] INFO: Closing spider (finished)
2017-03-16 06:00:16 [scrapy.statscollectors] INFO: Dumping Scrapy stats:
{'downloader/request_bytes': 2690,
 'downloader/request_count': 8,
 'downloader/request_method_count/GET': 8,
 'downloader/response_bytes': 421584,
 'downloader/response_count': 8,
 'downloader/response_status_count/200': 8,
 'finish_reason': 'finished',
 'finish_time': datetime.datetime(2017, 3, 15, 22, 0, 16, 86652),
 'log_count/INFO': 8,
 'request_depth_max': 1,
 'response_received_count': 8,
 'scheduler/dequeued/redis': 8,
 'scheduler/enqueued/redis': 1,
 'start_time': datetime.datetime(2017, 3, 15, 22, 0, 14, 176108)}
2017-03-16 06:00:16 [scrapy.core.engine] INFO: Spider closed (finished)
2017-03-17 06:00:05 [scrapy.utils.log] INFO: Scrapy 1.3.3 started (bot: web_news)
2017-03-17 06:00:05 [scrapy.utils.log] INFO: Overridden settings: {'NEWSPIDER_MODULE': 'web_news.spiders', 'SPIDER_MODULES': ['web_news.spiders'], 'LOG_LEVEL': 'INFO', 'CONCURRENT_REQUESTS_PER_DOMAIN': 32, 'DUPEFILTER_CLASS': 'scrapy_redis.dupefilter.RFPDupeFilter', 'CONCURRENT_REQUESTS': 32, 'METAREFRESH_ENABLED': False, 'CONCURRENT_REQUESTS_PER_IP': 32, 'BOT_NAME': 'web_news', 'USER_AGENT': 'Mozilla/5.0 (Windows NT 10.0) AppleWebKit/537.36 (KHTML, like Gecko) Chrome/45.0.2454.101 Safari/537.36', 'SCHEDULER': 'scrapy_redis.scheduler.Scheduler', 'REDIRECT_ENABLED': False, 'LOG_FILE': 'dj_log/xinjiangdj5.log', 'DOWNLOAD_DELAY': 0.25}
2017-03-17 06:00:05 [scrapy.middleware] INFO: Enabled extensions:
['scrapy.extensions.logstats.LogStats',
 'scrapy.extensions.corestats.CoreStats']
2017-03-17 06:00:05 [twisted] ERROR: Unhandled error in Deferred:
2017-03-17 06:00:05 [twisted] ERROR: Unhandled Error
Traceback (most recent call last):
  File "/usr/local/lib/python2.7/dist-packages/scrapy/commands/crawl.py", line 57, in run
    self.crawler_process.crawl(spname, **opts.spargs)
  File "/usr/local/lib/python2.7/dist-packages/scrapy/crawler.py", line 163, in crawl
    return self._crawl(crawler, *args, **kwargs)
  File "/usr/local/lib/python2.7/dist-packages/scrapy/crawler.py", line 167, in _crawl
    d = crawler.crawl(*args, **kwargs)
  File "/usr/lib/python2.7/dist-packages/twisted/internet/defer.py", line 1237, in unwindGenerator
    return _inlineCallbacks(None, gen, Deferred())
--- <exception caught here> ---
  File "/usr/lib/python2.7/dist-packages/twisted/internet/defer.py", line 1099, in _inlineCallbacks
    result = g.send(result)
  File "/usr/local/lib/python2.7/dist-packages/scrapy/crawler.py", line 90, in crawl
    six.reraise(*exc_info)
  File "/usr/local/lib/python2.7/dist-packages/scrapy/crawler.py", line 71, in crawl
    self.spider = self._create_spider(*args, **kwargs)
  File "/usr/local/lib/python2.7/dist-packages/scrapy/crawler.py", line 94, in _create_spider
    return self.spidercls.from_crawler(self, *args, **kwargs)
  File "/home/u231/spider/web_news/misc/spiderredis.py", line 43, in from_crawler
    spider.compete_key()
  File "/home/u231/spider/web_news/misc/spiderredis.py", line 16, in compete_key
    while self.server.sadd(self.redis_compete, self.key) == 0:
  File "/usr/local/lib/python2.7/dist-packages/redis/client.py", line 1494, in sadd
    return self.execute_command('SADD', name, *values)
  File "/usr/local/lib/python2.7/dist-packages/redis/client.py", line 573, in execute_command
    return self.parse_response(connection, command_name, **options)
  File "/usr/local/lib/python2.7/dist-packages/redis/client.py", line 585, in parse_response
    response = connection.read_response()
  File "/usr/local/lib/python2.7/dist-packages/redis/connection.py", line 582, in read_response
    raise response
redis.exceptions.ResponseError: OOM command not allowed when used memory > 'maxmemory'.

2017-03-18 06:01:33 [scrapy.utils.log] INFO: Scrapy 1.3.3 started (bot: web_news)
2017-03-18 06:01:33 [scrapy.utils.log] INFO: Overridden settings: {'NEWSPIDER_MODULE': 'web_news.spiders', 'SPIDER_MODULES': ['web_news.spiders'], 'LOG_LEVEL': 'INFO', 'CONCURRENT_REQUESTS_PER_DOMAIN': 32, 'DUPEFILTER_CLASS': 'scrapy_redis.dupefilter.RFPDupeFilter', 'CONCURRENT_REQUESTS': 32, 'METAREFRESH_ENABLED': False, 'CONCURRENT_REQUESTS_PER_IP': 32, 'BOT_NAME': 'web_news', 'USER_AGENT': 'Mozilla/5.0 (Windows NT 10.0) AppleWebKit/537.36 (KHTML, like Gecko) Chrome/45.0.2454.101 Safari/537.36', 'SCHEDULER': 'scrapy_redis.scheduler.Scheduler', 'REDIRECT_ENABLED': False, 'LOG_FILE': 'dj_log/xinjiangdj5.log', 'DOWNLOAD_DELAY': 0.25}
2017-03-18 06:01:33 [scrapy.middleware] INFO: Enabled extensions:
['scrapy.extensions.logstats.LogStats',
 'scrapy.extensions.corestats.CoreStats']
2017-03-18 06:01:33 [xinjiangdj] INFO: get key 6
2017-03-18 06:01:33 [scrapy.middleware] INFO: Enabled downloader middlewares:
['scrapy.downloadermiddlewares.httpauth.HttpAuthMiddleware',
 'scrapy.downloadermiddlewares.downloadtimeout.DownloadTimeoutMiddleware',
 'scrapy.downloadermiddlewares.defaultheaders.DefaultHeadersMiddleware',
 'scrapy.downloadermiddlewares.useragent.UserAgentMiddleware',
 'scrapy.downloadermiddlewares.retry.RetryMiddleware',
 'scrapy.downloadermiddlewares.httpcompression.HttpCompressionMiddleware',
 'scrapy.downloadermiddlewares.cookies.CookiesMiddleware',
 'scrapy.downloadermiddlewares.stats.DownloaderStats']
2017-03-18 06:01:33 [scrapy.middleware] INFO: Enabled spider middlewares:
['scrapy.spidermiddlewares.httperror.HttpErrorMiddleware',
 'scrapy.spidermiddlewares.offsite.OffsiteMiddleware',
 'scrapy.spidermiddlewares.referer.RefererMiddleware',
 'scrapy.spidermiddlewares.urllength.UrlLengthMiddleware',
 'scrapy.spidermiddlewares.depth.DepthMiddleware']
2017-03-18 06:01:33 [scrapy.middleware] INFO: Enabled item pipelines:
['web_news.pipelines.MongoDBPipeline']
2017-03-18 06:01:33 [scrapy.core.engine] INFO: Spider opened
2017-03-18 06:01:33 [scrapy.extensions.logstats] INFO: Crawled 0 pages (at 0 pages/min), scraped 0 items (at 0 items/min)
2017-03-18 06:01:35 [xinjiangdj] INFO: crawling url: http://www.xjkunlun.cn/xinwen/rdtw/2017/4066190.htm
2017-03-18 06:01:35 [xinjiangdj] INFO: crawling url: http://www.xjkunlun.cn/xinwen/rdtw/2017/4066189.htm
2017-03-18 06:01:35 [xinjiangdj] INFO: crawling url: http://www.xjkunlun.cn/zt/fanghuijuzhuanlan/bushuyaoqiu/mtbd/2017/4066875.htm
2017-03-18 06:01:36 [xinjiangdj] INFO: crawling url: http://www.xjkunlun.cn/jrtt/2017/4066187.htm
2017-03-18 06:01:36 [xinjiangdj] INFO: crawling url: http://www.xjkunlun.cn/xinwen/szyw/guoneiyw/2017/4066864.htm
2017-03-18 06:01:36 [xinjiangdj] INFO: crawling url: http://www.xjkunlun.cn/xinwen/szyw/guoneiyw/2017/4066862.htm
2017-03-18 06:01:36 [xinjiangdj] INFO: crawling url: http://www.xjkunlun.cn/xinwen/szyw/guoneiyw/2017/4066860.htm
2017-03-18 06:01:36 [xinjiangdj] INFO: crawling url: http://www.xjkunlun.cn/xinwen/szyw/guoneiyw/2017/4066858.htm
2017-03-18 06:01:36 [xinjiangdj] INFO: crawling url: http://www.xjkunlun.cn/xinwen/szyw/guojiyw/2017/4066903.htm
2017-03-18 06:01:36 [xinjiangdj] INFO: crawling url: http://www.xjkunlun.cn/xinwen/szyw/guojiyw/2017/4066901.htm
2017-03-18 06:01:36 [xinjiangdj] INFO: crawling url: http://www.xjkunlun.cn/xinwen/szyw/guojiyw/2017/4066899.htm
2017-03-18 06:01:37 [xinjiangdj] INFO: crawling url: http://www.xjkunlun.cn/xinwen/szyw/guojiyw/2017/4066897.htm
2017-03-18 06:01:37 [xinjiangdj] INFO: crawling url: http://www.xjkunlun.cn/xinwen/szyw/jiangneixw/2017/4066783.htm
2017-03-18 06:01:37 [xinjiangdj] INFO: crawling url: http://www.xjkunlun.cn/xinwen/szyw/jiangneixw/2017/4066781.htm
2017-03-18 06:01:37 [xinjiangdj] INFO: crawling url: http://www.xjkunlun.cn/xinwen/szyw/jiangneixw/2017/4066779.htm
2017-03-18 06:01:37 [xinjiangdj] INFO: crawling url: http://www.xjkunlun.cn/xinwen/zgywen/2017/4066846.htm
2017-03-18 06:01:37 [xinjiangdj] INFO: crawling url: http://www.xjkunlun.cn/xinwen/zgywen/2017/4066845.htm
2017-03-18 06:01:37 [xinjiangdj] INFO: crawling url: http://www.xjkunlun.cn/xinwen/zgywen/2017/4066843.htm
2017-03-18 06:01:37 [xinjiangdj] INFO: crawling url: http://www.xjkunlun.cn/xinwen/zgywen/2017/4066841.htm
2017-03-18 06:01:38 [xinjiangdj] INFO: crawling url: http://www.xjkunlun.cn/xinwen/zgywen/2017/4066840.htm
2017-03-18 06:01:38 [xinjiangdj] INFO: crawling url: http://www.xjkunlun.cn/zzgz/gbgz/2017/4066676.htm
2017-03-18 06:01:38 [xinjiangdj] INFO: crawling url: http://www.xjkunlun.cn/zzgz/gbgz/2017/4066674.htm
2017-03-18 06:01:38 [xinjiangdj] INFO: crawling url: http://www.xjkunlun.cn/zzgz/gbgz/2017/4066672.htm
2017-03-18 06:01:38 [xinjiangdj] INFO: crawling url: http://www.xjkunlun.cn/dswx/gzdt/2017/4065397.htm
2017-03-18 06:01:38 [xinjiangdj] INFO: crawling url: http://www.xjkunlun.cn/zt/xzc/2017/4066747.htm
2017-03-18 06:01:38 [xinjiangdj] INFO: crawling url: http://www.xjkunlun.cn/zt/xzc/2017/4066745.htm
2017-03-18 06:01:38 [xinjiangdj] INFO: crawling url: http://www.xjkunlun.cn/zt/xzc/2017/4066743.htm
2017-03-18 06:01:39 [xinjiangdj] INFO: crawling url: http://www.xjkunlun.cn/fgjjdj/xxdt/2017/4066679.htm
2017-03-18 06:01:39 [scrapy.spidermiddlewares.httperror] INFO: Ignoring response <404 http://www.xjkunlun.cn/quntuangongzuo/tuanwei/2016/3989837.htm>: HTTP status code is not handled or not allowed
2017-03-18 06:01:39 [xinjiangdj] INFO: crawling url: http://www.xjkunlun.cn/wnfw/gqxx/2017/4066515.htm
2017-03-18 06:01:39 [xinjiangdj] INFO: crawling url: http://www.xjkunlun.cn/wnfw/gqxx/2017/4066514.htm
2017-03-18 06:01:39 [xinjiangdj] INFO: crawling url: http://www.xjkunlun.cn/wnfw/gqxx/2017/4065856.htm
2017-03-18 06:01:43 [xinjiangdj] INFO: crawling url: http://www.xjkunlun.cn/xinwen/szyw/guojiyw/2017/4066888.htm
2017-03-18 06:01:43 [xinjiangdj] INFO: crawling url: http://www.xjkunlun.cn/xinwen/szyw/guojiyw/2017/4066881.htm
2017-03-18 06:01:43 [xinjiangdj] INFO: crawling url: http://www.xjkunlun.cn/xinwen/szyw/guojiyw/2017/4066868.htm
2017-03-18 06:01:44 [xinjiangdj] INFO: crawling url: http://www.xjkunlun.cn/xinwen/tt/2017/4066846.htm
2017-03-18 06:01:44 [xinjiangdj] INFO: crawling url: http://www.xjkunlun.cn/xinwen/tt/2017/4066843.htm
2017-03-18 06:01:44 [xinjiangdj] INFO: crawling url: http://www.xjkunlun.cn/xinwen/zgywen/2017/4066170.htm
2017-03-18 06:01:44 [xinjiangdj] INFO: crawling url: http://www.xjkunlun.cn/xinwen/zgywen/2017/4066158.htm
2017-03-18 06:01:45 [xinjiangdj] INFO: crawling url: http://www.xjkunlun.cn/xinwen/zgywen/2017/4066150.htm
2017-03-18 06:01:45 [xinjiangdj] INFO: crawling url: http://www.xjkunlun.cn/dswx/gonggao/2017/4065843.htm
2017-03-18 06:01:46 [xinjiangdj] INFO: crawling url: http://www.xjkunlun.cn/lgbgz/zcfg/2017/4065396.htm
2017-03-18 06:01:48 [xinjiangdj] INFO: crawling url: http://www.xjkunlun.cn/wnfw/gqxx/2017/4065861.htm
2017-03-18 06:01:48 [xinjiangdj] INFO: crawling url: http://www.xjkunlun.cn/wnfw/nzfw/2017/4066515.htm
2017-03-18 06:01:48 [xinjiangdj] INFO: crawling url: http://www.xjkunlun.cn/wnfw/nzfw/2017/4065855.htm
2017-03-18 06:01:50 [xinjiangdj] INFO: crawling url: http://www.xjkunlun.cn/xinwen/szyw/2017/4066686.htm
2017-03-18 06:01:50 [xinjiangdj] INFO: crawling url: http://www.xjkunlun.cn/xinwen/szyw/guoneiyw/2017/4066823.htm
2017-03-18 06:01:50 [xinjiangdj] INFO: crawling url: http://www.xjkunlun.cn/xinwen/szyw/guoneiyw/2017/4066813.htm
2017-03-18 06:01:51 [xinjiangdj] INFO: crawling url: http://www.xjkunlun.cn/xinwen/szyw/guoneiyw/2017/4066805.htm
2017-03-18 06:01:51 [xinjiangdj] INFO: crawling url: http://www.xjkunlun.cn/xinwen/szyw/jiangneixw/2017/4066772.htm
2017-03-18 06:01:51 [xinjiangdj] INFO: crawling url: http://www.xjkunlun.cn/gsgg/gsgg/2016/3870881.htm
2017-03-18 06:01:55 [xinjiangdj] INFO: crawling url: http://www.xjkunlun.cn/gsgg/gsgg/2016/3784969.htm
2017-03-18 06:01:55 [xinjiangdj] INFO: crawling url: http://www.xjkunlun.cn/gsgg/gsgg/2016/3873281.htm
2017-03-18 06:01:55 [xinjiangdj] INFO: crawling url: http://www.xjkunlun.cn/gsgg/gsgg/2016/3784674.htm
2017-03-18 06:01:55 [xinjiangdj] INFO: crawling url: http://www.xjkunlun.cn/gsgg/gsgg/2016/3788789.htm
2017-03-18 06:01:56 [xinjiangdj] INFO: crawling url: http://www.xjkunlun.cn/gsgg/gsgg/2015/3585977.htm
2017-03-18 06:01:56 [xinjiangdj] INFO: crawling url: http://www.xjkunlun.cn/gsgg/gsgg/2015/3583550.htm
2017-03-18 06:02:00 [xinjiangdj] INFO: crawling url: http://www.xjkunlun.cn/gsgg/gsgg/2015/3460030.htm
2017-03-18 06:02:00 [xinjiangdj] WARNING:  url: http://www.xjkunlun.cn/gsgg/gsgg/2015/3460030.htm msg:  content is None
2017-03-18 06:02:00 [xinjiangdj] INFO: crawling url: http://www.xjkunlun.cn/gsgg/gsgg/2015/3585862.htm
2017-03-18 06:02:00 [xinjiangdj] INFO: crawling url: http://www.xjkunlun.cn/gsgg/gsgg/2015/3574414.htm
2017-03-18 06:02:00 [xinjiangdj] WARNING:  url: http://www.xjkunlun.cn/gsgg/gsgg/2015/3574414.htm msg:  content is None
2017-03-18 06:02:01 [xinjiangdj] INFO: crawling url: http://www.xjkunlun.cn/gsgg/gsgg/2016/3889097.htm
2017-03-18 06:02:01 [xinjiangdj] INFO: crawling url: http://www.xjkunlun.cn/xinwen/szyw/guojiyw/2017/4066832.htm
2017-03-18 06:02:01 [xinjiangdj] INFO: crawling url: http://www.xjkunlun.cn/gsgg/gsgg/2015/3572180.htm
2017-03-18 06:02:01 [xinjiangdj] WARNING:  url: http://www.xjkunlun.cn/gsgg/gsgg/2015/3572180.htm msg:  content is None
2017-03-18 06:02:04 [xinjiangdj] INFO: crawling url: http://www.xjkunlun.cn/xinwen/szyw/guojiyw/2017/4066826.htm
2017-03-18 06:02:04 [xinjiangdj] INFO: crawling url: http://www.xjkunlun.cn/xinwen/zxtwen/2017/4066842.htm
2017-03-18 06:02:04 [xinjiangdj] INFO: crawling url: http://www.xjkunlun.cn/gsgg/gsgg/2015/3628343.htm
2017-03-18 06:02:05 [xinjiangdj] INFO: crawling url: http://www.xjkunlun.cn/xinwen/zxtwen/2017/4066757.htm
2017-03-18 06:02:05 [xinjiangdj] INFO: crawling url: http://www.xjkunlun.cn/xinwen/zxtwen/2017/4066755.htm
2017-03-18 06:02:05 [xinjiangdj] INFO: crawling url: http://www.xjkunlun.cn/xinwen/zxtwen/2017/4066170.htm
2017-03-18 06:02:05 [xinjiangdj] INFO: crawling url: http://www.xjkunlun.cn/xinwen/zxtwen/2017/4066156.htm
2017-03-18 06:02:06 [xinjiangdj] INFO: crawling url: http://www.xjkunlun.cn/wnfw/nzfw/scxx/2017/4066514.htm
2017-03-18 06:02:07 [xinjiangdj] INFO: crawling url: http://www.xjkunlun.cn/wnfw/nzfw/scxx/2017/4064115.htm
2017-03-18 06:02:08 [scrapy.spidermiddlewares.httperror] INFO: Ignoring response <404 http://www.xjkunlun.cn/wnfw/nzfw/scxx/2013/3090872.htm>: HTTP status code is not handled or not allowed
2017-03-18 06:02:09 [xinjiangdj] INFO: crawling url: http://www.xjkunlun.cn/xinwen/szyw/guoneiyw/2017/4066794.htm
2017-03-18 06:02:09 [xinjiangdj] INFO: crawling url: http://www.xjkunlun.cn/xinwen/szyw/guoneiyw/2017/4066793.htm
2017-03-18 06:02:09 [xinjiangdj] INFO: crawling url: http://www.xjkunlun.cn/xinwen/szyw/guoneiyw/2017/4066791.htm
2017-03-18 06:02:09 [xinjiangdj] INFO: crawling url: http://www.xjkunlun.cn/xinwen/szyw/guojiyw/2017/4066652.htm
2017-03-18 06:02:09 [xinjiangdj] INFO: crawling url: http://www.xjkunlun.cn/xinwen/szyw/guojiyw/2017/4066644.htm
2017-03-18 06:02:09 [xinjiangdj] INFO: crawling url: http://www.xjkunlun.cn/xinwen/szyw/guojiyw/2017/4066640.htm
2017-03-18 06:02:10 [xinjiangdj] INFO: crawling url: http://www.xjkunlun.cn/xinwen/zxtwen/2017/4066150.htm
2017-03-18 06:02:10 [xinjiangdj] INFO: crawling url: http://www.xjkunlun.cn/xinwen/zxtwen/2017/4066171.htm
2017-03-18 06:02:10 [xinjiangdj] INFO: crawling url: http://www.xjkunlun.cn/xinwen/zxtwen/2017/4066066.htm
2017-03-18 06:02:10 [xinjiangdj] INFO: crawling url: http://www.xjkunlun.cn/xinwen/zxtwen/2017/4066135.htm
2017-03-18 06:02:11 [xinjiangdj] INFO: crawling url: http://www.xjkunlun.cn/gsgg/gsgg/2015/3664774.htm
2017-03-18 06:02:12 [xinjiangdj] INFO: crawling url: http://www.xjkunlun.cn/xinwen/szyw/jiangneixw/2017/4066550.htm
2017-03-18 06:02:12 [xinjiangdj] INFO: crawling url: http://www.xjkunlun.cn/gsgg/gsgg/2015/3680682.htm
2017-03-18 06:02:12 [xinjiangdj] INFO: crawling url: http://www.xjkunlun.cn/xinwen/szyw/jiangneixw/2017/4066549.htm
2017-03-18 06:02:13 [xinjiangdj] INFO: crawling url: http://www.xjkunlun.cn/xinwen/szyw/jiangneixw/2017/4066548.htm
2017-03-18 06:02:13 [xinjiangdj] INFO: crawling url: http://www.xjkunlun.cn/xinwen/szyw/jiangneixw/2017/4066544.htm
2017-03-18 06:02:13 [xinjiangdj] INFO: crawling url: http://www.xjkunlun.cn/xinwen/szyw/guoneiyw/2017/4066721.htm
2017-03-18 06:02:13 [xinjiangdj] INFO: crawling url: http://www.xjkunlun.cn/xinwen/szyw/guoneiyw/2017/4066720.htm
2017-03-18 06:02:13 [xinjiangdj] INFO: crawling url: http://www.xjkunlun.cn/xinwen/szyw/guoneiyw/2017/4066692.htm
2017-03-18 06:02:13 [xinjiangdj] INFO: crawling url: http://www.xjkunlun.cn/xinwen/szyw/guoneiyw/2017/4066691.htm
2017-03-18 06:02:13 [xinjiangdj] INFO: crawling url: http://www.xjkunlun.cn/xinwen/szyw/guoneiyw/2017/4066690.htm
2017-03-18 06:02:13 [xinjiangdj] INFO: crawling url: http://www.xjkunlun.cn/xinwen/szyw/guojiyw/2017/4066318.htm
2017-03-18 06:02:13 [xinjiangdj] INFO: crawling url: http://www.xjkunlun.cn/xinwen/szyw/guojiyw/2017/4066317.htm
2017-03-18 06:02:14 [xinjiangdj] INFO: crawling url: http://www.xjkunlun.cn/xinwen/szyw/guojiyw/2017/4066316.htm
2017-03-18 06:02:14 [xinjiangdj] INFO: crawling url: http://www.xjkunlun.cn/xinwen/szyw/guojiyw/2017/4066314.htm
2017-03-18 06:02:14 [xinjiangdj] INFO: crawling url: http://www.xjkunlun.cn/xinwen/szyw/guojiyw/2017/4066315.htm
2017-03-18 06:02:14 [xinjiangdj] INFO: crawling url: http://www.xjkunlun.cn/xinwen/szyw/guojiyw/2017/4066313.htm
2017-03-18 06:02:14 [xinjiangdj] INFO: crawling url: http://www.xjkunlun.cn/xinwen/szyw/guojiyw/2017/4066310.htm
2017-03-18 06:02:14 [xinjiangdj] INFO: crawling url: http://www.xjkunlun.cn/xinwen/szyw/guojiyw/2017/4066309.htm
2017-03-18 06:02:14 [xinjiangdj] INFO: crawling url: http://www.xjkunlun.cn/xinwen/szyw/guojiyw/2017/4066308.htm
2017-03-18 06:02:14 [xinjiangdj] INFO: crawling url: http://www.xjkunlun.cn/xinwen/szyw/guojiyw/2017/4066304.htm
2017-03-18 06:02:15 [xinjiangdj] INFO: crawling url: http://www.xjkunlun.cn/xinwen/szyw/guojiyw/2017/4066305.htm
2017-03-18 06:02:15 [xinjiangdj] INFO: crawling url: http://www.xjkunlun.cn/xinwen/szyw/guojiyw/2017/4066306.htm
2017-03-18 06:02:15 [xinjiangdj] INFO: crawling url: http://www.xjkunlun.cn/xinwen/szyw/guojiyw/2017/4066302.htm
2017-03-18 06:02:15 [xinjiangdj] INFO: crawling url: http://www.xjkunlun.cn/xinwen/szyw/guojiyw/2017/4066303.htm
2017-03-18 06:02:15 [xinjiangdj] INFO: crawling url: http://www.xjkunlun.cn/xinwen/szyw/guoneiyw/2017/4066622.htm
2017-03-18 06:02:15 [xinjiangdj] INFO: crawling url: http://www.xjkunlun.cn/xinwen/szyw/guoneiyw/2017/4066623.htm
2017-03-18 06:02:15 [xinjiangdj] INFO: crawling url: http://www.xjkunlun.cn/xinwen/szyw/guoneiyw/2017/4066624.htm
2017-03-18 06:02:16 [xinjiangdj] INFO: crawling url: http://www.xjkunlun.cn/xinwen/szyw/guoneiyw/2017/4066626.htm
2017-03-18 06:02:16 [xinjiangdj] INFO: crawling url: http://www.xjkunlun.cn/xinwen/szyw/guoneiyw/2017/4066625.htm
2017-03-18 06:02:16 [xinjiangdj] INFO: crawling url: http://www.xjkunlun.cn/xinwen/szyw/guoneiyw/2017/4066627.htm
2017-03-18 06:02:16 [xinjiangdj] INFO: crawling url: http://www.xjkunlun.cn/xinwen/szyw/guoneiyw/2017/4066628.htm
2017-03-18 06:02:16 [xinjiangdj] INFO: crawling url: http://www.xjkunlun.cn/xinwen/szyw/guoneiyw/2017/4066629.htm
2017-03-18 06:02:16 [xinjiangdj] INFO: crawling url: http://www.xjkunlun.cn/xinwen/szyw/guoneiyw/2017/4066630.htm
2017-03-18 06:02:16 [xinjiangdj] INFO: crawling url: http://www.xjkunlun.cn/xinwen/szyw/guoneiyw/2017/4066631.htm
2017-03-18 06:02:16 [xinjiangdj] INFO: crawling url: http://www.xjkunlun.cn/xinwen/szyw/guoneiyw/2017/4066607.htm
2017-03-18 06:02:17 [xinjiangdj] INFO: crawling url: http://www.xjkunlun.cn/xinwen/szyw/guoneiyw/2017/4066610.htm
2017-03-18 06:02:17 [scrapy.core.engine] INFO: Closing spider (finished)
2017-03-18 06:02:17 [scrapy.statscollectors] INFO: Dumping Scrapy stats:
{'downloader/request_bytes': 82674,
 'downloader/request_count': 226,
 'downloader/request_method_count/GET': 226,
 'downloader/response_bytes': 9320864,
 'downloader/response_count': 226,
 'downloader/response_status_count/200': 224,
 'downloader/response_status_count/404': 2,
 'finish_reason': 'finished',
 'finish_time': datetime.datetime(2017, 3, 17, 22, 2, 17, 35252),
 'item_scraped_count': 118,
 'log_count/INFO': 128,
 'log_count/WARNING': 3,
 'request_depth_max': 6,
 'response_received_count': 226,
 'scheduler/dequeued/redis': 226,
 'scheduler/enqueued/redis': 122,
 'start_time': datetime.datetime(2017, 3, 17, 22, 1, 33, 553419)}
2017-03-18 06:02:17 [scrapy.core.engine] INFO: Spider closed (finished)
